{"C:\\Users\\MoonT\\ydjs\\frontend\\vue.config.js": {"path":"C:\\Users\\MoonT\\ydjs\\frontend\\vue.config.js","all":true,"statementMap":{"0":{"start":{"line":1,"column":0},"end":{"line":1,"column":18}},"1":{"start":{"line":2,"column":0},"end":{"line":2,"column":14}},"2":{"start":{"line":3,"column":0},"end":{"line":3,"column":20}},"3":{"start":{"line":4,"column":0},"end":{"line":4,"column":15}},"4":{"start":{"line":5,"column":0},"end":{"line":5,"column":4}},"5":{"start":{"line":6,"column":0},"end":{"line":6,"column":1}}},"s":{"0":0,"1":0,"2":0,"3":0,"4":0,"5":0},"branchMap":{"0":{"type":"branch","line":1,"loc":{"start":{"line":1,"column":82},"end":{"line":6,"column":1}},"locations":[{"start":{"line":1,"column":82},"end":{"line":6,"column":1}}]}},"b":{"0":[0]},"fnMap":{"0":{"name":"(empty-report)","decl":{"start":{"line":1,"column":82},"end":{"line":6,"column":1}},"loc":{"start":{"line":1,"column":82},"end":{"line":6,"column":1}},"line":1}},"f":{"0":0}}
,"C:\\Users\\MoonT\\ydjs\\frontend\\src\\App.vue": {"path":"C:\\Users\\MoonT\\ydjs\\frontend\\src\\App.vue","all":true,"statementMap":{"0":{"start":{"line":1,"column":0},"end":{"line":1,"column":12}},"1":{"start":{"line":2,"column":0},"end":{"line":2,"column":29}},"2":{"start":{"line":3,"column":0},"end":{"line":3,"column":35}},"3":{"start":{"line":4,"column":0},"end":{"line":4,"column":23}},"4":{"start":{"line":5,"column":0},"end":{"line":5,"column":13}},"6":{"start":{"line":7,"column":0},"end":{"line":7,"column":13}},"7":{"start":{"line":8,"column":0},"end":{"line":8,"column":239}},"8":{"start":{"line":9,"column":0},"end":{"line":9,"column":23}},"9":{"start":{"line":10,"column":0},"end":{"line":10,"column":110}},"10":{"start":{"line":11,"column":0},"end":{"line":11,"column":112}},"11":{"start":{"line":12,"column":0},"end":{"line":12,"column":29}},"12":{"start":{"line":13,"column":0},"end":{"line":13,"column":60}},"13":{"start":{"line":14,"column":0},"end":{"line":14,"column":16}},"14":{"start":{"line":15,"column":0},"end":{"line":15,"column":25}},"15":{"start":{"line":16,"column":0},"end":{"line":16,"column":22}},"17":{"start":{"line":18,"column":0},"end":{"line":18,"column":99}},"18":{"start":{"line":19,"column":0},"end":{"line":19,"column":41}},"19":{"start":{"line":20,"column":0},"end":{"line":20,"column":112}},"20":{"start":{"line":21,"column":0},"end":{"line":21,"column":29}},"21":{"start":{"line":22,"column":0},"end":{"line":22,"column":60}},"22":{"start":{"line":23,"column":0},"end":{"line":23,"column":16}},"23":{"start":{"line":24,"column":0},"end":{"line":24,"column":25}},"24":{"start":{"line":25,"column":0},"end":{"line":25,"column":22}},"26":{"start":{"line":27,"column":0},"end":{"line":27,"column":93}},"27":{"start":{"line":28,"column":0},"end":{"line":28,"column":42}},"28":{"start":{"line":29,"column":0},"end":{"line":29,"column":112}},"29":{"start":{"line":30,"column":0},"end":{"line":30,"column":29}},"30":{"start":{"line":31,"column":0},"end":{"line":31,"column":17}},"31":{"start":{"line":32,"column":0},"end":{"line":32,"column":140}},"32":{"start":{"line":33,"column":0},"end":{"line":33,"column":16}},"33":{"start":{"line":34,"column":0},"end":{"line":34,"column":25}},"34":{"start":{"line":35,"column":0},"end":{"line":35,"column":22}},"36":{"start":{"line":37,"column":0},"end":{"line":37,"column":91}},"37":{"start":{"line":38,"column":0},"end":{"line":38,"column":41}},"38":{"start":{"line":39,"column":0},"end":{"line":39,"column":112}},"39":{"start":{"line":40,"column":0},"end":{"line":40,"column":29}},"40":{"start":{"line":41,"column":0},"end":{"line":41,"column":17}},"41":{"start":{"line":42,"column":0},"end":{"line":42,"column":130}},"42":{"start":{"line":43,"column":0},"end":{"line":43,"column":16}},"43":{"start":{"line":44,"column":0},"end":{"line":44,"column":24}},"44":{"start":{"line":45,"column":0},"end":{"line":45,"column":22}},"45":{"start":{"line":46,"column":0},"end":{"line":46,"column":15}},"46":{"start":{"line":47,"column":0},"end":{"line":47,"column":10}},"50":{"start":{"line":51,"column":0},"end":{"line":51,"column":32}},"51":{"start":{"line":52,"column":0},"end":{"line":52,"column":37}},"53":{"start":{"line":54,"column":0},"end":{"line":54,"column":24}},"54":{"start":{"line":55,"column":0},"end":{"line":55,"column":29}},"56":{"start":{"line":57,"column":0},"end":{"line":57,"column":22}},"57":{"start":{"line":58,"column":0},"end":{"line":58,"column":43}},"58":{"start":{"line":59,"column":0},"end":{"line":59,"column":16}},"59":{"start":{"line":60,"column":0},"end":{"line":60,"column":26}},"60":{"start":{"line":61,"column":0},"end":{"line":61,"column":28}},"61":{"start":{"line":62,"column":0},"end":{"line":62,"column":26}},"62":{"start":{"line":63,"column":0},"end":{"line":63,"column":3}},"63":{"start":{"line":64,"column":0},"end":{"line":64,"column":46}},"64":{"start":{"line":65,"column":0},"end":{"line":65,"column":2}}},"s":{"0":0,"1":0,"2":0,"3":0,"4":0,"6":0,"7":0,"8":0,"9":0,"10":0,"11":0,"12":0,"13":0,"14":0,"15":0,"17":0,"18":0,"19":0,"20":0,"21":0,"22":0,"23":0,"24":0,"26":0,"27":0,"28":0,"29":0,"30":0,"31":0,"32":0,"33":0,"34":0,"36":0,"37":0,"38":0,"39":0,"40":0,"41":0,"42":0,"43":0,"44":0,"45":0,"46":0,"50":0,"51":0,"53":0,"54":0,"56":0,"57":0,"58":0,"59":0,"60":0,"61":0,"62":0,"63":0,"64":0},"branchMap":{"0":{"type":"branch","line":1,"loc":{"start":{"line":1,"column":0},"end":{"line":116,"column":-2594}},"locations":[{"start":{"line":1,"column":0},"end":{"line":116,"column":-2594}}]}},"b":{"0":[0]},"fnMap":{"0":{"name":"(empty-report)","decl":{"start":{"line":1,"column":0},"end":{"line":116,"column":-2594}},"loc":{"start":{"line":1,"column":0},"end":{"line":116,"column":-2594}},"line":1}},"f":{"0":0}}
,"C:\\Users\\MoonT\\ydjs\\frontend\\src\\main.ts": {"path":"C:\\Users\\MoonT\\ydjs\\frontend\\src\\main.ts","all":true,"statementMap":{"0":{"start":{"line":1,"column":0},"end":{"line":1,"column":31}},"1":{"start":{"line":2,"column":0},"end":{"line":2,"column":35}},"2":{"start":{"line":3,"column":0},"end":{"line":3,"column":27}},"3":{"start":{"line":4,"column":0},"end":{"line":4,"column":29}},"4":{"start":{"line":5,"column":0},"end":{"line":5,"column":20}},"6":{"start":{"line":7,"column":0},"end":{"line":7,"column":26}},"7":{"start":{"line":8,"column":0},"end":{"line":8,"column":22}},"8":{"start":{"line":9,"column":0},"end":{"line":9,"column":15}},"9":{"start":{"line":10,"column":0},"end":{"line":10,"column":17}},"11":{"start":{"line":12,"column":0},"end":{"line":12,"column":39}},"12":{"start":{"line":13,"column":0},"end":{"line":13,"column":47}},"13":{"start":{"line":14,"column":0},"end":{"line":14,"column":43}},"14":{"start":{"line":15,"column":0},"end":{"line":15,"column":62}},"16":{"start":{"line":17,"column":0},"end":{"line":17,"column":33}},"17":{"start":{"line":18,"column":0},"end":{"line":18,"column":27}},"18":{"start":{"line":19,"column":0},"end":{"line":19,"column":10}},"19":{"start":{"line":20,"column":0},"end":{"line":20,"column":10}},"20":{"start":{"line":21,"column":0},"end":{"line":21,"column":3}},"21":{"start":{"line":22,"column":0},"end":{"line":22,"column":2}}},"s":{"0":0,"1":0,"2":0,"3":0,"4":0,"6":0,"7":0,"8":0,"9":0,"11":0,"12":0,"13":0,"14":0,"16":0,"17":0,"18":0,"19":0,"20":0,"21":0},"branchMap":{"0":{"type":"branch","line":1,"loc":{"start":{"line":1,"column":0},"end":{"line":22,"column":-347}},"locations":[{"start":{"line":1,"column":0},"end":{"line":22,"column":-347}}]}},"b":{"0":[0]},"fnMap":{"0":{"name":"(empty-report)","decl":{"start":{"line":1,"column":0},"end":{"line":22,"column":-347}},"loc":{"start":{"line":1,"column":0},"end":{"line":22,"column":-347}},"line":1}},"f":{"0":0}}
,"C:\\Users\\MoonT\\ydjs\\frontend\\src\\api\\hall.ts": {"path":"C:\\Users\\MoonT\\ydjs\\frontend\\src\\api\\hall.ts","all":true,"statementMap":{"0":{"start":{"line":1,"column":0},"end":{"line":1,"column":29}},"12":{"start":{"line":13,"column":0},"end":{"line":13,"column":85}},"13":{"start":{"line":14,"column":0},"end":{"line":14,"column":92}},"14":{"start":{"line":15,"column":0},"end":{"line":15,"column":1}}},"s":{"0":0,"12":0,"13":0,"14":0},"branchMap":{"0":{"type":"branch","line":1,"loc":{"start":{"line":1,"column":404},"end":{"line":15,"column":1}},"locations":[{"start":{"line":1,"column":404},"end":{"line":15,"column":1}}]}},"b":{"0":[0]},"fnMap":{"0":{"name":"(empty-report)","decl":{"start":{"line":1,"column":404},"end":{"line":15,"column":1}},"loc":{"start":{"line":1,"column":404},"end":{"line":15,"column":1}},"line":1}},"f":{"0":0}}
,"C:\\Users\\MoonT\\ydjs\\frontend\\src\\api\\home.ts": {"path":"C:\\Users\\MoonT\\ydjs\\frontend\\src\\api\\home.ts","all":false,"statementMap":{"0":{"start":{"line":1,"column":0},"end":{"line":1,"column":29}},"17":{"start":{"line":18,"column":0},"end":{"line":18,"column":85}},"18":{"start":{"line":19,"column":0},"end":{"line":19,"column":91}},"19":{"start":{"line":20,"column":0},"end":{"line":20,"column":1}},"27":{"start":{"line":28,"column":0},"end":{"line":28,"column":42}},"30":{"start":{"line":31,"column":0},"end":{"line":31,"column":44}},"31":{"start":{"line":32,"column":0},"end":{"line":32,"column":13}},"32":{"start":{"line":33,"column":0},"end":{"line":33,"column":38}},"33":{"start":{"line":34,"column":0},"end":{"line":34,"column":64}},"34":{"start":{"line":35,"column":0},"end":{"line":35,"column":1}}},"s":{"0":1,"17":1,"18":4,"19":4,"27":1,"30":0,"31":0,"32":0,"33":0,"34":0},"branchMap":{"0":{"type":"branch","line":18,"loc":{"start":{"line":18,"column":27},"end":{"line":20,"column":1}},"locations":[{"start":{"line":18,"column":27},"end":{"line":20,"column":1}}]},"1":{"type":"branch","line":19,"loc":{"start":{"line":19,"column":45},"end":{"line":19,"column":90}},"locations":[{"start":{"line":19,"column":45},"end":{"line":19,"column":90}}]}},"b":{"0":[4],"1":[4]},"fnMap":{"0":{"name":"getPostList","decl":{"start":{"line":18,"column":27},"end":{"line":20,"column":1}},"loc":{"start":{"line":18,"column":27},"end":{"line":20,"column":1}},"line":18},"1":{"name":"getAnnouncements","decl":{"start":{"line":28,"column":32},"end":{"line":35,"column":1}},"loc":{"start":{"line":28,"column":32},"end":{"line":35,"column":1}},"line":28}},"f":{"0":4,"1":0}}
,"C:\\Users\\MoonT\\ydjs\\frontend\\src\\api\\http.ts": {"path":"C:\\Users\\MoonT\\ydjs\\frontend\\src\\api\\http.ts","all":false,"statementMap":{"0":{"start":{"line":1,"column":0},"end":{"line":1,"column":25}},"2":{"start":{"line":3,"column":0},"end":{"line":3,"column":34}},"3":{"start":{"line":4,"column":0},"end":{"line":4,"column":39}},"4":{"start":{"line":5,"column":0},"end":{"line":5,"column":17}},"5":{"start":{"line":6,"column":0},"end":{"line":6,"column":12}},"6":{"start":{"line":7,"column":0},"end":{"line":7,"column":39}},"7":{"start":{"line":8,"column":0},"end":{"line":8,"column":4}},"8":{"start":{"line":9,"column":0},"end":{"line":9,"column":2}},"10":{"start":{"line":11,"column":0},"end":{"line":11,"column":43}},"11":{"start":{"line":12,"column":0},"end":{"line":12,"column":68}},"12":{"start":{"line":13,"column":0},"end":{"line":13,"column":47}},"13":{"start":{"line":14,"column":0},"end":{"line":14,"column":33}},"14":{"start":{"line":15,"column":0},"end":{"line":15,"column":40}},"15":{"start":{"line":16,"column":0},"end":{"line":16,"column":3}},"16":{"start":{"line":17,"column":0},"end":{"line":17,"column":15}},"17":{"start":{"line":18,"column":0},"end":{"line":18,"column":2}},"19":{"start":{"line":20,"column":0},"end":{"line":20,"column":31}},"20":{"start":{"line":21,"column":0},"end":{"line":21,"column":17}},"21":{"start":{"line":22,"column":0},"end":{"line":22,"column":66}},"22":{"start":{"line":23,"column":0},"end":{"line":23,"column":30}},"23":{"start":{"line":24,"column":0},"end":{"line":24,"column":47}},"24":{"start":{"line":25,"column":0},"end":{"line":25,"column":62}},"25":{"start":{"line":26,"column":0},"end":{"line":26,"column":5}},"26":{"start":{"line":27,"column":0},"end":{"line":27,"column":28}},"27":{"start":{"line":28,"column":0},"end":{"line":28,"column":4}},"28":{"start":{"line":29,"column":0},"end":{"line":29,"column":14}},"29":{"start":{"line":30,"column":0},"end":{"line":30,"column":62}},"31":{"start":{"line":32,"column":0},"end":{"line":32,"column":39}},"32":{"start":{"line":33,"column":0},"end":{"line":33,"column":40}},"33":{"start":{"line":34,"column":0},"end":{"line":34,"column":52}},"34":{"start":{"line":35,"column":0},"end":{"line":35,"column":38}},"35":{"start":{"line":36,"column":0},"end":{"line":36,"column":5}},"36":{"start":{"line":37,"column":0},"end":{"line":37,"column":32}},"37":{"start":{"line":38,"column":0},"end":{"line":38,"column":3}},"38":{"start":{"line":39,"column":0},"end":{"line":39,"column":1}},"40":{"start":{"line":41,"column":0},"end":{"line":41,"column":47}},"41":{"start":{"line":42,"column":0},"end":{"line":42,"column":21}},"43":{"start":{"line":44,"column":0},"end":{"line":44,"column":31}},"44":{"start":{"line":45,"column":0},"end":{"line":45,"column":12}},"45":{"start":{"line":46,"column":0},"end":{"line":46,"column":16}},"46":{"start":{"line":47,"column":0},"end":{"line":47,"column":21}},"47":{"start":{"line":48,"column":0},"end":{"line":48,"column":16}},"48":{"start":{"line":49,"column":0},"end":{"line":49,"column":25}},"49":{"start":{"line":50,"column":0},"end":{"line":50,"column":20}},"50":{"start":{"line":51,"column":0},"end":{"line":51,"column":36}},"51":{"start":{"line":52,"column":0},"end":{"line":52,"column":38}},"52":{"start":{"line":53,"column":0},"end":{"line":53,"column":29}},"53":{"start":{"line":54,"column":0},"end":{"line":54,"column":51}},"54":{"start":{"line":55,"column":0},"end":{"line":55,"column":33}},"55":{"start":{"line":56,"column":0},"end":{"line":56,"column":56}},"56":{"start":{"line":57,"column":0},"end":{"line":57,"column":50}},"57":{"start":{"line":58,"column":0},"end":{"line":58,"column":49}},"58":{"start":{"line":59,"column":0},"end":{"line":59,"column":49}},"59":{"start":{"line":60,"column":0},"end":{"line":60,"column":25}},"60":{"start":{"line":61,"column":0},"end":{"line":61,"column":26}},"61":{"start":{"line":62,"column":0},"end":{"line":62,"column":12}},"62":{"start":{"line":63,"column":0},"end":{"line":63,"column":5}},"63":{"start":{"line":64,"column":0},"end":{"line":64,"column":3}},"65":{"start":{"line":66,"column":0},"end":{"line":66,"column":39}},"66":{"start":{"line":67,"column":0},"end":{"line":67,"column":12}},"67":{"start":{"line":68,"column":0},"end":{"line":68,"column":15}},"68":{"start":{"line":69,"column":0},"end":{"line":69,"column":21}},"69":{"start":{"line":70,"column":0},"end":{"line":70,"column":16}},"70":{"start":{"line":71,"column":0},"end":{"line":71,"column":25}},"71":{"start":{"line":72,"column":0},"end":{"line":72,"column":20}},"72":{"start":{"line":73,"column":0},"end":{"line":73,"column":36}},"73":{"start":{"line":74,"column":0},"end":{"line":74,"column":36}},"74":{"start":{"line":75,"column":0},"end":{"line":75,"column":12}},"75":{"start":{"line":76,"column":0},"end":{"line":76,"column":5}},"76":{"start":{"line":77,"column":0},"end":{"line":77,"column":3}},"78":{"start":{"line":79,"column":0},"end":{"line":79,"column":34}},"79":{"start":{"line":80,"column":0},"end":{"line":80,"column":12}},"80":{"start":{"line":81,"column":0},"end":{"line":81,"column":55}},"81":{"start":{"line":82,"column":0},"end":{"line":82,"column":14}},"82":{"start":{"line":83,"column":0},"end":{"line":83,"column":9}},"83":{"start":{"line":84,"column":0},"end":{"line":84,"column":21}},"84":{"start":{"line":85,"column":0},"end":{"line":85,"column":19}},"85":{"start":{"line":86,"column":0},"end":{"line":86,"column":41}},"86":{"start":{"line":87,"column":0},"end":{"line":87,"column":41}},"87":{"start":{"line":88,"column":0},"end":{"line":88,"column":12}},"88":{"start":{"line":89,"column":0},"end":{"line":89,"column":10}},"89":{"start":{"line":90,"column":0},"end":{"line":90,"column":63}},"90":{"start":{"line":91,"column":0},"end":{"line":91,"column":35}},"91":{"start":{"line":92,"column":0},"end":{"line":92,"column":8}},"92":{"start":{"line":93,"column":0},"end":{"line":93,"column":5}},"93":{"start":{"line":94,"column":0},"end":{"line":94,"column":3}},"95":{"start":{"line":96,"column":0},"end":{"line":96,"column":31}},"96":{"start":{"line":97,"column":0},"end":{"line":97,"column":12}},"97":{"start":{"line":98,"column":0},"end":{"line":98,"column":21}},"98":{"start":{"line":99,"column":0},"end":{"line":99,"column":16}},"99":{"start":{"line":100,"column":0},"end":{"line":100,"column":25}},"100":{"start":{"line":101,"column":0},"end":{"line":101,"column":20}},"101":{"start":{"line":102,"column":0},"end":{"line":102,"column":35}},"102":{"start":{"line":103,"column":0},"end":{"line":103,"column":58}},"103":{"start":{"line":104,"column":0},"end":{"line":104,"column":52}},"104":{"start":{"line":105,"column":0},"end":{"line":105,"column":12}},"105":{"start":{"line":106,"column":0},"end":{"line":106,"column":5}},"106":{"start":{"line":107,"column":0},"end":{"line":107,"column":3}},"108":{"start":{"line":109,"column":0},"end":{"line":109,"column":38}},"109":{"start":{"line":110,"column":0},"end":{"line":110,"column":12}},"110":{"start":{"line":111,"column":0},"end":{"line":111,"column":22}},"111":{"start":{"line":112,"column":0},"end":{"line":112,"column":24}},"112":{"start":{"line":113,"column":0},"end":{"line":113,"column":20}},"113":{"start":{"line":114,"column":0},"end":{"line":114,"column":21}},"114":{"start":{"line":115,"column":0},"end":{"line":115,"column":23}},"115":{"start":{"line":116,"column":0},"end":{"line":116,"column":5}},"116":{"start":{"line":117,"column":0},"end":{"line":117,"column":3}},"118":{"start":{"line":119,"column":0},"end":{"line":119,"column":36}},"119":{"start":{"line":120,"column":0},"end":{"line":120,"column":12}},"120":{"start":{"line":121,"column":0},"end":{"line":121,"column":12}},"121":{"start":{"line":122,"column":0},"end":{"line":122,"column":22}},"122":{"start":{"line":123,"column":0},"end":{"line":123,"column":23}},"123":{"start":{"line":124,"column":0},"end":{"line":124,"column":32}},"124":{"start":{"line":125,"column":0},"end":{"line":125,"column":42}},"125":{"start":{"line":126,"column":0},"end":{"line":126,"column":42}},"126":{"start":{"line":127,"column":0},"end":{"line":127,"column":5}},"127":{"start":{"line":128,"column":0},"end":{"line":128,"column":3}},"129":{"start":{"line":130,"column":0},"end":{"line":130,"column":33}},"130":{"start":{"line":131,"column":0},"end":{"line":131,"column":12}},"131":{"start":{"line":132,"column":0},"end":{"line":132,"column":7}},"132":{"start":{"line":133,"column":0},"end":{"line":133,"column":14}},"133":{"start":{"line":134,"column":0},"end":{"line":134,"column":20}},"134":{"start":{"line":135,"column":0},"end":{"line":135,"column":42}},"135":{"start":{"line":136,"column":0},"end":{"line":136,"column":21}},"136":{"start":{"line":137,"column":0},"end":{"line":137,"column":21}},"137":{"start":{"line":138,"column":0},"end":{"line":138,"column":44}},"138":{"start":{"line":139,"column":0},"end":{"line":139,"column":44}},"139":{"start":{"line":140,"column":0},"end":{"line":140,"column":8}},"140":{"start":{"line":141,"column":0},"end":{"line":141,"column":7}},"141":{"start":{"line":142,"column":0},"end":{"line":142,"column":14}},"142":{"start":{"line":143,"column":0},"end":{"line":143,"column":20}},"143":{"start":{"line":144,"column":0},"end":{"line":144,"column":33}},"144":{"start":{"line":145,"column":0},"end":{"line":145,"column":21}},"145":{"start":{"line":146,"column":0},"end":{"line":146,"column":21}},"146":{"start":{"line":147,"column":0},"end":{"line":147,"column":44}},"147":{"start":{"line":148,"column":0},"end":{"line":148,"column":44}},"148":{"start":{"line":149,"column":0},"end":{"line":149,"column":8}},"149":{"start":{"line":150,"column":0},"end":{"line":150,"column":5}},"150":{"start":{"line":151,"column":0},"end":{"line":151,"column":3}},"152":{"start":{"line":153,"column":0},"end":{"line":153,"column":11}},"153":{"start":{"line":154,"column":0},"end":{"line":154,"column":1}}},"s":{"0":1,"2":1,"3":1,"4":1,"5":1,"6":1,"7":1,"8":1,"10":1,"11":5,"12":5,"13":5,"14":0,"15":0,"16":5,"17":5,"19":1,"20":1,"21":0,"22":0,"23":0,"24":0,"25":0,"26":0,"27":0,"28":1,"29":5,"31":5,"32":5,"33":5,"34":5,"35":5,"36":0,"37":5,"38":1,"40":5,"41":5,"43":5,"44":4,"45":4,"46":4,"47":4,"48":4,"49":20,"50":20,"51":20,"52":20,"53":20,"54":20,"55":20,"56":20,"57":20,"58":20,"59":20,"60":20,"61":4,"62":4,"63":4,"65":1,"66":0,"67":0,"68":0,"69":0,"70":0,"71":0,"72":0,"73":0,"74":0,"75":0,"76":0,"78":1,"79":0,"80":0,"81":0,"82":0,"83":0,"84":0,"85":0,"86":0,"87":0,"88":0,"89":0,"90":0,"91":0,"92":0,"93":0,"95":1,"96":0,"97":0,"98":0,"99":0,"100":0,"101":0,"102":0,"103":0,"104":0,"105":0,"106":0,"108":1,"109":0,"110":0,"111":0,"112":0,"113":0,"114":0,"115":0,"116":0,"118":1,"119":0,"120":0,"121":0,"122":0,"123":0,"124":0,"125":0,"126":0,"127":0,"129":1,"130":0,"131":0,"132":0,"133":0,"134":0,"135":0,"136":0,"137":0,"138":0,"139":0,"140":0,"141":0,"142":0,"143":0,"144":0,"145":0,"146":0,"147":0,"148":0,"149":0,"150":0,"152":1,"153":1},"branchMap":{"0":{"type":"branch","line":11,"loc":{"start":{"line":11,"column":30},"end":{"line":18,"column":2}},"locations":[{"start":{"line":11,"column":30},"end":{"line":18,"column":2}}]},"1":{"type":"branch","line":14,"loc":{"start":{"line":14,"column":6},"end":{"line":14,"column":32}},"locations":[{"start":{"line":14,"column":6},"end":{"line":14,"column":32}}]},"2":{"type":"branch","line":14,"loc":{"start":{"line":14,"column":32},"end":{"line":16,"column":3}},"locations":[{"start":{"line":14,"column":32},"end":{"line":16,"column":3}}]},"3":{"type":"branch","line":29,"loc":{"start":{"line":29,"column":2},"end":{"line":38,"column":3}},"locations":[{"start":{"line":29,"column":2},"end":{"line":38,"column":3}}]},"4":{"type":"branch","line":36,"loc":{"start":{"line":36,"column":4},"end":{"line":37,"column":32}},"locations":[{"start":{"line":36,"column":4},"end":{"line":37,"column":32}}]},"5":{"type":"branch","line":41,"loc":{"start":{"line":41,"column":0},"end":{"line":154,"column":1}},"locations":[{"start":{"line":41,"column":0},"end":{"line":154,"column":1}}]},"6":{"type":"branch","line":42,"loc":{"start":{"line":42,"column":12},"end":{"line":42,"column":21}},"locations":[{"start":{"line":42,"column":12},"end":{"line":42,"column":21}}]},"7":{"type":"branch","line":44,"loc":{"start":{"line":44,"column":30},"end":{"line":64,"column":3}},"locations":[{"start":{"line":44,"column":30},"end":{"line":64,"column":3}}]},"8":{"type":"branch","line":64,"loc":{"start":{"line":64,"column":2},"end":{"line":154,"column":1}},"locations":[{"start":{"line":64,"column":2},"end":{"line":154,"column":1}}]},"9":{"type":"branch","line":66,"loc":{"start":{"line":66,"column":38},"end":{"line":77,"column":3}},"locations":[{"start":{"line":66,"column":38},"end":{"line":77,"column":3}}]},"10":{"type":"branch","line":79,"loc":{"start":{"line":79,"column":33},"end":{"line":94,"column":3}},"locations":[{"start":{"line":79,"column":33},"end":{"line":94,"column":3}}]},"11":{"type":"branch","line":96,"loc":{"start":{"line":96,"column":30},"end":{"line":107,"column":3}},"locations":[{"start":{"line":96,"column":30},"end":{"line":107,"column":3}}]},"12":{"type":"branch","line":109,"loc":{"start":{"line":109,"column":37},"end":{"line":117,"column":3}},"locations":[{"start":{"line":109,"column":37},"end":{"line":117,"column":3}}]},"13":{"type":"branch","line":119,"loc":{"start":{"line":119,"column":35},"end":{"line":128,"column":3}},"locations":[{"start":{"line":119,"column":35},"end":{"line":128,"column":3}}]},"14":{"type":"branch","line":130,"loc":{"start":{"line":130,"column":32},"end":{"line":151,"column":3}},"locations":[{"start":{"line":130,"column":32},"end":{"line":151,"column":3}}]},"15":{"type":"branch","line":49,"loc":{"start":{"line":49,"column":13},"end":{"line":62,"column":10}},"locations":[{"start":{"line":49,"column":13},"end":{"line":62,"column":10}}]}},"b":{"0":[5],"1":[0],"2":[0],"3":[5],"4":[0],"5":[5],"6":[0],"7":[4],"8":[1],"9":[0],"10":[0],"11":[0],"12":[0],"13":[0],"14":[0],"15":[20]},"fnMap":{"0":{"name":"getMockData","decl":{"start":{"line":41,"column":0},"end":{"line":154,"column":1}},"loc":{"start":{"line":41,"column":0},"end":{"line":154,"column":1}},"line":41}},"f":{"0":5}}
,"C:\\Users\\MoonT\\ydjs\\frontend\\src\\api\\message.ts": {"path":"C:\\Users\\MoonT\\ydjs\\frontend\\src\\api\\message.ts","all":false,"statementMap":{"0":{"start":{"line":1,"column":0},"end":{"line":1,"column":29}},"18":{"start":{"line":19,"column":0},"end":{"line":19,"column":74}},"19":{"start":{"line":20,"column":0},"end":{"line":20,"column":61}},"20":{"start":{"line":21,"column":0},"end":{"line":21,"column":1}},"22":{"start":{"line":23,"column":0},"end":{"line":23,"column":54}},"23":{"start":{"line":24,"column":0},"end":{"line":24,"column":73}},"24":{"start":{"line":25,"column":0},"end":{"line":25,"column":1}}},"s":{"0":1,"18":1,"19":1,"20":1,"22":1,"23":0,"24":0},"branchMap":{"0":{"type":"branch","line":19,"loc":{"start":{"line":19,"column":27},"end":{"line":21,"column":1}},"locations":[{"start":{"line":19,"column":27},"end":{"line":21,"column":1}}]},"1":{"type":"branch","line":20,"loc":{"start":{"line":20,"column":45},"end":{"line":20,"column":60}},"locations":[{"start":{"line":20,"column":45},"end":{"line":20,"column":60}}]}},"b":{"0":[1],"1":[1]},"fnMap":{"0":{"name":"sendMessage","decl":{"start":{"line":19,"column":27},"end":{"line":21,"column":1}},"loc":{"start":{"line":19,"column":27},"end":{"line":21,"column":1}},"line":19},"1":{"name":"getMessages","decl":{"start":{"line":23,"column":27},"end":{"line":25,"column":1}},"loc":{"start":{"line":23,"column":27},"end":{"line":25,"column":1}},"line":23}},"f":{"0":1,"1":0}}
,"C:\\Users\\MoonT\\ydjs\\frontend\\src\\api\\profile.ts": {"path":"C:\\Users\\MoonT\\ydjs\\frontend\\src\\api\\profile.ts","all":true,"statementMap":{"0":{"start":{"line":1,"column":0},"end":{"line":1,"column":29}},"2":{"start":{"line":3,"column":0},"end":{"line":3,"column":40}},"8":{"start":{"line":9,"column":0},"end":{"line":9,"column":7}},"9":{"start":{"line":10,"column":0},"end":{"line":10,"column":40}},"10":{"start":{"line":11,"column":0},"end":{"line":11,"column":12}},"11":{"start":{"line":12,"column":0},"end":{"line":12,"column":25}},"18":{"start":{"line":19,"column":0},"end":{"line":19,"column":3}},"19":{"start":{"line":20,"column":0},"end":{"line":20,"column":1}},"21":{"start":{"line":22,"column":0},"end":{"line":22,"column":41}},"25":{"start":{"line":26,"column":0},"end":{"line":26,"column":21}},"26":{"start":{"line":27,"column":0},"end":{"line":27,"column":62}},"27":{"start":{"line":28,"column":0},"end":{"line":28,"column":1}}},"s":{"0":0,"2":0,"8":0,"9":0,"10":0,"11":0,"18":0,"19":0,"21":0,"25":0,"26":0,"27":0},"branchMap":{"0":{"type":"branch","line":1,"loc":{"start":{"line":1,"column":611},"end":{"line":28,"column":1}},"locations":[{"start":{"line":1,"column":611},"end":{"line":28,"column":1}}]}},"b":{"0":[0]},"fnMap":{"0":{"name":"(empty-report)","decl":{"start":{"line":1,"column":611},"end":{"line":28,"column":1}},"loc":{"start":{"line":1,"column":611},"end":{"line":28,"column":1}},"line":1}},"f":{"0":0}}
,"C:\\Users\\MoonT\\ydjs\\frontend\\src\\api\\publish.ts": {"path":"C:\\Users\\MoonT\\ydjs\\frontend\\src\\api\\publish.ts","all":true,"statementMap":{"0":{"start":{"line":1,"column":0},"end":{"line":1,"column":29}},"2":{"start":{"line":3,"column":0},"end":{"line":3,"column":37}},"6":{"start":{"line":7,"column":0},"end":{"line":7,"column":21}},"7":{"start":{"line":8,"column":0},"end":{"line":8,"column":56}},"8":{"start":{"line":9,"column":0},"end":{"line":9,"column":1}}},"s":{"0":0,"2":0,"6":0,"7":0,"8":0},"branchMap":{"0":{"type":"branch","line":1,"loc":{"start":{"line":1,"column":0},"end":{"line":9,"column":-6}},"locations":[{"start":{"line":1,"column":0},"end":{"line":9,"column":-6}}]}},"b":{"0":[0]},"fnMap":{"0":{"name":"(empty-report)","decl":{"start":{"line":1,"column":0},"end":{"line":9,"column":-6}},"loc":{"start":{"line":1,"column":0},"end":{"line":9,"column":-6}},"line":1}},"f":{"0":0}}
,"C:\\Users\\MoonT\\ydjs\\frontend\\src\\api\\request.ts": {"path":"C:\\Users\\MoonT\\ydjs\\frontend\\src\\api\\request.ts","all":true,"statementMap":{"0":{"start":{"line":1,"column":0},"end":{"line":1,"column":25}},"2":{"start":{"line":3,"column":0},"end":{"line":3,"column":44}},"3":{"start":{"line":4,"column":0},"end":{"line":4,"column":45}},"4":{"start":{"line":5,"column":0},"end":{"line":5,"column":64}},"6":{"start":{"line":7,"column":0},"end":{"line":7,"column":23}},"7":{"start":{"line":8,"column":0},"end":{"line":8,"column":16}},"8":{"start":{"line":9,"column":0},"end":{"line":9,"column":57}},"9":{"start":{"line":10,"column":0},"end":{"line":10,"column":5}},"11":{"start":{"line":12,"column":0},"end":{"line":12,"column":17}},"12":{"start":{"line":13,"column":0},"end":{"line":13,"column":42}},"13":{"start":{"line":14,"column":0},"end":{"line":14,"column":5}},"14":{"start":{"line":15,"column":0},"end":{"line":15,"column":3}},"15":{"start":{"line":16,"column":0},"end":{"line":16,"column":15}},"16":{"start":{"line":17,"column":0},"end":{"line":17,"column":2}}},"s":{"0":0,"2":0,"3":0,"4":0,"6":0,"7":0,"8":0,"9":0,"11":0,"12":0,"13":0,"14":0,"15":0,"16":0},"branchMap":{"0":{"type":"branch","line":1,"loc":{"start":{"line":1,"column":0},"end":{"line":17,"column":-41}},"locations":[{"start":{"line":1,"column":0},"end":{"line":17,"column":-41}}]}},"b":{"0":[0]},"fnMap":{"0":{"name":"(empty-report)","decl":{"start":{"line":1,"column":0},"end":{"line":17,"column":-41}},"loc":{"start":{"line":1,"column":0},"end":{"line":17,"column":-41}},"line":1}},"f":{"0":0}}
,"C:\\Users\\MoonT\\ydjs\\frontend\\src\\api\\team.ts": {"path":"C:\\Users\\MoonT\\ydjs\\frontend\\src\\api\\team.ts","all":true,"statementMap":{"0":{"start":{"line":1,"column":0},"end":{"line":1,"column":18}},"38":{"start":{"line":39,"column":0},"end":{"line":39,"column":75}},"39":{"start":{"line":40,"column":0},"end":{"line":40,"column":42}},"40":{"start":{"line":41,"column":0},"end":{"line":41,"column":1}},"43":{"start":{"line":44,"column":0},"end":{"line":44,"column":53}},"44":{"start":{"line":45,"column":0},"end":{"line":45,"column":31}},"45":{"start":{"line":46,"column":0},"end":{"line":46,"column":1}},"48":{"start":{"line":49,"column":0},"end":{"line":49,"column":63}},"49":{"start":{"line":50,"column":0},"end":{"line":50,"column":32}},"50":{"start":{"line":51,"column":0},"end":{"line":51,"column":1}},"53":{"start":{"line":54,"column":0},"end":{"line":54,"column":52}},"54":{"start":{"line":55,"column":0},"end":{"line":55,"column":29}},"55":{"start":{"line":56,"column":0},"end":{"line":56,"column":1}},"58":{"start":{"line":59,"column":0},"end":{"line":59,"column":87}},"59":{"start":{"line":60,"column":0},"end":{"line":60,"column":40}},"60":{"start":{"line":61,"column":0},"end":{"line":61,"column":1}},"63":{"start":{"line":64,"column":0},"end":{"line":64,"column":58}},"64":{"start":{"line":65,"column":0},"end":{"line":65,"column":35}},"65":{"start":{"line":66,"column":0},"end":{"line":66,"column":1}},"68":{"start":{"line":69,"column":0},"end":{"line":69,"column":66}},"69":{"start":{"line":70,"column":0},"end":{"line":70,"column":40}},"70":{"start":{"line":71,"column":0},"end":{"line":71,"column":1}},"73":{"start":{"line":74,"column":0},"end":{"line":74,"column":91}},"74":{"start":{"line":75,"column":0},"end":{"line":75,"column":49}},"75":{"start":{"line":76,"column":0},"end":{"line":76,"column":1}},"78":{"start":{"line":79,"column":0},"end":{"line":79,"column":84}},"79":{"start":{"line":80,"column":0},"end":{"line":80,"column":57}},"80":{"start":{"line":81,"column":0},"end":{"line":81,"column":1}}},"s":{"0":0,"38":0,"39":0,"40":0,"43":0,"44":0,"45":0,"48":0,"49":0,"50":0,"53":0,"54":0,"55":0,"58":0,"59":0,"60":0,"63":0,"64":0,"65":0,"68":0,"69":0,"70":0,"73":0,"74":0,"75":0,"78":0,"79":0,"80":0},"branchMap":{"0":{"type":"branch","line":1,"loc":{"start":{"line":1,"column":0},"end":{"line":81,"column":-170}},"locations":[{"start":{"line":1,"column":0},"end":{"line":81,"column":-170}}]}},"b":{"0":[0]},"fnMap":{"0":{"name":"(empty-report)","decl":{"start":{"line":1,"column":0},"end":{"line":81,"column":-170}},"loc":{"start":{"line":1,"column":0},"end":{"line":81,"column":-170}},"line":1}},"f":{"0":0}}
,"C:\\Users\\MoonT\\ydjs\\frontend\\src\\api\\user.ts": {"path":"C:\\Users\\MoonT\\ydjs\\frontend\\src\\api\\user.ts","all":false,"statementMap":{"0":{"start":{"line":1,"column":0},"end":{"line":1,"column":18}},"32":{"start":{"line":33,"column":0},"end":{"line":33,"column":71}},"33":{"start":{"line":34,"column":0},"end":{"line":34,"column":44}},"34":{"start":{"line":35,"column":0},"end":{"line":35,"column":1}},"37":{"start":{"line":38,"column":0},"end":{"line":38,"column":65}},"38":{"start":{"line":39,"column":0},"end":{"line":39,"column":41}},"39":{"start":{"line":40,"column":0},"end":{"line":40,"column":1}},"42":{"start":{"line":43,"column":0},"end":{"line":43,"column":50}},"43":{"start":{"line":44,"column":0},"end":{"line":44,"column":34}},"44":{"start":{"line":45,"column":0},"end":{"line":45,"column":1}},"47":{"start":{"line":48,"column":0},"end":{"line":48,"column":85}},"48":{"start":{"line":49,"column":0},"end":{"line":49,"column":42}},"49":{"start":{"line":50,"column":0},"end":{"line":50,"column":1}}},"s":{"0":1,"32":1,"33":0,"34":0,"37":1,"38":0,"39":0,"42":1,"43":0,"44":0,"47":1,"48":0,"49":0},"branchMap":{},"b":{},"fnMap":{"0":{"name":"register","decl":{"start":{"line":33,"column":24},"end":{"line":35,"column":1}},"loc":{"start":{"line":33,"column":24},"end":{"line":35,"column":1}},"line":33},"1":{"name":"login","decl":{"start":{"line":38,"column":21},"end":{"line":40,"column":1}},"loc":{"start":{"line":38,"column":21},"end":{"line":40,"column":1}},"line":38},"2":{"name":"getProfile","decl":{"start":{"line":43,"column":26},"end":{"line":45,"column":1}},"loc":{"start":{"line":43,"column":26},"end":{"line":45,"column":1}},"line":43},"3":{"name":"updateProfile","decl":{"start":{"line":48,"column":29},"end":{"line":50,"column":1}},"loc":{"start":{"line":48,"column":29},"end":{"line":50,"column":1}},"line":48}},"f":{"0":0,"1":0,"2":0,"3":0}}
,"C:\\Users\\MoonT\\ydjs\\frontend\\src\\router\\index.ts": {"path":"C:\\Users\\MoonT\\ydjs\\frontend\\src\\router\\index.ts","all":true,"statementMap":{"0":{"start":{"line":1,"column":0},"end":{"line":1,"column":59}},"1":{"start":{"line":2,"column":0},"end":{"line":2,"column":44}},"2":{"start":{"line":3,"column":0},"end":{"line":3,"column":50}},"3":{"start":{"line":4,"column":0},"end":{"line":4,"column":44}},"4":{"start":{"line":5,"column":0},"end":{"line":5,"column":56}},"5":{"start":{"line":6,"column":0},"end":{"line":6,"column":50}},"6":{"start":{"line":7,"column":0},"end":{"line":7,"column":56}},"7":{"start":{"line":8,"column":0},"end":{"line":8,"column":56}},"8":{"start":{"line":9,"column":0},"end":{"line":9,"column":46}},"9":{"start":{"line":10,"column":0},"end":{"line":10,"column":46}},"10":{"start":{"line":11,"column":0},"end":{"line":11,"column":52}},"11":{"start":{"line":12,"column":0},"end":{"line":12,"column":46}},"12":{"start":{"line":13,"column":0},"end":{"line":13,"column":52}},"13":{"start":{"line":14,"column":0},"end":{"line":14,"column":56}},"15":{"start":{"line":16,"column":0},"end":{"line":16,"column":29}},"16":{"start":{"line":17,"column":0},"end":{"line":17,"column":54}},"17":{"start":{"line":18,"column":0},"end":{"line":18,"column":11}},"18":{"start":{"line":19,"column":0},"end":{"line":19,"column":5}},"19":{"start":{"line":20,"column":0},"end":{"line":20,"column":16}},"20":{"start":{"line":21,"column":0},"end":{"line":21,"column":19}},"21":{"start":{"line":22,"column":0},"end":{"line":22,"column":26}},"22":{"start":{"line":23,"column":0},"end":{"line":23,"column":6}},"23":{"start":{"line":24,"column":0},"end":{"line":24,"column":5}},"24":{"start":{"line":25,"column":0},"end":{"line":25,"column":23}},"25":{"start":{"line":26,"column":0},"end":{"line":26,"column":22}},"26":{"start":{"line":27,"column":0},"end":{"line":27,"column":29}},"27":{"start":{"line":28,"column":0},"end":{"line":28,"column":6}},"28":{"start":{"line":29,"column":0},"end":{"line":29,"column":5}},"29":{"start":{"line":30,"column":0},"end":{"line":30,"column":24}},"30":{"start":{"line":31,"column":0},"end":{"line":31,"column":25}},"31":{"start":{"line":32,"column":0},"end":{"line":32,"column":32}},"32":{"start":{"line":33,"column":0},"end":{"line":33,"column":18}},"33":{"start":{"line":34,"column":0},"end":{"line":34,"column":6}},"34":{"start":{"line":35,"column":0},"end":{"line":35,"column":5}},"35":{"start":{"line":36,"column":0},"end":{"line":36,"column":29}},"36":{"start":{"line":37,"column":0},"end":{"line":37,"column":20}},"37":{"start":{"line":38,"column":0},"end":{"line":38,"column":27}},"38":{"start":{"line":39,"column":0},"end":{"line":39,"column":18}},"39":{"start":{"line":40,"column":0},"end":{"line":40,"column":6}},"40":{"start":{"line":41,"column":0},"end":{"line":41,"column":5}},"41":{"start":{"line":42,"column":0},"end":{"line":42,"column":21}},"42":{"start":{"line":43,"column":0},"end":{"line":43,"column":20}},"43":{"start":{"line":44,"column":0},"end":{"line":44,"column":27}},"44":{"start":{"line":45,"column":0},"end":{"line":45,"column":6}},"45":{"start":{"line":46,"column":0},"end":{"line":46,"column":5}},"46":{"start":{"line":47,"column":0},"end":{"line":47,"column":24}},"47":{"start":{"line":48,"column":0},"end":{"line":48,"column":23}},"48":{"start":{"line":49,"column":0},"end":{"line":49,"column":30}},"49":{"start":{"line":50,"column":0},"end":{"line":50,"column":6}},"50":{"start":{"line":51,"column":0},"end":{"line":51,"column":5}},"51":{"start":{"line":52,"column":0},"end":{"line":52,"column":20}},"52":{"start":{"line":53,"column":0},"end":{"line":53,"column":19}},"53":{"start":{"line":54,"column":0},"end":{"line":54,"column":26}},"54":{"start":{"line":55,"column":0},"end":{"line":55,"column":6}},"55":{"start":{"line":56,"column":0},"end":{"line":56,"column":5}},"56":{"start":{"line":57,"column":0},"end":{"line":57,"column":24}},"57":{"start":{"line":58,"column":0},"end":{"line":58,"column":25}},"58":{"start":{"line":59,"column":0},"end":{"line":59,"column":32}},"59":{"start":{"line":60,"column":0},"end":{"line":60,"column":18}},"60":{"start":{"line":61,"column":0},"end":{"line":61,"column":6}},"61":{"start":{"line":62,"column":0},"end":{"line":62,"column":5}},"62":{"start":{"line":63,"column":0},"end":{"line":63,"column":24}},"63":{"start":{"line":64,"column":0},"end":{"line":64,"column":25}},"64":{"start":{"line":65,"column":0},"end":{"line":65,"column":32}},"65":{"start":{"line":66,"column":0},"end":{"line":66,"column":18}},"66":{"start":{"line":67,"column":0},"end":{"line":67,"column":6}},"67":{"start":{"line":68,"column":0},"end":{"line":68,"column":5}},"68":{"start":{"line":69,"column":0},"end":{"line":69,"column":21}},"69":{"start":{"line":70,"column":0},"end":{"line":70,"column":20}},"70":{"start":{"line":71,"column":0},"end":{"line":71,"column":27}},"71":{"start":{"line":72,"column":0},"end":{"line":72,"column":6}},"72":{"start":{"line":73,"column":0},"end":{"line":73,"column":5}},"73":{"start":{"line":74,"column":0},"end":{"line":74,"column":24}},"74":{"start":{"line":75,"column":0},"end":{"line":75,"column":23}},"75":{"start":{"line":76,"column":0},"end":{"line":76,"column":30}},"76":{"start":{"line":77,"column":0},"end":{"line":77,"column":6}},"77":{"start":{"line":78,"column":0},"end":{"line":78,"column":5}},"78":{"start":{"line":79,"column":0},"end":{"line":79,"column":23}},"79":{"start":{"line":80,"column":0},"end":{"line":80,"column":22}},"80":{"start":{"line":81,"column":0},"end":{"line":81,"column":29}},"81":{"start":{"line":82,"column":0},"end":{"line":82,"column":6}},"83":{"start":{"line":84,"column":0},"end":{"line":84,"column":5}},"84":{"start":{"line":85,"column":0},"end":{"line":85,"column":27}},"85":{"start":{"line":86,"column":0},"end":{"line":86,"column":26}},"86":{"start":{"line":87,"column":0},"end":{"line":87,"column":32}},"87":{"start":{"line":88,"column":0},"end":{"line":88,"column":6}},"88":{"start":{"line":89,"column":0},"end":{"line":89,"column":5}},"89":{"start":{"line":90,"column":0},"end":{"line":90,"column":29}},"90":{"start":{"line":91,"column":0},"end":{"line":91,"column":20}},"91":{"start":{"line":92,"column":0},"end":{"line":92,"column":6}},"92":{"start":{"line":93,"column":0},"end":{"line":93,"column":4}},"93":{"start":{"line":94,"column":0},"end":{"line":94,"column":2}},"95":{"start":{"line":96,"column":0},"end":{"line":96,"column":21}}},"s":{"0":0,"1":0,"2":0,"3":0,"4":0,"5":0,"6":0,"7":0,"8":0,"9":0,"10":0,"11":0,"12":0,"13":0,"15":0,"16":0,"17":0,"18":0,"19":0,"20":0,"21":0,"22":0,"23":0,"24":0,"25":0,"26":0,"27":0,"28":0,"29":0,"30":0,"31":0,"32":0,"33":0,"34":0,"35":0,"36":0,"37":0,"38":0,"39":0,"40":0,"41":0,"42":0,"43":0,"44":0,"45":0,"46":0,"47":0,"48":0,"49":0,"50":0,"51":0,"52":0,"53":0,"54":0,"55":0,"56":0,"57":0,"58":0,"59":0,"60":0,"61":0,"62":0,"63":0,"64":0,"65":0,"66":0,"67":0,"68":0,"69":0,"70":0,"71":0,"72":0,"73":0,"74":0,"75":0,"76":0,"77":0,"78":0,"79":0,"80":0,"81":0,"83":0,"84":0,"85":0,"86":0,"87":0,"88":0,"89":0,"90":0,"91":0,"92":0,"93":0,"95":0},"branchMap":{"0":{"type":"branch","line":1,"loc":{"start":{"line":1,"column":0},"end":{"line":96,"column":-1016}},"locations":[{"start":{"line":1,"column":0},"end":{"line":96,"column":-1016}}]}},"b":{"0":[0]},"fnMap":{"0":{"name":"(empty-report)","decl":{"start":{"line":1,"column":0},"end":{"line":96,"column":-1016}},"loc":{"start":{"line":1,"column":0},"end":{"line":96,"column":-1016}},"line":1}},"f":{"0":0}}
,"C:\\Users\\MoonT\\ydjs\\frontend\\src\\views\\ApplyView.vue": {"path":"C:\\Users\\MoonT\\ydjs\\frontend\\src\\views\\ApplyView.vue","all":false,"statementMap":{"0":{"start":{"line":1,"column":0},"end":{"line":1,"column":10}},"1":{"start":{"line":2,"column":0},"end":{"line":2,"column":31}},"2":{"start":{"line":3,"column":0},"end":{"line":3,"column":33}},"3":{"start":{"line":4,"column":0},"end":{"line":4,"column":50}},"4":{"start":{"line":5,"column":0},"end":{"line":5,"column":111}},"5":{"start":{"line":6,"column":0},"end":{"line":6,"column":83}},"6":{"start":{"line":7,"column":0},"end":{"line":7,"column":14}},"7":{"start":{"line":8,"column":0},"end":{"line":8,"column":15}},"8":{"start":{"line":9,"column":0},"end":{"line":9,"column":39}},"9":{"start":{"line":10,"column":0},"end":{"line":10,"column":13}},"11":{"start":{"line":12,"column":0},"end":{"line":12,"column":32}},"12":{"start":{"line":13,"column":0},"end":{"line":13,"column":101}},"13":{"start":{"line":14,"column":0},"end":{"line":14,"column":14}},"15":{"start":{"line":16,"column":0},"end":{"line":16,"column":35}},"16":{"start":{"line":17,"column":0},"end":{"line":17,"column":76}},"17":{"start":{"line":18,"column":0},"end":{"line":18,"column":14}},"18":{"start":{"line":19,"column":0},"end":{"line":19,"column":8}},"22":{"start":{"line":23,"column":0},"end":{"line":23,"column":25}},"23":{"start":{"line":24,"column":0},"end":{"line":24,"column":48}},"24":{"start":{"line":25,"column":0},"end":{"line":25,"column":47}},"26":{"start":{"line":27,"column":0},"end":{"line":27,"column":24}},"27":{"start":{"line":28,"column":0},"end":{"line":28,"column":26}},"29":{"start":{"line":30,"column":0},"end":{"line":30,"column":22}},"31":{"start":{"line":32,"column":0},"end":{"line":32,"column":22}},"32":{"start":{"line":33,"column":0},"end":{"line":33,"column":15}},"35":{"start":{"line":36,"column":0},"end":{"line":36,"column":39}},"36":{"start":{"line":37,"column":0},"end":{"line":37,"column":29}},"37":{"start":{"line":38,"column":0},"end":{"line":38,"column":20}},"38":{"start":{"line":39,"column":0},"end":{"line":39,"column":10}},"41":{"start":{"line":42,"column":0},"end":{"line":42,"column":7}},"42":{"start":{"line":43,"column":0},"end":{"line":43,"column":23}},"43":{"start":{"line":44,"column":0},"end":{"line":44,"column":42}},"44":{"start":{"line":45,"column":0},"end":{"line":45,"column":28}},"45":{"start":{"line":46,"column":0},"end":{"line":46,"column":25}},"46":{"start":{"line":47,"column":0},"end":{"line":47,"column":6}},"48":{"start":{"line":49,"column":0},"end":{"line":49,"column":33}},"49":{"start":{"line":50,"column":0},"end":{"line":50,"column":17}},"50":{"start":{"line":51,"column":0},"end":{"line":51,"column":19}},"51":{"start":{"line":52,"column":0},"end":{"line":52,"column":35}},"52":{"start":{"line":53,"column":0},"end":{"line":53,"column":21}}},"s":{"0":1,"1":1,"2":1,"3":1,"4":1,"5":4,"6":4,"7":4,"8":1,"9":1,"11":1,"12":1,"13":1,"15":1,"16":1,"17":1,"18":1,"22":1,"23":1,"24":1,"26":1,"27":1,"29":1,"31":1,"32":1,"35":1,"36":1,"37":1,"38":1,"41":1,"42":1,"43":1,"44":1,"45":1,"46":1,"48":1,"49":1,"50":1,"51":1,"52":1},"branchMap":{"0":{"type":"branch","line":37,"loc":{"start":{"line":37,"column":28},"end":{"line":51,"column":18}},"locations":[{"start":{"line":37,"column":28},"end":{"line":51,"column":18}}]},"1":{"type":"branch","line":5,"loc":{"start":{"line":5,"column":8},"end":{"line":9,"column":10}},"locations":[{"start":{"line":5,"column":8},"end":{"line":9,"column":10}}]},"2":{"type":"branch","line":9,"loc":{"start":{"line":9,"column":6},"end":{"line":9,"column":39}},"locations":[{"start":{"line":9,"column":6},"end":{"line":9,"column":39}}]},"3":{"type":"branch","line":13,"loc":{"start":{"line":13,"column":25},"end":{"line":13,"column":33}},"locations":[{"start":{"line":13,"column":25},"end":{"line":13,"column":33}}]},"4":{"type":"branch","line":13,"loc":{"start":{"line":13,"column":25},"end":{"line":13,"column":33}},"locations":[{"start":{"line":13,"column":25},"end":{"line":13,"column":33}}]}},"b":{"0":[1],"1":[4],"2":[4],"3":[4],"4":[2]},"fnMap":{"0":{"name":"__vite_ssr_import_4__.createElementBlock.__vite_ssr_import_4__.createElementVNode.__vite_ssr_import_4__.withDirectives.__vite_ssr_import_4__.createElementVNode.onUpdate:modelValue._cache.<computed>._cache.<computed>","decl":{"start":{"line":13,"column":25},"end":{"line":13,"column":33}},"loc":{"start":{"line":13,"column":25},"end":{"line":13,"column":33}},"line":13}},"f":{"0":2}}
,"C:\\Users\\MoonT\\ydjs\\frontend\\src\\views\\EditAvatarView.vue": {"path":"C:\\Users\\MoonT\\ydjs\\frontend\\src\\views\\EditAvatarView.vue","all":true,"statementMap":{"0":{"start":{"line":1,"column":0},"end":{"line":1,"column":10}},"1":{"start":{"line":2,"column":0},"end":{"line":2,"column":37}},"2":{"start":{"line":3,"column":0},"end":{"line":3,"column":39}},"3":{"start":{"line":4,"column":0},"end":{"line":4,"column":50}},"4":{"start":{"line":5,"column":0},"end":{"line":5,"column":111}},"5":{"start":{"line":6,"column":0},"end":{"line":6,"column":83}},"6":{"start":{"line":7,"column":0},"end":{"line":7,"column":14}},"7":{"start":{"line":8,"column":0},"end":{"line":8,"column":15}},"8":{"start":{"line":9,"column":0},"end":{"line":9,"column":45}},"9":{"start":{"line":10,"column":0},"end":{"line":10,"column":13}},"11":{"start":{"line":12,"column":0},"end":{"line":12,"column":25}},"12":{"start":{"line":13,"column":0},"end":{"line":13,"column":20}},"13":{"start":{"line":14,"column":0},"end":{"line":14,"column":34}},"14":{"start":{"line":15,"column":0},"end":{"line":15,"column":61}},"15":{"start":{"line":16,"column":0},"end":{"line":16,"column":12}},"17":{"start":{"line":18,"column":0},"end":{"line":18,"column":25}},"18":{"start":{"line":19,"column":0},"end":{"line":19,"column":106}},"20":{"start":{"line":21,"column":0},"end":{"line":21,"column":19}},"21":{"start":{"line":22,"column":0},"end":{"line":22,"column":27}},"22":{"start":{"line":23,"column":0},"end":{"line":23,"column":74}},"23":{"start":{"line":24,"column":0},"end":{"line":24,"column":83}},"25":{"start":{"line":26,"column":0},"end":{"line":26,"column":17}},"26":{"start":{"line":27,"column":0},"end":{"line":27,"column":12}},"27":{"start":{"line":28,"column":0},"end":{"line":28,"column":10}},"28":{"start":{"line":29,"column":0},"end":{"line":29,"column":8}},"32":{"start":{"line":33,"column":0},"end":{"line":33,"column":25}},"33":{"start":{"line":34,"column":0},"end":{"line":34,"column":38}},"35":{"start":{"line":36,"column":0},"end":{"line":36,"column":26}},"36":{"start":{"line":37,"column":0},"end":{"line":37,"column":52}},"37":{"start":{"line":38,"column":0},"end":{"line":38,"column":43}},"38":{"start":{"line":39,"column":0},"end":{"line":39,"column":34}},"39":{"start":{"line":40,"column":0},"end":{"line":40,"column":45}},"42":{"start":{"line":43,"column":0},"end":{"line":43,"column":32}},"43":{"start":{"line":44,"column":0},"end":{"line":44,"column":26}},"47":{"start":{"line":48,"column":0},"end":{"line":48,"column":40}},"48":{"start":{"line":49,"column":0},"end":{"line":49,"column":49}},"49":{"start":{"line":50,"column":0},"end":{"line":50,"column":32}},"50":{"start":{"line":51,"column":0},"end":{"line":51,"column":13}},"51":{"start":{"line":52,"column":0},"end":{"line":52,"column":29}},"53":{"start":{"line":54,"column":0},"end":{"line":54,"column":48}},"58":{"start":{"line":59,"column":0},"end":{"line":59,"column":34}},"59":{"start":{"line":60,"column":0},"end":{"line":60,"column":33}},"64":{"start":{"line":65,"column":0},"end":{"line":65,"column":49}},"67":{"start":{"line":68,"column":0},"end":{"line":68,"column":20}},"68":{"start":{"line":69,"column":0},"end":{"line":69,"column":20}},"69":{"start":{"line":70,"column":0},"end":{"line":70,"column":12}},"70":{"start":{"line":71,"column":0},"end":{"line":71,"column":10}},"73":{"start":{"line":74,"column":0},"end":{"line":74,"column":22}},"74":{"start":{"line":75,"column":0},"end":{"line":75,"column":15}}},"s":{"0":0,"1":0,"2":0,"3":0,"4":0,"5":0,"6":0,"7":0,"8":0,"9":0,"11":0,"12":0,"13":0,"14":0,"15":0,"17":0,"18":0,"20":0,"21":0,"22":0,"23":0,"25":0,"26":0,"27":0,"28":0,"32":0,"33":0,"35":0,"36":0,"37":0,"38":0,"39":0,"42":0,"43":0,"47":0,"48":0,"49":0,"50":0,"51":0,"53":0,"58":0,"59":0,"64":0,"67":0,"68":0,"69":0,"70":0,"73":0,"74":0},"branchMap":{"0":{"type":"branch","line":1,"loc":{"start":{"line":1,"column":0},"end":{"line":167,"column":-2967}},"locations":[{"start":{"line":1,"column":0},"end":{"line":167,"column":-2967}}]}},"b":{"0":[0]},"fnMap":{"0":{"name":"(empty-report)","decl":{"start":{"line":1,"column":0},"end":{"line":167,"column":-2967}},"loc":{"start":{"line":1,"column":0},"end":{"line":167,"column":-2967}},"line":1}},"f":{"0":0}}
,"C:\\Users\\MoonT\\ydjs\\frontend\\src\\views\\EmailView.vue": {"path":"C:\\Users\\MoonT\\ydjs\\frontend\\src\\views\\EmailView.vue","all":true,"statementMap":{"0":{"start":{"line":1,"column":0},"end":{"line":1,"column":10}},"1":{"start":{"line":2,"column":0},"end":{"line":2,"column":31}},"2":{"start":{"line":3,"column":0},"end":{"line":3,"column":33}},"3":{"start":{"line":4,"column":0},"end":{"line":4,"column":50}},"4":{"start":{"line":5,"column":0},"end":{"line":5,"column":111}},"5":{"start":{"line":6,"column":0},"end":{"line":6,"column":83}},"6":{"start":{"line":7,"column":0},"end":{"line":7,"column":14}},"7":{"start":{"line":8,"column":0},"end":{"line":8,"column":15}},"8":{"start":{"line":9,"column":0},"end":{"line":9,"column":39}},"9":{"start":{"line":10,"column":0},"end":{"line":10,"column":41}},"10":{"start":{"line":11,"column":0},"end":{"line":11,"column":12}},"11":{"start":{"line":12,"column":0},"end":{"line":12,"column":13}},"12":{"start":{"line":13,"column":0},"end":{"line":13,"column":38}},"13":{"start":{"line":14,"column":0},"end":{"line":14,"column":63}},"15":{"start":{"line":16,"column":0},"end":{"line":16,"column":12}},"16":{"start":{"line":17,"column":0},"end":{"line":17,"column":40}},"17":{"start":{"line":18,"column":0},"end":{"line":18,"column":110}},"18":{"start":{"line":19,"column":0},"end":{"line":19,"column":38}},"19":{"start":{"line":20,"column":0},"end":{"line":20,"column":60}},"20":{"start":{"line":21,"column":0},"end":{"line":21,"column":56}},"21":{"start":{"line":22,"column":0},"end":{"line":22,"column":16}},"22":{"start":{"line":23,"column":0},"end":{"line":23,"column":66}},"23":{"start":{"line":24,"column":0},"end":{"line":24,"column":14}},"24":{"start":{"line":25,"column":0},"end":{"line":25,"column":12}},"25":{"start":{"line":26,"column":0},"end":{"line":26,"column":14}},"26":{"start":{"line":27,"column":0},"end":{"line":27,"column":8}},"30":{"start":{"line":31,"column":0},"end":{"line":31,"column":36}},"31":{"start":{"line":32,"column":0},"end":{"line":32,"column":38}},"32":{"start":{"line":33,"column":0},"end":{"line":33,"column":61}},"34":{"start":{"line":35,"column":0},"end":{"line":35,"column":26}},"36":{"start":{"line":37,"column":0},"end":{"line":37,"column":35}},"38":{"start":{"line":39,"column":0},"end":{"line":39,"column":34}},"39":{"start":{"line":40,"column":0},"end":{"line":40,"column":7}},"40":{"start":{"line":41,"column":0},"end":{"line":41,"column":36}},"41":{"start":{"line":42,"column":0},"end":{"line":42,"column":52}},"42":{"start":{"line":43,"column":0},"end":{"line":43,"column":19}},"43":{"start":{"line":44,"column":0},"end":{"line":44,"column":35}},"44":{"start":{"line":45,"column":0},"end":{"line":45,"column":22}},"45":{"start":{"line":46,"column":0},"end":{"line":46,"column":7}},"46":{"start":{"line":47,"column":0},"end":{"line":47,"column":14}},"47":{"start":{"line":48,"column":0},"end":{"line":48,"column":23}},"48":{"start":{"line":49,"column":0},"end":{"line":49,"column":31}},"49":{"start":{"line":50,"column":0},"end":{"line":50,"column":33}},"50":{"start":{"line":51,"column":0},"end":{"line":51,"column":54}},"51":{"start":{"line":52,"column":0},"end":{"line":52,"column":22}},"52":{"start":{"line":53,"column":0},"end":{"line":53,"column":8}},"53":{"start":{"line":54,"column":0},"end":{"line":54,"column":7}},"54":{"start":{"line":55,"column":0},"end":{"line":55,"column":14}},"55":{"start":{"line":56,"column":0},"end":{"line":56,"column":21}},"56":{"start":{"line":57,"column":0},"end":{"line":57,"column":29}},"57":{"start":{"line":58,"column":0},"end":{"line":58,"column":33}},"58":{"start":{"line":59,"column":0},"end":{"line":59,"column":53}},"59":{"start":{"line":60,"column":0},"end":{"line":60,"column":28}},"60":{"start":{"line":61,"column":0},"end":{"line":61,"column":19}},"61":{"start":{"line":62,"column":0},"end":{"line":62,"column":8}},"62":{"start":{"line":63,"column":0},"end":{"line":63,"column":7}},"63":{"start":{"line":64,"column":0},"end":{"line":64,"column":14}},"64":{"start":{"line":65,"column":0},"end":{"line":65,"column":21}},"65":{"start":{"line":66,"column":0},"end":{"line":66,"column":30}},"66":{"start":{"line":67,"column":0},"end":{"line":67,"column":33}},"67":{"start":{"line":68,"column":0},"end":{"line":68,"column":49}},"68":{"start":{"line":69,"column":0},"end":{"line":69,"column":24}},"69":{"start":{"line":70,"column":0},"end":{"line":70,"column":19}},"70":{"start":{"line":71,"column":0},"end":{"line":71,"column":7}},"71":{"start":{"line":72,"column":0},"end":{"line":72,"column":5}},"75":{"start":{"line":76,"column":0},"end":{"line":76,"column":22}},"76":{"start":{"line":77,"column":0},"end":{"line":77,"column":15}},"79":{"start":{"line":80,"column":0},"end":{"line":80,"column":39}},"80":{"start":{"line":81,"column":0},"end":{"line":81,"column":108}},"83":{"start":{"line":84,"column":0},"end":{"line":84,"column":17}},"84":{"start":{"line":85,"column":0},"end":{"line":85,"column":16}},"85":{"start":{"line":86,"column":0},"end":{"line":86,"column":2}}},"s":{"0":0,"1":0,"2":0,"3":0,"4":0,"5":0,"6":0,"7":0,"8":0,"9":0,"10":0,"11":0,"12":0,"13":0,"15":0,"16":0,"17":0,"18":0,"19":0,"20":0,"21":0,"22":0,"23":0,"24":0,"25":0,"26":0,"30":0,"31":0,"32":0,"34":0,"36":0,"38":0,"39":0,"40":0,"41":0,"42":0,"43":0,"44":0,"45":0,"46":0,"47":0,"48":0,"49":0,"50":0,"51":0,"52":0,"53":0,"54":0,"55":0,"56":0,"57":0,"58":0,"59":0,"60":0,"61":0,"62":0,"63":0,"64":0,"65":0,"66":0,"67":0,"68":0,"69":0,"70":0,"71":0,"75":0,"76":0,"79":0,"80":0,"83":0,"84":0,"85":0},"branchMap":{"0":{"type":"branch","line":1,"loc":{"start":{"line":1,"column":0},"end":{"line":177,"column":-3425}},"locations":[{"start":{"line":1,"column":0},"end":{"line":177,"column":-3425}}]}},"b":{"0":[0]},"fnMap":{"0":{"name":"(empty-report)","decl":{"start":{"line":1,"column":0},"end":{"line":177,"column":-3425}},"loc":{"start":{"line":1,"column":0},"end":{"line":177,"column":-3425}},"line":1}},"f":{"0":0}}
,"C:\\Users\\MoonT\\ydjs\\frontend\\src\\views\\HomeView.vue": {"path":"C:\\Users\\MoonT\\ydjs\\frontend\\src\\views\\HomeView.vue","all":false,"statementMap":{"0":{"start":{"line":1,"column":0},"end":{"line":1,"column":10}},"1":{"start":{"line":2,"column":0},"end":{"line":2,"column":30}},"2":{"start":{"line":3,"column":0},"end":{"line":3,"column":28}},"3":{"start":{"line":4,"column":0},"end":{"line":4,"column":17}},"4":{"start":{"line":5,"column":0},"end":{"line":5,"column":13}},"6":{"start":{"line":7,"column":0},"end":{"line":7,"column":35}},"7":{"start":{"line":8,"column":0},"end":{"line":8,"column":96}},"8":{"start":{"line":9,"column":0},"end":{"line":9,"column":40}},"9":{"start":{"line":10,"column":0},"end":{"line":10,"column":17}},"10":{"start":{"line":11,"column":0},"end":{"line":11,"column":15}},"11":{"start":{"line":12,"column":0},"end":{"line":12,"column":14}},"13":{"start":{"line":14,"column":0},"end":{"line":14,"column":31}},"14":{"start":{"line":15,"column":0},"end":{"line":15,"column":10}},"15":{"start":{"line":16,"column":0},"end":{"line":16,"column":102}},"16":{"start":{"line":17,"column":0},"end":{"line":17,"column":32}},"17":{"start":{"line":18,"column":0},"end":{"line":18,"column":103}},"18":{"start":{"line":19,"column":0},"end":{"line":19,"column":35}},"19":{"start":{"line":20,"column":0},"end":{"line":20,"column":41}},"20":{"start":{"line":21,"column":0},"end":{"line":21,"column":63}},"21":{"start":{"line":22,"column":0},"end":{"line":22,"column":60}},"22":{"start":{"line":23,"column":0},"end":{"line":23,"column":20}},"23":{"start":{"line":24,"column":0},"end":{"line":24,"column":55}},"24":{"start":{"line":25,"column":0},"end":{"line":25,"column":18}},"25":{"start":{"line":26,"column":0},"end":{"line":26,"column":16}},"26":{"start":{"line":27,"column":0},"end":{"line":27,"column":55}},"27":{"start":{"line":28,"column":0},"end":{"line":28,"column":48}},"28":{"start":{"line":29,"column":0},"end":{"line":29,"column":47}},"29":{"start":{"line":30,"column":0},"end":{"line":30,"column":16}},"30":{"start":{"line":31,"column":0},"end":{"line":31,"column":13}},"31":{"start":{"line":32,"column":0},"end":{"line":32,"column":11}},"32":{"start":{"line":33,"column":0},"end":{"line":33,"column":14}},"33":{"start":{"line":34,"column":0},"end":{"line":34,"column":8}},"37":{"start":{"line":38,"column":0},"end":{"line":38,"column":46}},"38":{"start":{"line":39,"column":0},"end":{"line":39,"column":38}},"39":{"start":{"line":40,"column":0},"end":{"line":40,"column":41}},"60":{"start":{"line":61,"column":0},"end":{"line":61,"column":57}},"61":{"start":{"line":62,"column":0},"end":{"line":62,"column":34}},"63":{"start":{"line":64,"column":0},"end":{"line":64,"column":26}},"64":{"start":{"line":65,"column":0},"end":{"line":65,"column":33}},"66":{"start":{"line":67,"column":0},"end":{"line":67,"column":38}},"67":{"start":{"line":68,"column":0},"end":{"line":68,"column":57}},"68":{"start":{"line":69,"column":0},"end":{"line":69,"column":79}},"69":{"start":{"line":70,"column":0},"end":{"line":70,"column":2}},"71":{"start":{"line":72,"column":0},"end":{"line":72,"column":26}},"73":{"start":{"line":74,"column":0},"end":{"line":74,"column":31}},"74":{"start":{"line":75,"column":0},"end":{"line":75,"column":22}},"75":{"start":{"line":76,"column":0},"end":{"line":76,"column":40}},"76":{"start":{"line":77,"column":0},"end":{"line":77,"column":7}},"77":{"start":{"line":78,"column":0},"end":{"line":78,"column":56}},"78":{"start":{"line":79,"column":0},"end":{"line":79,"column":38}},"80":{"start":{"line":81,"column":0},"end":{"line":81,"column":43}},"81":{"start":{"line":82,"column":0},"end":{"line":82,"column":32}},"82":{"start":{"line":83,"column":0},"end":{"line":83,"column":50}},"83":{"start":{"line":84,"column":0},"end":{"line":84,"column":22}},"84":{"start":{"line":85,"column":0},"end":{"line":85,"column":12}},"87":{"start":{"line":88,"column":0},"end":{"line":88,"column":49}},"88":{"start":{"line":89,"column":0},"end":{"line":89,"column":57}},"89":{"start":{"line":90,"column":0},"end":{"line":90,"column":14}},"90":{"start":{"line":91,"column":0},"end":{"line":91,"column":20}},"91":{"start":{"line":92,"column":0},"end":{"line":92,"column":45}},"92":{"start":{"line":93,"column":0},"end":{"line":93,"column":51}},"93":{"start":{"line":94,"column":0},"end":{"line":94,"column":30}},"94":{"start":{"line":95,"column":0},"end":{"line":95,"column":66}},"95":{"start":{"line":96,"column":0},"end":{"line":96,"column":44}},"96":{"start":{"line":97,"column":0},"end":{"line":97,"column":71}},"97":{"start":{"line":98,"column":0},"end":{"line":98,"column":36}},"98":{"start":{"line":99,"column":0},"end":{"line":99,"column":35}},"99":{"start":{"line":100,"column":0},"end":{"line":100,"column":35}},"100":{"start":{"line":101,"column":0},"end":{"line":101,"column":42}},"101":{"start":{"line":102,"column":0},"end":{"line":102,"column":34}},"102":{"start":{"line":103,"column":0},"end":{"line":103,"column":35}},"103":{"start":{"line":104,"column":0},"end":{"line":104,"column":7}},"104":{"start":{"line":105,"column":0},"end":{"line":105,"column":6}},"105":{"start":{"line":106,"column":0},"end":{"line":106,"column":45}},"106":{"start":{"line":107,"column":0},"end":{"line":107,"column":19}},"107":{"start":{"line":108,"column":0},"end":{"line":108,"column":40}},"108":{"start":{"line":109,"column":0},"end":{"line":109,"column":20}},"109":{"start":{"line":110,"column":0},"end":{"line":110,"column":13}},"110":{"start":{"line":111,"column":0},"end":{"line":111,"column":25}},"114":{"start":{"line":115,"column":0},"end":{"line":115,"column":38}},"115":{"start":{"line":116,"column":0},"end":{"line":116,"column":61}},"118":{"start":{"line":119,"column":0},"end":{"line":119,"column":38}},"119":{"start":{"line":120,"column":0},"end":{"line":120,"column":61}},"122":{"start":{"line":123,"column":0},"end":{"line":123,"column":17}},"123":{"start":{"line":124,"column":0},"end":{"line":124,"column":13}},"124":{"start":{"line":125,"column":0},"end":{"line":125,"column":2}}},"s":{"0":1,"1":1,"2":1,"3":1,"4":1,"6":1,"7":1,"8":1,"9":1,"10":1,"11":1,"13":1,"14":1,"15":1,"16":1,"17":1,"18":1,"19":1,"20":1,"21":1,"22":1,"23":1,"24":1,"25":1,"26":1,"27":1,"28":1,"29":1,"30":1,"31":1,"32":1,"33":1,"37":1,"38":1,"39":1,"60":1,"61":1,"63":1,"64":1,"66":1,"67":9,"68":2,"69":2,"71":1,"73":1,"74":1,"75":1,"76":1,"77":1,"78":1,"80":1,"81":1,"82":1,"83":1,"84":1,"87":1,"88":20,"89":20,"90":20,"91":20,"92":20,"93":20,"94":20,"95":20,"96":20,"97":20,"98":20,"99":20,"100":20,"101":20,"102":20,"103":20,"104":20,"105":1,"106":1,"107":0,"108":0,"109":0,"110":1,"114":1,"115":1,"118":1,"119":1,"122":4,"123":4,"124":4},"branchMap":{"0":{"type":"branch","line":67,"loc":{"start":{"line":67,"column":22},"end":{"line":70,"column":2}},"locations":[{"start":{"line":67,"column":22},"end":{"line":70,"column":2}}]},"1":{"type":"branch","line":68,"loc":{"start":{"line":68,"column":39},"end":{"line":68,"column":57}},"locations":[{"start":{"line":68,"column":39},"end":{"line":68,"column":57}}]},"2":{"type":"branch","line":68,"loc":{"start":{"line":68,"column":52},"end":{"line":70,"column":2}},"locations":[{"start":{"line":68,"column":52},"end":{"line":70,"column":2}}]},"3":{"type":"branch","line":69,"loc":{"start":{"line":69,"column":21},"end":{"line":69,"column":79}},"locations":[{"start":{"line":69,"column":21},"end":{"line":69,"column":79}}]},"4":{"type":"branch","line":81,"loc":{"start":{"line":81,"column":32},"end":{"line":81,"column":43}},"locations":[{"start":{"line":81,"column":32},"end":{"line":81,"column":43}}]},"5":{"type":"branch","line":107,"loc":{"start":{"line":107,"column":11},"end":{"line":110,"column":13}},"locations":[{"start":{"line":107,"column":11},"end":{"line":110,"column":13}}]},"6":{"type":"branch","line":88,"loc":{"start":{"line":88,"column":24},"end":{"line":105,"column":6}},"locations":[{"start":{"line":88,"column":24},"end":{"line":105,"column":6}}]},"7":{"type":"branch","line":92,"loc":{"start":{"line":92,"column":20},"end":{"line":92,"column":45}},"locations":[{"start":{"line":92,"column":20},"end":{"line":92,"column":45}}]},"8":{"type":"branch","line":93,"loc":{"start":{"line":93,"column":22},"end":{"line":93,"column":51}},"locations":[{"start":{"line":93,"column":22},"end":{"line":93,"column":51}}]},"9":{"type":"branch","line":94,"loc":{"start":{"line":94,"column":19},"end":{"line":94,"column":30}},"locations":[{"start":{"line":94,"column":19},"end":{"line":94,"column":30}}]},"10":{"type":"branch","line":95,"loc":{"start":{"line":95,"column":23},"end":{"line":95,"column":66}},"locations":[{"start":{"line":95,"column":23},"end":{"line":95,"column":66}}]},"11":{"type":"branch","line":96,"loc":{"start":{"line":96,"column":25},"end":{"line":96,"column":44}},"locations":[{"start":{"line":96,"column":25},"end":{"line":96,"column":44}}]},"12":{"type":"branch","line":97,"loc":{"start":{"line":97,"column":23},"end":{"line":97,"column":71}},"locations":[{"start":{"line":97,"column":23},"end":{"line":97,"column":71}}]},"13":{"type":"branch","line":98,"loc":{"start":{"line":98,"column":22},"end":{"line":98,"column":36}},"locations":[{"start":{"line":98,"column":22},"end":{"line":98,"column":36}}]},"14":{"type":"branch","line":99,"loc":{"start":{"line":99,"column":22},"end":{"line":99,"column":35}},"locations":[{"start":{"line":99,"column":22},"end":{"line":99,"column":35}}]},"15":{"type":"branch","line":100,"loc":{"start":{"line":100,"column":23},"end":{"line":100,"column":35}},"locations":[{"start":{"line":100,"column":23},"end":{"line":100,"column":35}}]},"16":{"type":"branch","line":101,"loc":{"start":{"line":101,"column":25},"end":{"line":101,"column":42}},"locations":[{"start":{"line":101,"column":25},"end":{"line":101,"column":42}}]},"17":{"type":"branch","line":103,"loc":{"start":{"line":103,"column":23},"end":{"line":103,"column":35}},"locations":[{"start":{"line":103,"column":23},"end":{"line":103,"column":35}}]},"18":{"type":"branch","line":123,"loc":{"start":{"line":123,"column":0},"end":{"line":125,"column":2}},"locations":[{"start":{"line":123,"column":0},"end":{"line":125,"column":2}}]},"19":{"type":"branch","line":9,"loc":{"start":{"line":9,"column":9},"end":{"line":9,"column":40}},"locations":[{"start":{"line":9,"column":9},"end":{"line":9,"column":40}}]}},"b":{"0":[9],"1":[7],"2":[2],"3":[5],"4":[0],"5":[0],"6":[20],"7":[0],"8":[0],"9":[0],"10":[0],"11":[0],"12":[0],"13":[0],"14":[0],"15":[0],"16":[0],"17":[0],"18":[4],"19":[1]},"fnMap":{"0":{"name":"onClick","decl":{"start":{"line":9,"column":9},"end":{"line":9,"column":40}},"loc":{"start":{"line":9,"column":9},"end":{"line":9,"column":40}},"line":9},"1":{"name":"onClick","decl":{"start":{"line":16,"column":76},"end":{"line":16,"column":99}},"loc":{"start":{"line":16,"column":76},"end":{"line":16,"column":99}},"line":16}},"f":{"0":1,"1":0}}
,"C:\\Users\\MoonT\\ydjs\\frontend\\src\\views\\LoginView.vue": {"path":"C:\\Users\\MoonT\\ydjs\\frontend\\src\\views\\LoginView.vue","all":false,"statementMap":{"0":{"start":{"line":1,"column":0},"end":{"line":1,"column":10}},"1":{"start":{"line":2,"column":0},"end":{"line":2,"column":31}},"2":{"start":{"line":3,"column":0},"end":{"line":3,"column":33}},"3":{"start":{"line":4,"column":0},"end":{"line":4,"column":22}},"4":{"start":{"line":5,"column":0},"end":{"line":5,"column":39}},"5":{"start":{"line":6,"column":0},"end":{"line":6,"column":13}},"7":{"start":{"line":8,"column":0},"end":{"line":8,"column":34}},"8":{"start":{"line":9,"column":0},"end":{"line":9,"column":28}},"9":{"start":{"line":10,"column":0},"end":{"line":10,"column":26}},"10":{"start":{"line":11,"column":0},"end":{"line":11,"column":66}},"11":{"start":{"line":12,"column":0},"end":{"line":12,"column":12}},"12":{"start":{"line":13,"column":0},"end":{"line":13,"column":28}},"13":{"start":{"line":14,"column":0},"end":{"line":14,"column":25}},"14":{"start":{"line":15,"column":0},"end":{"line":15,"column":81}},"15":{"start":{"line":16,"column":0},"end":{"line":16,"column":12}},"17":{"start":{"line":18,"column":0},"end":{"line":18,"column":26}},"18":{"start":{"line":19,"column":0},"end":{"line":19,"column":30}},"19":{"start":{"line":20,"column":0},"end":{"line":20,"column":23}},"20":{"start":{"line":21,"column":0},"end":{"line":21,"column":26}},"21":{"start":{"line":22,"column":0},"end":{"line":22,"column":12}},"23":{"start":{"line":24,"column":0},"end":{"line":24,"column":80}},"24":{"start":{"line":25,"column":0},"end":{"line":25,"column":11}},"25":{"start":{"line":26,"column":0},"end":{"line":26,"column":8}},"29":{"start":{"line":30,"column":0},"end":{"line":30,"column":25}},"30":{"start":{"line":31,"column":0},"end":{"line":31,"column":38}},"31":{"start":{"line":32,"column":0},"end":{"line":32,"column":47}},"33":{"start":{"line":34,"column":0},"end":{"line":34,"column":24}},"34":{"start":{"line":35,"column":0},"end":{"line":35,"column":24}},"35":{"start":{"line":36,"column":0},"end":{"line":36,"column":26}},"36":{"start":{"line":37,"column":0},"end":{"line":37,"column":26}},"38":{"start":{"line":39,"column":0},"end":{"line":39,"column":27}},"39":{"start":{"line":40,"column":0},"end":{"line":40,"column":22}},"40":{"start":{"line":41,"column":0},"end":{"line":41,"column":7}},"41":{"start":{"line":42,"column":0},"end":{"line":42,"column":67}},"42":{"start":{"line":43,"column":0},"end":{"line":43,"column":9}},"44":{"start":{"line":45,"column":0},"end":{"line":45,"column":32}},"45":{"start":{"line":46,"column":0},"end":{"line":46,"column":89}},"46":{"start":{"line":47,"column":0},"end":{"line":47,"column":39}},"47":{"start":{"line":48,"column":0},"end":{"line":48,"column":56}},"48":{"start":{"line":49,"column":0},"end":{"line":49,"column":52}},"49":{"start":{"line":50,"column":0},"end":{"line":50,"column":28}},"50":{"start":{"line":51,"column":0},"end":{"line":51,"column":60}},"51":{"start":{"line":52,"column":0},"end":{"line":52,"column":46}},"52":{"start":{"line":53,"column":0},"end":{"line":53,"column":26}},"53":{"start":{"line":54,"column":0},"end":{"line":54,"column":31}},"54":{"start":{"line":55,"column":0},"end":{"line":55,"column":24}},"56":{"start":{"line":57,"column":0},"end":{"line":57,"column":46}},"57":{"start":{"line":58,"column":0},"end":{"line":58,"column":68}},"59":{"start":{"line":60,"column":0},"end":{"line":60,"column":69}},"60":{"start":{"line":61,"column":0},"end":{"line":61,"column":62}},"61":{"start":{"line":62,"column":0},"end":{"line":62,"column":63}},"62":{"start":{"line":63,"column":0},"end":{"line":63,"column":30}},"63":{"start":{"line":64,"column":0},"end":{"line":64,"column":62}},"64":{"start":{"line":65,"column":0},"end":{"line":65,"column":48}},"65":{"start":{"line":66,"column":0},"end":{"line":66,"column":36}},"66":{"start":{"line":67,"column":0},"end":{"line":67,"column":35}},"67":{"start":{"line":68,"column":0},"end":{"line":68,"column":14}},"68":{"start":{"line":69,"column":0},"end":{"line":69,"column":31}},"71":{"start":{"line":72,"column":0},"end":{"line":72,"column":19}},"72":{"start":{"line":73,"column":0},"end":{"line":73,"column":33}},"73":{"start":{"line":74,"column":0},"end":{"line":74,"column":28}},"74":{"start":{"line":75,"column":0},"end":{"line":75,"column":13}},"75":{"start":{"line":76,"column":0},"end":{"line":76,"column":25}}},"s":{"0":1,"1":1,"2":1,"3":1,"4":1,"5":1,"7":1,"8":1,"9":1,"10":1,"11":1,"12":1,"13":1,"14":1,"15":1,"17":1,"18":1,"19":1,"20":1,"21":1,"23":1,"24":1,"25":1,"29":1,"30":1,"31":1,"33":1,"34":1,"35":1,"36":1,"38":1,"39":1,"40":1,"41":1,"42":1,"44":1,"45":1,"46":1,"47":1,"48":1,"49":1,"50":1,"51":1,"52":1,"53":1,"54":1,"56":1,"57":1,"59":1,"60":1,"61":1,"62":1,"63":1,"64":1,"65":1,"66":1,"67":1,"68":1,"71":1,"72":1,"73":1,"74":1,"75":1},"branchMap":{"0":{"type":"branch","line":11,"loc":{"start":{"line":11,"column":24},"end":{"line":11,"column":34}},"locations":[{"start":{"line":11,"column":24},"end":{"line":11,"column":34}}]},"1":{"type":"branch","line":15,"loc":{"start":{"line":15,"column":24},"end":{"line":15,"column":34}},"locations":[{"start":{"line":15,"column":24},"end":{"line":15,"column":34}}]},"2":{"type":"branch","line":11,"loc":{"start":{"line":11,"column":24},"end":{"line":11,"column":34}},"locations":[{"start":{"line":11,"column":24},"end":{"line":11,"column":34}}]},"3":{"type":"branch","line":15,"loc":{"start":{"line":15,"column":24},"end":{"line":15,"column":34}},"locations":[{"start":{"line":15,"column":24},"end":{"line":15,"column":34}}]}},"b":{"0":[5],"1":[5],"2":[3],"3":[2]},"fnMap":{"0":{"name":"__vite_ssr_import_4__.createElementBlock.__vite_ssr_import_4__.createElementVNode.__vite_ssr_import_4__.createElementVNode.__vite_ssr_import_4__.withDirectives.__vite_ssr_import_4__.createElementVNode.onUpdate:modelValue._cache.<computed>._cache.<computed>","decl":{"start":{"line":11,"column":24},"end":{"line":11,"column":34}},"loc":{"start":{"line":11,"column":24},"end":{"line":11,"column":34}},"line":11},"1":{"name":"__vite_ssr_import_4__.createElementBlock.__vite_ssr_import_4__.createElementVNode.__vite_ssr_import_4__.createElementVNode.__vite_ssr_import_4__.withDirectives.__vite_ssr_import_4__.createElementVNode.onUpdate:modelValue._cache.<computed>._cache.<computed>","decl":{"start":{"line":15,"column":24},"end":{"line":15,"column":34}},"loc":{"start":{"line":15,"column":24},"end":{"line":15,"column":34}},"line":15}},"f":{"0":3,"1":2}}
,"C:\\Users\\MoonT\\ydjs\\frontend\\src\\views\\PostDetailView.vue": {"path":"C:\\Users\\MoonT\\ydjs\\frontend\\src\\views\\PostDetailView.vue","all":true,"statementMap":{"0":{"start":{"line":1,"column":0},"end":{"line":1,"column":10}},"1":{"start":{"line":2,"column":0},"end":{"line":2,"column":37}},"2":{"start":{"line":3,"column":0},"end":{"line":3,"column":39}},"3":{"start":{"line":4,"column":0},"end":{"line":4,"column":50}},"4":{"start":{"line":5,"column":0},"end":{"line":5,"column":111}},"5":{"start":{"line":6,"column":0},"end":{"line":6,"column":83}},"6":{"start":{"line":7,"column":0},"end":{"line":7,"column":14}},"7":{"start":{"line":8,"column":0},"end":{"line":8,"column":15}},"8":{"start":{"line":9,"column":0},"end":{"line":9,"column":13}},"10":{"start":{"line":11,"column":0},"end":{"line":11,"column":30}},"11":{"start":{"line":12,"column":0},"end":{"line":12,"column":45}},"12":{"start":{"line":13,"column":0},"end":{"line":13,"column":10}},"14":{"start":{"line":15,"column":0},"end":{"line":15,"column":33}},"15":{"start":{"line":16,"column":0},"end":{"line":16,"column":58}},"16":{"start":{"line":17,"column":0},"end":{"line":17,"column":29}},"17":{"start":{"line":18,"column":0},"end":{"line":18,"column":57}},"18":{"start":{"line":19,"column":0},"end":{"line":19,"column":49}},"19":{"start":{"line":20,"column":0},"end":{"line":20,"column":12}},"20":{"start":{"line":21,"column":0},"end":{"line":21,"column":14}},"22":{"start":{"line":23,"column":0},"end":{"line":23,"column":36}},"23":{"start":{"line":24,"column":0},"end":{"line":24,"column":33}},"24":{"start":{"line":25,"column":0},"end":{"line":25,"column":33}},"25":{"start":{"line":26,"column":0},"end":{"line":26,"column":14}},"27":{"start":{"line":28,"column":0},"end":{"line":28,"column":36}},"28":{"start":{"line":29,"column":0},"end":{"line":29,"column":71}},"29":{"start":{"line":30,"column":0},"end":{"line":30,"column":14}},"30":{"start":{"line":31,"column":0},"end":{"line":31,"column":8}},"34":{"start":{"line":35,"column":0},"end":{"line":35,"column":30}},"35":{"start":{"line":36,"column":0},"end":{"line":36,"column":48}},"37":{"start":{"line":38,"column":0},"end":{"line":38,"column":24}},"38":{"start":{"line":39,"column":0},"end":{"line":39,"column":26}},"40":{"start":{"line":41,"column":0},"end":{"line":41,"column":25}},"41":{"start":{"line":42,"column":0},"end":{"line":42,"column":35}},"42":{"start":{"line":43,"column":0},"end":{"line":43,"column":28}},"43":{"start":{"line":44,"column":0},"end":{"line":44,"column":10}},"44":{"start":{"line":45,"column":0},"end":{"line":45,"column":50}},"45":{"start":{"line":46,"column":0},"end":{"line":46,"column":43}},"46":{"start":{"line":47,"column":0},"end":{"line":47,"column":19}},"47":{"start":{"line":48,"column":0},"end":{"line":48,"column":27}},"48":{"start":{"line":49,"column":0},"end":{"line":49,"column":48}},"49":{"start":{"line":50,"column":0},"end":{"line":50,"column":2}},"51":{"start":{"line":52,"column":0},"end":{"line":52,"column":22}},"52":{"start":{"line":53,"column":0},"end":{"line":53,"column":15}},"55":{"start":{"line":56,"column":0},"end":{"line":56,"column":27}},"56":{"start":{"line":57,"column":0},"end":{"line":57,"column":63}}},"s":{"0":0,"1":0,"2":0,"3":0,"4":0,"5":0,"6":0,"7":0,"8":0,"10":0,"11":0,"12":0,"14":0,"15":0,"16":0,"17":0,"18":0,"19":0,"20":0,"22":0,"23":0,"24":0,"25":0,"27":0,"28":0,"29":0,"30":0,"34":0,"35":0,"37":0,"38":0,"40":0,"41":0,"42":0,"43":0,"44":0,"45":0,"46":0,"47":0,"48":0,"49":0,"51":0,"52":0,"55":0,"56":0},"branchMap":{"0":{"type":"branch","line":1,"loc":{"start":{"line":1,"column":0},"end":{"line":153,"column":-2640}},"locations":[{"start":{"line":1,"column":0},"end":{"line":153,"column":-2640}}]}},"b":{"0":[0]},"fnMap":{"0":{"name":"(empty-report)","decl":{"start":{"line":1,"column":0},"end":{"line":153,"column":-2640}},"loc":{"start":{"line":1,"column":0},"end":{"line":153,"column":-2640}},"line":1}},"f":{"0":0}}
,"C:\\Users\\MoonT\\ydjs\\frontend\\src\\views\\ProfileView.vue": {"path":"C:\\Users\\MoonT\\ydjs\\frontend\\src\\views\\ProfileView.vue","all":true,"statementMap":{"0":{"start":{"line":1,"column":0},"end":{"line":1,"column":10}},"1":{"start":{"line":2,"column":0},"end":{"line":2,"column":33}},"2":{"start":{"line":3,"column":0},"end":{"line":3,"column":30}},"3":{"start":{"line":4,"column":0},"end":{"line":4,"column":24}},"4":{"start":{"line":5,"column":0},"end":{"line":5,"column":50}},"5":{"start":{"line":6,"column":0},"end":{"line":6,"column":41}},"6":{"start":{"line":7,"column":0},"end":{"line":7,"column":67}},"7":{"start":{"line":8,"column":0},"end":{"line":8,"column":30}},"8":{"start":{"line":9,"column":0},"end":{"line":9,"column":12}},"9":{"start":{"line":10,"column":0},"end":{"line":10,"column":24}},"10":{"start":{"line":11,"column":0},"end":{"line":11,"column":37}},"11":{"start":{"line":12,"column":0},"end":{"line":12,"column":46}},"12":{"start":{"line":13,"column":0},"end":{"line":13,"column":47}},"13":{"start":{"line":14,"column":0},"end":{"line":14,"column":12}},"14":{"start":{"line":15,"column":0},"end":{"line":15,"column":10}},"16":{"start":{"line":17,"column":0},"end":{"line":17,"column":23}},"17":{"start":{"line":18,"column":0},"end":{"line":18,"column":48}},"18":{"start":{"line":19,"column":0},"end":{"line":19,"column":52}},"19":{"start":{"line":20,"column":0},"end":{"line":20,"column":10}},"21":{"start":{"line":22,"column":0},"end":{"line":22,"column":26}},"22":{"start":{"line":23,"column":0},"end":{"line":23,"column":40}},"23":{"start":{"line":24,"column":0},"end":{"line":24,"column":39}},"24":{"start":{"line":25,"column":0},"end":{"line":25,"column":40}},"25":{"start":{"line":26,"column":0},"end":{"line":26,"column":41}},"26":{"start":{"line":27,"column":0},"end":{"line":27,"column":50}},"27":{"start":{"line":28,"column":0},"end":{"line":28,"column":9}},"28":{"start":{"line":29,"column":0},"end":{"line":29,"column":8}},"32":{"start":{"line":33,"column":0},"end":{"line":33,"column":36}},"33":{"start":{"line":34,"column":0},"end":{"line":34,"column":38}},"34":{"start":{"line":35,"column":0},"end":{"line":35,"column":47}},"36":{"start":{"line":37,"column":0},"end":{"line":37,"column":122}},"37":{"start":{"line":38,"column":0},"end":{"line":38,"column":26}},"39":{"start":{"line":40,"column":0},"end":{"line":40,"column":30}},"
[...]
ne":116,"column":11}},"116":{"start":{"line":117,"column":0},"end":{"line":117,"column":18}},"117":{"start":{"line":118,"column":0},"end":{"line":118,"column":22}},"118":{"start":{"line":119,"column":0},"end":{"line":119,"column":2}},"122":{"start":{"line":123,"column":0},"end":{"line":123,"column":31}},"123":{"start":{"line":124,"column":0},"end":{"line":124,"column":33}},"124":{"start":{"line":125,"column":0},"end":{"line":125,"column":20}},"127":{"start":{"line":128,"column":0},"end":{"line":128,"column":22}},"128":{"start":{"line":129,"column":0},"end":{"line":129,"column":15}},"131":{"start":{"line":132,"column":0},"end":{"line":132,"column":33}},"133":{"start":{"line":134,"column":0},"end":{"line":134,"column":40}},"134":{"start":{"line":135,"column":0},"end":{"line":135,"column":53}},"137":{"start":{"line":138,"column":0},"end":{"line":138,"column":31}},"138":{"start":{"line":139,"column":0},"end":{"line":139,"column":16}},"139":{"start":{"line":140,"column":0},"end":{"line":140,"column":23}},"140":{"start":{"line":141,"column":0},"end":{"line":141,"column":16}},"141":{"start":{"line":142,"column":0},"end":{"line":142,"column":30}},"144":{"start":{"line":145,"column":0},"end":{"line":145,"column":32}},"145":{"start":{"line":146,"column":0},"end":{"line":146,"column":31}},"148":{"start":{"line":149,"column":0},"end":{"line":149,"column":34}},"149":{"start":{"line":150,"column":0},"end":{"line":150,"column":26}},"150":{"start":{"line":151,"column":0},"end":{"line":151,"column":27}},"151":{"start":{"line":152,"column":0},"end":{"line":152,"column":10}},"154":{"start":{"line":155,"column":0},"end":{"line":155,"column":7}},"155":{"start":{"line":156,"column":0},"end":{"line":156,"column":41}},"156":{"start":{"line":157,"column":0},"end":{"line":157,"column":22}},"157":{"start":{"line":158,"column":0},"end":{"line":158,"column":36}},"158":{"start":{"line":159,"column":0},"end":{"line":159,"column":21}},"159":{"start":{"line":160,"column":0},"end":{"line":160,"column":6}},"162":{"start":{"line":163,"column":0},"end":{"line":163,"column":18}},"163":{"start":{"line":164,"column":0},"end":{"line":164,"column":34}},"164":{"start":{"line":165,"column":0},"end":{"line":165,"column":12}},"166":{"start":{"line":167,"column":0},"end":{"line":167,"column":32}},"167":{"start":{"line":168,"column":0},"end":{"line":168,"column":38}},"168":{"start":{"line":169,"column":0},"end":{"line":169,"column":24}},"169":{"start":{"line":170,"column":0},"end":{"line":170,"column":38}},"170":{"start":{"line":171,"column":0},"end":{"line":171,"column":24}},"171":{"start":{"line":172,"column":0},"end":{"line":172,"column":35}},"172":{"start":{"line":173,"column":0},"end":{"line":173,"column":44}},"173":{"start":{"line":174,"column":0},"end":{"line":174,"column":43}},"174":{"start":{"line":175,"column":0},"end":{"line":175,"column":7}},"175":{"start":{"line":176,"column":0},"end":{"line":176,"column":35}},"178":{"start":{"line":179,"column":0},"end":{"line":179,"column":25}},"179":{"start":{"line":180,"column":0},"end":{"line":180,"column":22}},"180":{"start":{"line":181,"column":0},"end":{"line":181,"column":19}},"181":{"start":{"line":182,"column":0},"end":{"line":182,"column":33}},"182":{"start":{"line":183,"column":0},"end":{"line":183,"column":30}},"186":{"start":{"line":187,"column":0},"end":{"line":187,"column":41}},"187":{"start":{"line":188,"column":0},"end":{"line":188,"column":23}},"188":{"start":{"line":189,"column":0},"end":{"line":189,"column":27}},"189":{"start":{"line":190,"column":0},"end":{"line":190,"column":47}},"190":{"start":{"line":191,"column":0},"end":{"line":191,"column":33}},"191":{"start":{"line":192,"column":0},"end":{"line":192,"column":28}},"194":{"start":{"line":195,"column":0},"end":{"line":195,"column":30}},"195":{"start":{"line":196,"column":0},"end":{"line":196,"column":29}},"198":{"start":{"line":199,"column":0},"end":{"line":199,"column":32}},"199":{"start":{"line":200,"column":0},"end":{"line":200,"column":30}},"200":{"start":{"line":201,"column":0},"end":{"line":201,"column":27}},"201":{"start":{"line":202,"column":0},"end":{"line":202,"column":10}},"204":{"start":{"line":205,"column":0},"end":{"line":205,"column":7}},"205":{"start":{"line":206,"column":0},"end":{"line":206,"column":35}},"206":{"start":{"line":207,"column":0},"end":{"line":207,"column":26}},"207":{"start":{"line":208,"column":0},"end":{"line":208,"column":40}},"208":{"start":{"line":209,"column":0},"end":{"line":209,"column":25}},"209":{"start":{"line":210,"column":0},"end":{"line":210,"column":6}},"210":{"start":{"line":211,"column":0},"end":{"line":211,"column":25}},"211":{"start":{"line":212,"column":0},"end":{"line":212,"column":20}},"212":{"start":{"line":213,"column":0},"end":{"line":213,"column":21}},"213":{"start":{"line":214,"column":0},"end":{"line":214,"column":19}},"214":{"start":{"line":215,"column":0},"end":{"line":215,"column":33}},"215":{"start":{"line":216,"column":0},"end":{"line":216,"column":30}},"219":{"start":{"line":220,"column":0},"end":{"line":220,"column":44}},"220":{"start":{"line":221,"column":0},"end":{"line":221,"column":32}},"221":{"start":{"line":222,"column":0},"end":{"line":222,"column":10}},"224":{"start":{"line":225,"column":0},"end":{"line":225,"column":7}},"225":{"start":{"line":226,"column":0},"end":{"line":226,"column":24}},"226":{"start":{"line":227,"column":0},"end":{"line":227,"column":25}},"227":{"start":{"line":228,"column":0},"end":{"line":228,"column":21}},"228":{"start":{"line":229,"column":0},"end":{"line":229,"column":19}},"229":{"start":{"line":230,"column":0},"end":{"line":230,"column":33}},"230":{"start":{"line":231,"column":0},"end":{"line":231,"column":30}},"236":{"start":{"line":237,"column":0},"end":{"line":237,"column":20}}},"s":{"0":1,"1":1,"2":1,"3":1,"4":1,"5":5,"6":5,"7":5,"8":1,"9":1,"11":1,"12":1,"13":1,"14":1,"16":1,"17":1,"18":1,"19":1,"20":1,"21":1,"22":1,"23":1,"24":1,"25":1,"27":1,"28":1,"29":1,"30":1,"31":1,"32":1,"33":1,"34":1,"35":1,"36":1,"37":1,"38":1,"39":1,"40":1,"41":1,"42":1,"43":1,"44":1,"45":1,"46":1,"47":1,"49":1,"50":1,"51":1,"52":1,"53":1,"54":1,"56":1,"57":1,"58":1,"59":1,"60":1,"61":1,"62":1,"63":1,"64":1,"65":1,"66":1,"67":1,"68":1,"69":1,"70":1,"71":1,"72":1,"73":1,"74":1,"75":1,"76":1,"78":1,"79":1,"80":1,"81":1,"82":1,"83":1,"86":1,"90":1,"91":1,"92":1,"95":1,"96":1,"99":1,"100":1,"103":1,"106":1,"107":1,"108":1,"109":1,"110":1,"113":1,"114":1,"115":1,"116":1,"117":1,"118":1,"122":1,"123":1,"124":1,"127":1,"128":1,"131":1,"133":1,"134":1,"137":1,"138":1,"139":1,"140":1,"141":1,"144":1,"145":1,"148":1,"149":1,"150":1,"151":1,"154":1,"155":1,"156":1,"157":1,"158":1,"159":1,"162":1,"163":0,"164":0,"166":1,"167":1,"168":1,"169":1,"170":1,"171":1,"172":1,"173":1,"174":1,"175":1,"178":1,"179":1,"180":1,"181":1,"182":1,"186":1,"187":1,"188":1,"189":1,"190":1,"191":1,"194":1,"195":1,"198":1,"199":1,"200":1,"201":1,"204":1,"205":1,"206":1,"207":1,"208":1,"209":1,"210":1,"211":1,"212":1,"213":1,"214":1,"215":1,"219":1,"220":1,"221":1,"224":1,"225":1,"226":1,"227":1,"228":1,"229":1,"230":1,"236":1},"branchMap":{"0":{"type":"branch","line":163,"loc":{"start":{"line":163,"column":17},"end":{"line":165,"column":12}},"locations":[{"start":{"line":163,"column":17},"end":{"line":165,"column":12}}]},"1":{"type":"branch","line":5,"loc":{"start":{"line":5,"column":8},"end":{"line":9,"column":10}},"locations":[{"start":{"line":5,"column":8},"end":{"line":9,"column":10}}]},"2":{"type":"branch","line":9,"loc":{"start":{"line":9,"column":6},"end":{"line":9,"column":38}},"locations":[{"start":{"line":9,"column":6},"end":{"line":9,"column":38}}]},"3":{"type":"branch","line":17,"loc":{"start":{"line":17,"column":27},"end":{"line":17,"column":70}},"locations":[{"start":{"line":17,"column":27},"end":{"line":17,"column":70}}]},"4":{"type":"branch","line":31,"loc":{"start":{"line":31,"column":8},"end":{"line":31,"column":22}},"locations":[{"start":{"line":31,"column":8},"end":{"line":31,"column":22}}]},"5":{"type":"branch","line":34,"loc":{"start":{"line":34,"column":26},"end":{"line":34,"column":37}},"locations":[{"start":{"line":34,"column":26},"end":{"line":34,"column":37}}]},"6":{"type":"branch","line":38,"loc":{"start":{"line":38,"column":29},"end":{"line":38,"column":47}},"locations":[{"start":{"line":38,"column":29},"end":{"line":38,"column":47}}]},"7":{"type":"branch","line":21,"loc":{"start":{"line":21,"column":54},"end":{"line":21,"column":61}},"locations":[{"start":{"line":21,"column":54},"end":{"line":21,"column":61}}]},"8":{"type":"branch","line":19,"loc":{"start":{"line":19,"column":66},"end":{"line":19,"column":95}},"locations":[{"start":{"line":19,"column":66},"end":{"line":19,"column":95}}]},"9":{"type":"branch","line":34,"loc":{"start":{"line":34,"column":26},"end":{"line":34,"column":37}},"locations":[{"start":{"line":34,"column":26},"end":{"line":34,"column":37}}]},"10":{"type":"branch","line":38,"loc":{"start":{"line":38,"column":29},"end":{"line":38,"column":47}},"locations":[{"start":{"line":38,"column":29},"end":{"line":38,"column":47}}]},"11":{"type":"branch","line":44,"loc":{"start":{"line":44,"column":59},"end":{"line":44,"column":70}},"locations":[{"start":{"line":44,"column":59},"end":{"line":44,"column":70}}]}},"b":{"0":[0],"1":[5],"2":[5],"3":[5],"4":[3],"5":[3],"6":[3],"7":[0],"8":[1],"9":[2],"10":[2],"11":[3]},"fnMap":{"0":{"name":"refresh","decl":{"start":{"line":132,"column":6},"end":{"line":132,"column":33}},"loc":{"start":{"line":132,"column":6},"end":{"line":132,"column":33}},"line":132},"1":{"name":"onClick","decl":{"start":{"line":19,"column":66},"end":{"line":19,"column":95}},"loc":{"start":{"line":19,"column":66},"end":{"line":19,"column":95}},"line":19},"2":{"name":"__vite_ssr_import_4__.createElementBlock.$setup.showCreateModal.__vite_ssr_import_4__.createElementBlock.__vite_ssr_import_4__.createElementVNode.__vite_ssr_import_4__.createElementVNode.__vite_ssr_import_4__.withDirectives.__vite_ssr_import_4__.createElementVNode.onUpdate:modelValue._cache.<computed>._cache.<computed>","decl":{"start":{"line":34,"column":26},"end":{"line":34,"column":37}},"loc":{"start":{"line":34,"column":26},"end":{"line":34,"column":37}},"line":34},"3":{"name":"__vite_ssr_import_4__.createElementBlock.$setup.showCreateModal.__vite_ssr_import_4__.createElementBlock.__vite_ssr_import_4__.createElementVNode.__vite_ssr_import_4__.createElementVNode.__vite_ssr_import_4__.withDirectives.__vite_ssr_import_4__.createElementVNode.onUpdate:modelValue._cache.<computed>._cache.<computed>","decl":{"start":{"line":38,"column":29},"end":{"line":38,"column":47}},"loc":{"start":{"line":38,"column":29},"end":{"line":38,"column":47}},"line":38},"4":{"name":"__vite_ssr_import_4__.createElementVNode.__vite_ssr_import_4__.withDirectives.__vite_ssr_import_4__.createElementVNode.onUpdate:modelValue._cache.<computed>._cache.<computed>","decl":{"start":{"line":44,"column":59},"end":{"line":44,"column":70}},"loc":{"start":{"line":44,"column":59},"end":{"line":44,"column":70}},"line":44},"5":{"name":"__vite_ssr_import_4__.createElementBlock.$setup.showEditModal.__vite_ssr_import_4__.createElementBlock.__vite_ssr_import_4__.createElementVNode.__vite_ssr_import_4__.createElementVNode.__vite_ssr_import_4__.withDirectives.__vite_ssr_import_4__.createElementVNode.onUpdate:modelValue._cache.<computed>._cache.<computed>","decl":{"start":{"line":63,"column":26},"end":{"line":63,"column":41}},"loc":{"start":{"line":63,"column":26},"end":{"line":63,"column":41}},"line":63},"6":{"name":"__vite_ssr_import_4__.createElementBlock.$setup.showEditModal.__vite_ssr_import_4__.createElementBlock.__vite_ssr_import_4__.createElementVNode.__vite_ssr_import_4__.createElementVNode.__vite_ssr_import_4__.withDirectives.__vite_ssr_import_4__.createElementVNode.onUpdate:modelValue._cache.<computed>._cache.<computed>","decl":{"start":{"line":67,"column":29},"end":{"line":67,"column":51}},"loc":{"start":{"line":67,"column":29},"end":{"line":67,"column":51}},"line":67}},"f":{"0":0,"1":1,"2":2,"3":2,"4":0,"5":0,"6":0}}
,"C:\\Users\\MoonT\\ydjs\\frontend\\src\\views\\UserDetailView.vue": {"path":"C:\\Users\\MoonT\\ydjs\\frontend\\src\\views\\UserDetailView.vue","all":false,"statementMap":{"0":{"start":{"line":1,"column":0},"end":{"line":1,"column":10}},"1":{"start":{"line":2,"column":0},"end":{"line":2,"column":37}},"2":{"start":{"line":3,"column":0},"end":{"line":3,"column":39}},"3":{"start":{"line":4,"column":0},"end":{"line":4,"column":50}},"4":{"start":{"line":5,"column":0},"end":{"line":5,"column":111}},"5":{"start":{"line":6,"column":0},"end":{"line":6,"column":83}},"6":{"start":{"line":7,"column":0},"end":{"line":7,"column":14}},"7":{"start":{"line":8,"column":0},"end":{"line":8,"column":15}},"8":{"start":{"line":9,"column":0},"end":{"line":9,"column":45}},"9":{"start":{"line":10,"column":0},"end":{"line":10,"column":13}},"11":{"start":{"line":12,"column":0},"end":{"line":12,"column":31}},"12":{"start":{"line":13,"column":0},"end":{"line":13,"column":36}},"13":{"start":{"line":14,"column":0},"end":{"line":14,"column":97}},"14":{"start":{"line":15,"column":0},"end":{"line":15,"column":12}},"15":{"start":{"line":16,"column":0},"end":{"line":16,"column":29}},"16":{"start":{"line":17,"column":0},"end":{"line":17,"column":70}},"17":{"start":{"line":18,"column":0},"end":{"line":18,"column":45}},"18":{"start":{"line":19,"column":0},"end":{"line":19,"column":56}},"19":{"start":{"line":20,"column":0},"end":{"line":20,"column":67}},"20":{"start":{"line":21,"column":0},"end":{"line":21,"column":12}},"21":{"start":{"line":22,"column":0},"end":{"line":22,"column":14}},"23":{"start":{"line":24,"column":0},"end":{"line":24,"column":32}},"24":{"start":{"line":25,"column":0},"end":{"line":25,"column":20}},"25":{"start":{"line":26,"column":0},"end":{"line":26,"column":64}},"26":{"start":{"line":27,"column":0},"end":{"line":27,"column":17}},"27":{"start":{"line":28,"column":0},"end":{"line":28,"column":67}},"28":{"start":{"line":29,"column":0},"end":{"line":29,"column":35}},"29":{"start":{"line":30,"column":0},"end":{"line":30,"column":35}},"30":{"start":{"line":31,"column":0},"end":{"line":31,"column":56}},"31":{"start":{"line":32,"column":0},"end":{"line":32,"column":13}},"32":{"start":{"line":33,"column":0},"end":{"line":33,"column":11}},"33":{"start":{"line":34,"column":0},"end":{"line":34,"column":14}},"34":{"start":{"line":35,"column":0},"end":{"line":35,"column":8}},"38":{"start":{"line":39,"column":0},"end":{"line":39,"column":36}},"39":{"start":{"line":40,"column":0},"end":{"line":40,"column":48}},"42":{"start":{"line":43,"column":0},"end":{"line":43,"column":24}},"43":{"start":{"line":44,"column":0},"end":{"line":44,"column":26}},"44":{"start":{"line":45,"column":0},"end":{"line":45,"column":38}},"46":{"start":{"line":47,"column":0},"end":{"line":47,"column":26}},"47":{"start":{"line":48,"column":0},"end":{"line":48,"column":13}},"48":{"start":{"line":49,"column":0},"end":{"line":49,"column":15}},"49":{"start":{"line":50,"column":0},"end":{"line":50,"column":15}},"50":{"start":{"line":51,"column":0},"end":{"line":51,"column":12}},"51":{"start":{"line":52,"column":0},"end":{"line":52,"column":13}},"52":{"start":{"line":53,"column":0},"end":{"line":53,"column":16}},"53":{"start":{"line":54,"column":0},"end":{"line":54,"column":15}},"54":{"start":{"line":55,"column":0},"end":{"line":55,"column":2}},"56":{"start":{"line":57,"column":0},"end":{"line":57,"column":28}},"58":{"start":{"line":59,"column":0},"end":{"line":59,"column":34}},"59":{"start":{"line":60,"column":0},"end":{"line":60,"column":7}},"62":{"start":{"line":63,"column":0},"end":{"line":63,"column":18}},"63":{"start":{"line":64,"column":0},"end":{"line":64,"column":17}},"64":{"start":{"line":65,"column":0},"end":{"line":65,"column":32}},"65":{"start":{"line":66,"column":0},"end":{"line":66,"column":30}},"66":{"start":{"line":67,"column":0},"end":{"line":67,"column":41}},"67":{"start":{"line":68,"column":0},"end":{"line":68,"column":67}},"68":{"start":{"line":69,"column":0},"end":{"line":69,"column":42}},"69":{"start":{"line":70,"column":0},"end":{"line":70,"column":41}},"70":{"start":{"line":71,"column":0},"end":{"line":71,"column":5}},"71":{"start":{"line":72,"column":0},"end":{"line":72,"column":19}},"72":{"start":{"line":73,"column":0},"end":{"line":73,"column":37}},"76":{"start":{"line":77,"column":0},"end":{"line":77,"column":35}},"77":{"start":{"line":78,"column":0},"end":{"line":78,"column":7}},"80":{"start":{"line":81,"column":0},"end":{"line":81,"column":23}},"81":{"start":{"line":82,"column":0},"end":{"line":82,"column":21}},"82":{"start":{"line":83,"column":0},"end":{"line":83,"column":9}},"83":{"start":{"line":84,"column":0},"end":{"line":84,"column":16}},"84":{"start":{"line":85,"column":0},"end":{"line":85,"column":25}},"85":{"start":{"line":86,"column":0},"end":{"line":86,"column":44}},"86":{"start":{"line":87,"column":0},"end":{"line":87,"column":34}},"87":{"start":{"line":88,"column":0},"end":{"line":88,"column":10}},"88":{"start":{"line":89,"column":0},"end":{"line":89,"column":9}},"89":{"start":{"line":90,"column":0},"end":{"line":90,"column":16}},"90":{"start":{"line":91,"column":0},"end":{"line":91,"column":26}},"91":{"start":{"line":92,"column":0},"end":{"line":92,"column":43}},"92":{"start":{"line":93,"column":0},"end":{"line":93,"column":34}},"93":{"start":{"line":94,"column":0},"end":{"line":94,"column":9}},"94":{"start":{"line":95,"column":0},"end":{"line":95,"column":7}},"96":{"start":{"line":97,"column":0},"end":{"line":97,"column":19}},"97":{"start":{"line":98,"column":0},"end":{"line":98,"column":37}},"101":{"start":{"line":102,"column":0},"end":{"line":102,"column":22}},"102":{"start":{"line":103,"column":0},"end":{"line":103,"column":15}},"105":{"start":{"line":106,"column":0},"end":{"line":106,"column":17}},"106":{"start":{"line":107,"column":0},"end":{"line":107,"column":16}},"107":{"start":{"line":108,"column":0},"end":{"line":108,"column":17}},"108":{"start":{"line":109,"column":0},"end":{"line":109,"column":2}}},"s":{"0":1,"1":1,"2":1,"3":1,"4":1,"5":4,"6":4,"7":4,"8":1,"9":1,"11":1,"12":1,"13":1,"14":1,"15":1,"16":1,"17":1,"18":1,"19":1,"20":1,"21":1,"23":1,"24":1,"25":1,"26":1,"27":1,"28":1,"29":1,"30":1,"31":1,"32":1,"33":1,"34":1,"38":1,"39":1,"42":1,"43":1,"44":1,"46":1,"47":1,"48":1,"49":1,"50":1,"51":1,"52":1,"53":1,"54":1,"56":1,"58":1,"59":1,"62":1,"63":1,"64":1,"65":1,"66":1,"67":1,"68":1,"69":1,"70":1,"71":1,"72":1,"76":1,"77":1,"80":1,"81":1,"82":1,"83":1,"84":1,"85":1,"86":1,"87":1,"88":1,"89":1,"90":1,"91":1,"92":1,"93":1,"94":1,"96":1,"97":1,"101":1,"102":1,"105":4,"106":4,"107":4,"108":4},"branchMap":{"0":{"type":"branch","line":106,"loc":{"start":{"line":106,"column":0},"end":{"line":109,"column":2}},"locations":[{"start":{"line":106,"column":0},"end":{"line":109,"column":2}}]},"1":{"type":"branch","line":5,"loc":{"start":{"line":5,"column":8},"end":{"line":9,"column":10}},"locations":[{"start":{"line":5,"column":8},"end":{"line":9,"column":10}}]},"2":{"type":"branch","line":9,"loc":{"start":{"line":9,"column":6},"end":{"line":9,"column":45}},"locations":[{"start":{"line":9,"column":6},"end":{"line":9,"column":45}}]},"3":{"type":"branch","line":14,"loc":{"start":{"line":14,"column":24},"end":{"line":14,"column":69}},"locations":[{"start":{"line":14,"column":24},"end":{"line":14,"column":69}}]},"4":{"type":"branch","line":17,"loc":{"start":{"line":17,"column":37},"end":{"line":17,"column":62}},"locations":[{"start":{"line":17,"column":37},"end":{"line":17,"column":62}}]},"5":{"type":"branch","line":20,"loc":{"start":{"line":20,"column":22},"end":{"line":20,"column":67}},"locations":[{"start":{"line":20,"column":22},"end":{"line":20,"column":67}}]},"6":{"type":"branch","line":20,"loc":{"start":{"line":20,"column":60},"end":{"line":20,"column":67}},"locations":[{"start":{"line":20,"column":60},"end":{"line":20,"column":67}}]}},"b":{"0":[4],"1":[4],"2":[4],"3":[4],"4":[4],"5":[4],"6":[4]},"fnMap":{},"f":{}}
}
