{"C:\\Users\\MoonT\\ydjs\\frontend\\src\\api\\home.ts": {"path":"C:\\Users\\MoonT\\ydjs\\frontend\\src\\api\\home.ts","statementMap":{"0":{"start":{"line":23,"column":13},"end":{"line":24,"column":null}},"1":{"start":{"line":24,"column":2},"end":{"line":24,"column":null}},"2":{"start":{"line":24,"column":54},"end":{"line":24,"column":91}},"3":{"start":{"line":33,"column":13},"end":{"line":39,"column":null}},"4":{"start":{"line":37,"column":2},"end":{"line":39,"column":null}},"5":{"start":{"line":39,"column":19},"end":{"line":39,"column":64}}},"fnMap":{"0":{"name":"(anonymous_0)","decl":{"start":{"line":23,"column":13},"end":{"line":23,"column":28}},"loc":{"start":{"line":23,"column":84},"end":{"line":24,"column":null}},"line":23},"1":{"name":"(anonymous_1)","decl":{"start":{"line":24,"column":40},"end":{"line":24,"column":46}},"loc":{"start":{"line":24,"column":54},"end":{"line":24,"column":91}},"line":24},"2":{"name":"(anonymous_2)","decl":{"start":{"line":33,"column":13},"end":{"line":33,"column":33}},"loc":{"start":{"line":36,"column":43},"end":{"line":39,"column":null}},"line":36},"3":{"name":"(anonymous_3)","decl":{"start":{"line":39,"column":5},"end":{"line":39,"column":11}},"loc":{"start":{"line":39,"column":19},"end":{"line":39,"column":64}},"line":39}},"branchMap":{},"s":{"0":1,"1":4,"2":4,"3":1,"4":0,"5":0},"f":{"0":4,"1":4,"2":0,"3":0},"b":{},"meta":{"lastBranch":0,"lastFunction":4,"lastStatement":6,"seen":{"s:23:13:24:Infinity":0,"f:23:13:23:28":0,"s:24:2:24:Infinity":1,"f:24:40:24:46":1,"s:24:54:24:91":2,"s:33:13:39:Infinity":3,"f:33:13:33:33":2,"s:37:2:39:Infinity":4,"f:39:5:39:11":3,"s:39:19:39:64":5}}}
,"C:\\Users\\MoonT\\ydjs\\frontend\\src\\api\\http.ts": {"path":"C:\\Users\\MoonT\\ydjs\\frontend\\src\\api\\http.ts","statementMap":{"0":{"start":{"line":3,"column":20},"end":{"line":9,"column":2}},"1":{"start":{"line":11,"column":0},"end":{"line":18,"column":null}},"2":{"start":{"line":12,"column":2},"end":{"line":12,"column":null}},"3":{"start":{"line":13,"column":16},"end":{"line":13,"column":45}},"4":{"start":{"line":14,"column":2},"end":{"line":15,"column":null}},"5":{"start":{"line":15,"column":4},"end":{"line":15,"column":null}},"6":{"start":{"line":17,"column":2},"end":{"line":17,"column":null}},"7":{"start":{"line":20,"column":0},"end":{"line":39,"column":null}},"8":{"start":{"line":22,"column":4},"end":{"line":22,"column":null}},"9":{"start":{"line":23,"column":17},"end":{"line":23,"column":null}},"10":{"start":{"line":24,"column":4},"end":{"line":25,"column":null}},"11":{"start":{"line":25,"column":6},"end":{"line":25,"column":null}},"12":{"start":{"line":27,"column":4},"end":{"line":27,"column":null}},"13":{"start":{"line":30,"column":4},"end":{"line":30,"column":null}},"14":{"start":{"line":32,"column":4},"end":{"line":35,"column":null}},"15":{"start":{"line":33,"column":6},"end":{"line":33,"column":null}},"16":{"start":{"line":34,"column":23},"end":{"line":34,"column":52}},"17":{"start":{"line":35,"column":6},"end":{"line":35,"column":null}},"18":{"start":{"line":37,"column":4},"end":{"line":37,"column":null}},"19":{"start":{"line":42,"column":2},"end":{"line":42,"column":null}},"20":{"start":{"line":42,"column":12},"end":{"line":42,"column":null}},"21":{"start":{"line":44,"column":2},"end":{"line":63,"column":null}},"22":{"start":{"line":45,"column":4},"end":{"line":63,"column":null}},"23":{"start":{"line":49,"column":24},"end":{"line":62,"column":null}},"24":{"start":{"line":66,"column":2},"end":{"line":76,"column":null}},"25":{"start":{"line":67,"column":4},"end":{"line":76,"column":null}},"26":{"start":{"line":71,"column":24},"end":{"line":75,"column":null}},"27":{"start":{"line":79,"column":2},"end":{"line":93,"column":null}},"28":{"start":{"line":80,"column":4},"end":{"line":93,"column":null}},"29":{"start":{"line":96,"column":2},"end":{"line":106,"column":null}},"30":{"start":{"line":97,"column":4},"end":{"line":106,"column":null}},"31":{"start":{"line":100,"column":24},"end":{"line":105,"column":11}},"32":{"start":{"line":109,"column":2},"end":{"line":116,"column":null}},"33":{"start":{"line":110,"column":4},"end":{"line":116,"column":null}},"34":{"start":{"line":119,"column":2},"end":{"line":119,"column":null}}},"fnMap":{"0":{"name":"(anonymous_0)","decl":{"start":{"line":11,"column":26},"end":{"line":11,"column":31}},"loc":{"start":{"line":11,"column":42},"end":{"line":18,"column":null}},"line":11},"1":{"name":"(anonymous_1)","decl":{"start":{"line":20,"column":27},"end":{"line":20,"column":null}},"loc":{"start":{"line":21,"column":16},"end":{"line":29,"column":13}},"line":21},"2":{"name":"(anonymous_2)","decl":{"start":{"line":29,"column":3},"end":{"line":29,"column":13}},"loc":{"start":{"line":29,"column":13},"end":{"line":39,"column":null}},"line":29},"3":{"name":"getMockData","decl":{"start":{"line":41,"column":9},"end":{"line":41,"column":21}},"loc":{"start":{"line":41,"column":46},"end":{"line":119,"column":null}},"line":41},"4":{"name":"(anonymous_4)","decl":{"start":{"line":49,"column":9},"end":{"line":49,"column":14}},"loc":{"start":{"line":49,"column":24},"end":{"line":62,"column":null}},"line":49},"5":{"name":"(anonymous_5)","decl":{"start":{"line":71,"column":9},"end":{"line":71,"column":14}},"loc":{"start":{"line":71,"column":24},"end":{"line":75,"column":null}},"line":71},"6":{"name":"(anonymous_6)","decl":{"start":{"line":100,"column":9},"end":{"line":100,"column":14}},"loc":{"start":{"line":100,"column":24},"end":{"line":105,"column":11}},"line":100}},"branchMap":{"0":{"loc":{"start":{"line":4,"column":11},"end":{"line":4,"column":null}},"type":"binary-expr","locations":[{"start":{"line":4,"column":11},"end":{"line":4,"column":48}},{"start":{"line":4,"column":48},"end":{"line":4,"column":null}}],"line":4},"1":{"loc":{"start":{"line":14,"column":2},"end":{"line":15,"column":null}},"type":"if","locations":[{"start":{"line":14,"column":2},"end":{"line":15,"column":null}},{"start":{},"end":{}}],"line":14},"2":{"loc":{"start":{"line":14,"column":6},"end":{"line":14,"column":31}},"type":"binary-expr","locations":[{"start":{"line":14,"column":6},"end":{"line":14,"column":15}},{"start":{"line":14,"column":15},"end":{"line":14,"column":31}}],"line":14},"3":{"loc":{"start":{"line":24,"column":4},"end":{"line":25,"column":null}},"type":"if","locations":[{"start":{"line":24,"column":4},"end":{"line":25,"column":null}},{"start":{},"end":{}}],"line":24},"4":{"loc":{"start":{"line":24,"column":8},"end":{"line":24,"column":46}},"type":"binary-expr","locations":[{"start":{"line":24,"column":8},"end":{"line":24,"column":16}},{"start":{"line":24,"column":16},"end":{"line":24,"column":29}},{"start":{"line":24,"column":29},"end":{"line":24,"column":46}}],"line":24},"5":{"loc":{"start":{"line":25,"column":38},"end":{"line":25,"column":61}},"type":"binary-expr","locations":[{"start":{"line":25,"column":38},"end":{"line":25,"column":54}},{"start":{"line":25,"column":54},"end":{"line":25,"column":61}}],"line":25},"6":{"loc":{"start":{"line":27,"column":11},"end":{"line":27,"column":null}},"type":"binary-expr","locations":[{"start":{"line":27,"column":11},"end":{"line":27,"column":24}},{"start":{"line":27,"column":24},"end":{"line":27,"column":null}}],"line":27},"7":{"loc":{"start":{"line":32,"column":4},"end":{"line":35,"column":null}},"type":"if","locations":[{"start":{"line":32,"column":4},"end":{"line":35,"column":null}},{"start":{},"end":{}}],"line":32},"8":{"loc":{"start":{"line":42,"column":2},"end":{"line":42,"column":null}},"type":"if","locations":[{"start":{"line":42,"column":2},"end":{"line":42,"column":null}},{"start":{},"end":{}}],"line":42},"9":{"loc":{"start":{"line":44,"column":2},"end":{"line":63,"column":null}},"type":"if","locations":[{"start":{"line":44,"column":2},"end":{"line":63,"column":null}},{"start":{},"end":{}}],"line":44},"10":{"loc":{"start":{"line":66,"column":2},"end":{"line":76,"column":null}},"type":"if","locations":[{"start":{"line":66,"column":2},"end":{"line":76,"column":null}},{"start":{},"end":{}}],"line":66},"11":{"loc":{"start":{"line":79,"column":2},"end":{"line":93,"column":null}},"type":"if","locations":[{"start":{"line":79,"column":2},"end":{"line":93,"column":null}},{"start":{},"end":{}}],"line":79},"12":{"loc":{"start":{"line":96,"column":2},"end":{"line":106,"column":null}},"type":"if","locations":[{"start":{"line":96,"column":2},"end":{"line":106,"column":null}},{"start":{},"end":{}}],"line":96},"13":{"loc":{"start":{"line":109,"column":2},"end":{"line":116,"column":null}},"type":"if","locations":[{"start":{"line":109,"column":2},"end":{"line":116,"column":null}},{"start":{},"end":{}}],"line":109}},"s":{"0":3,"1":3,"2":5,"3":5,"4":5,"5":0,"6":5,"7":3,"8":0,"9":0,"10":0,"11":0,"12":0,"13":5,"14":5,"15":5,"16":5,"17":5,"18":0,"19":5,"20":0,"21":5,"22":4,"23":20,"24":1,"25":0,"26":0,"27":1,"28":0,"29":1,"30":0,"31":0,"32":1,"33":0,"34":1},"f":{"0":5,"1":0,"2":5,"3":5,"4":20,"5":0,"6":0},"b":{"0":[3,3],"1":[0,5],"2":[5,0],"3":[0,0],"4":[0,0,0],"5":[0,0],"6":[0,0],"7":[5,0],"8":[0,5],"9":[4,1],"10":[0,1],"11":[0,1],"12":[0,1],"13":[0,1]},"meta":{"lastBranch":14,"lastFunction":7,"lastStatement":35,"seen":{"s:3:20:9:2":0,"b:4:11:4:48:4:48:4:Infinity":0,"s:11:0:18:Infinity":1,"f:11:26:11:31":0,"s:12:2:12:Infinity":2,"s:13:16:13:45":3,"b:14:2:15:Infinity:undefined:undefined:undefined:undefined":1,"s:14:2:15:Infinity":4,"b:14:6:14:15:14:15:14:31":2,"s:15:4:15:Infinity":5,"s:17:2:17:Infinity":6,"s:20:0:39:Infinity":7,"f:20:27:20:Infinity":1,"s:22:4:22:Infinity":8,"s:23:17:23:Infinity":9,"b:24:4:25:Infinity:undefined:undefined:undefined:undefined":3,"s:24:4:25:Infinity":10,"b:24:8:24:16:24:16:24:29:24:29:24:46":4,"s:25:6:25:Infinity":11,"b:25:38:25:54:25:54:25:61":5,"s:27:4:27:Infinity":12,"b:27:11:27:24:27:24:27:Infinity":6,"f:29:3:29:13":2,"s:30:4:30:Infinity":13,"b:32:4:35:Infinity:undefined:undefined:undefined:undefined":7,"s:32:4:35:Infinity":14,"s:33:6:33:Infinity":15,"s:34:23:34:52":16,"s:35:6:35:Infinity":17,"s:37:4:37:Infinity":18,"f:41:9:41:21":3,"b:42:2:42:Infinity:undefined:undefined:undefined:undefined":8,"s:42:2:42:Infinity":19,"s:42:12:42:Infinity":20,"b:44:2:63:Infinity:undefined:undefined:undefined:undefined":9,"s:44:2:63:Infinity":21,"s:45:4:63:Infinity":22,"f:49:9:49:14":4,"s:49:24:62:Infinity":23,"b:66:2:76:Infinity:undefined:undefined:undefined:undefined":10,"s:66:2:76:Infinity":24,"s:67:4:76:Infinity":25,"f:71:9:71:14":5,"s:71:24:75:Infinity":26,"b:79:2:93:Infinity:undefined:undefined:undefined:undefined":11,"s:79:2:93:Infinity":27,"s:80:4:93:Infinity":28,"b:96:2:106:Infinity:undefined:undefined:undefined:undefined":12,"s:96:2:106:Infinity":29,"s:97:4:106:Infinity":30,"f:100:9:100:14":6,"s:100:24:105:11":31,"b:109:2:116:Infinity:undefined:undefined:undefined:undefined":13,"s:109:2:116:Infinity":32,"s:110:4:116:Infinity":33,"s:119:2:119:Infinity":34}}}
,"C:\\Users\\MoonT\\ydjs\\frontend\\src\\api\\message.ts": {"path":"C:\\Users\\MoonT\\ydjs\\frontend\\src\\api\\message.ts","statementMap":{"0":{"start":{"line":19,"column":13},"end":{"line":20,"column":null}},"1":{"start":{"line":20,"column":2},"end":{"line":20,"column":null}},"2":{"start":{"line":20,"column":51},"end":{"line":20,"column":61}},"3":{"start":{"line":23,"column":13},"end":{"line":24,"column":null}},"4":{"start":{"line":24,"column":2},"end":{"line":24,"column":null}},"5":{"start":{"line":24,"column":45},"end":{"line":24,"column":73}}},"fnMap":{"0":{"name":"(anonymous_0)","decl":{"start":{"line":19,"column":13},"end":{"line":19,"column":28}},"loc":{"start":{"line":19,"column":73},"end":{"line":20,"column":null}},"line":19},"1":{"name":"(anonymous_1)","decl":{"start":{"line":20,"column":40},"end":{"line":20,"column":51}},"loc":{"start":{"line":20,"column":51},"end":{"line":20,"column":61}},"line":20},"2":{"name":"(anonymous_2)","decl":{"start":{"line":23,"column":13},"end":{"line":23,"column":53}},"loc":{"start":{"line":23,"column":53},"end":{"line":24,"column":null}},"line":23},"3":{"name":"(anonymous_3)","decl":{"start":{"line":24,"column":31},"end":{"line":24,"column":37}},"loc":{"start":{"line":24,"column":45},"end":{"line":24,"column":73}},"line":24}},"branchMap":{},"s":{"0":1,"1":1,"2":1,"3":1,"4":0,"5":0},"f":{"0":1,"1":1,"2":0,"3":0},"b":{},"meta":{"lastBranch":0,"lastFunction":4,"lastStatement":6,"seen":{"s:19:13:20:Infinity":0,"f:19:13:19:28":0,"s:20:2:20:Infinity":1,"f:20:40:20:51":1,"s:20:51:20:61":2,"s:23:13:24:Infinity":3,"f:23:13:23:53":2,"s:24:2:24:Infinity":4,"f:24:31:24:37":3,"s:24:45:24:73":5}}}
,"C:\\Users\\MoonT\\ydjs\\frontend\\src\\api\\user.ts": {"path":"C:\\Users\\MoonT\\ydjs\\frontend\\src\\api\\user.ts","statementMap":{"0":{"start":{"line":33,"column":13},"end":{"line":34,"column":null}},"1":{"start":{"line":34,"column":2},"end":{"line":34,"column":null}},"2":{"start":{"line":38,"column":13},"end":{"line":39,"column":null}},"3":{"start":{"line":39,"column":2},"end":{"line":39,"column":null}},"4":{"start":{"line":43,"column":13},"end":{"line":44,"column":null}},"5":{"start":{"line":44,"column":2},"end":{"line":44,"column":null}},"6":{"start":{"line":48,"column":13},"end":{"line":49,"column":null}},"7":{"start":{"line":49,"column":2},"end":{"line":49,"column":null}}},"fnMap":{"0":{"name":"(anonymous_0)","decl":{"start":{"line":33,"column":13},"end":{"line":33,"column":25}},"loc":{"start":{"line":33,"column":70},"end":{"line":34,"column":null}},"line":33},"1":{"name":"(anonymous_1)","decl":{"start":{"line":38,"column":13},"end":{"line":38,"column":22}},"loc":{"start":{"line":38,"column":64},"end":{"line":39,"column":null}},"line":38},"2":{"name":"(anonymous_2)","decl":{"start":{"line":43,"column":13},"end":{"line":43,"column":49}},"loc":{"start":{"line":43,"column":49},"end":{"line":44,"column":null}},"line":43},"3":{"name":"(anonymous_3)","decl":{"start":{"line":48,"column":13},"end":{"line":48,"column":30}},"loc":{"start":{"line":48,"column":84},"end":{"line":49,"column":null}},"line":48}},"branchMap":{},"s":{"0":1,"1":0,"2":1,"3":0,"4":1,"5":0,"6":1,"7":0},"f":{"0":0,"1":0,"2":0,"3":0},"b":{},"meta":{"lastBranch":0,"lastFunction":4,"lastStatement":8,"seen":{"s:33:13:34:Infinity":0,"f:33:13:33:25":0,"s:34:2:34:Infinity":1,"s:38:13:39:Infinity":2,"f:38:13:38:22":1,"s:39:2:39:Infinity":3,"s:43:13:44:Infinity":4,"f:43:13:43:49":2,"s:44:2:44:Infinity":5,"s:48:13:49:Infinity":6,"f:48:13:48:30":3,"s:49:2:49:Infinity":7}}}
,"C:\\Users\\MoonT\\ydjs\\frontend\\src\\views\\ApplyView.vue": {"path":"C:\\Users\\MoonT\\ydjs\\frontend\\src\\views\\ApplyView.vue","statementMap":{"0":{"start":{"line":40,"column":6},"end":{"line":40,"column":24}},"1":{"start":{"line":41,"column":6},"end":{"line":41,"column":26}},"2":{"start":{"line":43,"column":6},"end":{"line":43,"column":22}},"3":{"start":{"line":45,"column":6},"end":{"line":46,"column":null}},"4":{"start":{"line":46,"column":2},"end":{"line":46,"column":null}},"5":{"start":{"line":49,"column":26},"end":{"line":66,"column":null}},"6":{"start":{"line":50,"column":2},"end":{"line":52,"column":null}},"7":{"start":{"line":51,"column":4},"end":{"line":51,"column":null}},"8":{"start":{"line":52,"column":4},"end":{"line":52,"column":null}},"9":{"start":{"line":55,"column":2},"end":{"line":66,"column":null}},"10":{"start":{"line":56,"column":4},"end":{"line":60,"column":null}},"11":{"start":{"line":62,"column":4},"end":{"line":62,"column":null}},"12":{"start":{"line":63,"column":4},"end":{"line":63,"column":null}},"13":{"start":{"line":65,"column":4},"end":{"line":65,"column":null}},"14":{"start":{"line":66,"column":4},"end":{"line":66,"column":null}},"15":{"start":{"line":2,"column":7},"end":{"line":2,"column":30}},"16":{"start":{"line":15,"column":13},"end":{"line":15,"column":31}},"17":{"start":{"line":2,"column":2},"end":{"line":30,"column":15}},"18":{"start":{"line":17,"column":17},"end":{"line":17,"column":null}}},"fnMap":{"0":{"name":"(anonymous_0)","decl":{"start":{"line":45,"column":6},"end":{"line":45,"column":21}},"loc":{"start":{"line":45,"column":21},"end":{"line":46,"column":null}},"line":45},"1":{"name":"(anonymous_1)","decl":{"start":{"line":49,"column":26},"end":{"line":49,"column":38}},"loc":{"start":{"line":49,"column":38},"end":{"line":66,"column":null}},"line":49},"2":{"name":"(anonymous_2)","decl":{"start":{"line":17,"column":17},"end":{"line":17,"column":23}},"loc":{"start":{"line":17,"column":17},"end":{"line":17,"column":null}},"line":17}},"branchMap":{"0":{"loc":{"start":{"line":50,"column":2},"end":{"line":52,"column":null}},"type":"if","locations":[{"start":{"line":50,"column":2},"end":{"line":52,"column":null}},{"start":{},"end":{}}],"line":50},"1":{"loc":{"start":{"line":9,"column":6},"end":{"line":12,"column":11}},"type":"binary-expr","locations":[{"start":{"line":9,"column":6},"end":{"line":9,"column":15}},{"start":{"line":9,"column":6},"end":{"line":12,"column":11}}],"line":9},"2":{"loc":{"start":{"line":17,"column":17},"end":{"line":17,"column":null}},"type":"binary-expr","locations":[{"start":{"line":17,"column":17},"end":{"line":17,"column":23}},{"start":{"line":17,"column":17},"end":{"line":17,"column":null}}],"line":17}},"s":{"0":4,"1":4,"2":4,"3":4,"4":0,"5":4,"6":2,"7":1,"8":1,"9":1,"10":1,"11":1,"12":1,"13":0,"14":0,"15":1,"16":1,"17":6,"18":2},"f":{"0":0,"1":2,"2":2},"b":{"0":[1,1],"1":[6,4],"2":[6,4]},"meta":{"lastBranch":0,"lastFunction":0,"lastStatement":0,"seen":{}}}
,"C:\\Users\\MoonT\\ydjs\\frontend\\src\\views\\HomeView.vue": {"path":"C:\\Users\\MoonT\\ydjs\\frontend\\src\\views\\HomeView.vue","statementMap":{"0":{"start":{"line":89,"column":19},"end":{"line":89,"column":null}},"1":{"start":{"line":90,"column":6},"end":{"line":90,"column":34}},"2":{"start":{"line":92,"column":6},"end":{"line":92,"column":26}},"3":{"start":{"line":93,"column":6},"end":{"line":93,"column":33}},"4":{"start":{"line":95,"column":6},"end":{"line":98,"column":null}},"5":{"start":{"line":96,"column":2},"end":{"line":96,"column":null}},"6":{"start":{"line":96,"column":39},"end":{"line":96,"column":null}},"7":{"start":{"line":97,"column":2},"end":{"line":97,"column":null}},"8":{"start":{"line":97,"column":38},"end":{"line":97,"column":79}},"9":{"start":{"line":100,"column":6},"end":{"line":100,"column":26}},"10":{"start":{"line":102,"column":18},"end":{"line":139,"column":null}},"11":{"start":{"line":103,"column":2},"end":{"line":103,"column":null}},"12":{"start":{"line":104,"column":2},"end":{"line":104,"column":null}},"13":{"start":{"line":105,"column":2},"end":{"line":139,"column":null}},"14":{"start":{"line":106,"column":16},"end":{"line":106,"column":56}},"15":{"start":{"line":107,"column":4},"end":{"line":107,"column":null}},"16":{"start":{"line":109,"column":18},"end":{"line":109,"column":34}},"17":{"start":{"line":110,"column":4},"end":{"line":113,"column":null}},"18":{"start":{"line":111,"column":6},"end":{"line":111,"column":null}},"19":{"start":{"line":112,"column":6},"end":{"line":112,"column":null}},"20":{"start":{"line":113,"column":6},"end":{"line":113,"column":null}},"21":{"start":{"line":116,"column":4},"end":{"line":133,"column":null}},"22":{"start":{"line":117,"column":21},"end":{"line":117,"column":null}},"23":{"start":{"line":118,"column":6},"end":{"line":132,"column":null}},"24":{"start":{"line":134,"column":4},"end":{"line":134,"column":null}},"25":{"start":{"line":136,"column":4},"end":{"line":136,"column":null}},"26":{"start":{"line":137,"column":4},"end":{"line":137,"column":null}},"27":{"start":{"line":139,"column":4},"end":{"line":139,"column":null}},"28":{"start":{"line":143,"column":6},"end":{"line":144,"column":null}},"29":{"start":{"line":144,"column":2},"end":{"line":144,"column":null}},"30":{"start":{"line":147,"column":6},"end":{"line":148,"column":null}},"31":{"start":{"line":148,"column":2},"end":{"line":148,"column":null}},"32":{"start":{"line":151,"column":0},"end":{"line":153,"column":null}},"33":{"start":{"line":152,"column":2},"end":{"line":152,"column":null}},"34":{"start":{"line":2,"column":7},"end":{"line":2,"column":29}},"35":{"start":{"line":7,"column":13},"end":{"line":7,"column":34}},"36":{"start":{"line":18,"column":13},"end":{"line":18,"column":30}},"37":{"start":{"line":26,"column":15},"end":{"line":26,"column":31}},"38":{"start":{"line":33,"column":17},"end":{"line":33,"column":34}},"39":{"start":{"line":34,"column":19},"end":{"line":34,"column":40}},"40":{"start":{"line":35,"column":21},"end":{"line":35,"column":37}},"41":{"start":{"line":38,"column":21},"end":{"line":38,"column":38}},"42":{"start":{"line":42,"column":19},"end":{"line":42,"column":32}},"43":{"start":{"line":47,"column":15},"end":{"line":47,"column":30}},"44":{"start":{"line":2,"column":2},"end":{"line":56,"column":null}},"45":{"start":{"line":8,"column":6},"end":{"line":14,"column":null}},"46":{"start":{"line":12,"column":16},"end":{"line":12,"column":null}},"47":{"start":{"line":20,"column":8},"end":{"line":56,"column":null}},"48":{"start":{"line":24,"column":18},"end":{"line":24,"column":null}},"49":{"start":{"line":31,"column":27},"end":{"line":31,"column":null}}},"fnMap":{"0":{"name":"(anonymous_0)","decl":{"start":{"line":95,"column":22},"end":{"line":95,"column":37}},"loc":{"start":{"line":95,"column":37},"end":{"line":98,"column":null}},"line":95},"1":{"name":"(anonymous_1)","decl":{"start":{"line":97,"column":21},"end":{"line":97,"column":29}},"loc":{"start":{"line":97,"column":38},"end":{"line":97,"column":79}},"line":97},"2":{"name":"(anonymous_2)","decl":{"start":{"line":102,"column":18},"end":{"line":102,"column":30}},"loc":{"start":{"line":102,"column":30},"end":{"line":139,"column":null}},"line":102},"3":{"name":"(anonymous_3)","decl":{"start":{"line":116,"column":24},"end":{"line":116,"column":29}},"loc":{"start":{"line":116,"column":48},"end":{"line":133,"column":null}},"line":116},"4":{"name":"(anonymous_4)","decl":{"start":{"line":143,"column":6},"end":{"line":143,"column":18}},"loc":{"start":{"line":143,"column":37},"end":{"line":144,"column":null}},"line":143},"5":{"name":"(anonymous_5)","decl":{"start":{"line":147,"column":6},"end":{"line":147,"column":18}},"loc":{"start":{"line":147,"column":37},"end":{"line":148,"column":null}},"line":147},"6":{"name":"(anonymous_6)","decl":{"start":{"line":151,"column":0},"end":{"line":151,"column":16}},"loc":{"start":{"line":151,"column":16},"end":{"line":153,"column":null}},"line":151},"7":{"name":"(anonymous_7)","decl":{"start":{"line":9,"column":22},"end":{"line":9,"column":null}},"loc":{"start":{"line":9,"column":18},"end":{"line":14,"column":null}},"line":9},"8":{"name":"(anonymous_8)","decl":{"start":{"line":12,"column":9},"end":{"line":12,"column":14}},"loc":{"start":{"line":12,"column":16},"end":{"line":12,"column":null}},"line":12},"9":{"name":"(anonymous_9)","decl":{"start":{"line":21,"column":25},"end":{"line":21,"column":null}},"loc":{"start":{"line":21,"column":21},"end":{"line":56,"column":null}},"line":21},"10":{"name":"(anonymous_10)","decl":{"start":{"line":24,"column":11},"end":{"line":24,"column":16}},"loc":{"start":{"line":24,"column":18},"end":{"line":24,"column":null}},"line":24},"11":{"name":"(anonymous_11)","decl":{"start":{"line":31,"column":20},"end":{"line":31,"column":27}},"loc":{"start":{"line":31,"column":27},"end":{"line":31,"column":null}},"line":31}},"branchMap":{"0":{"loc":{"start":{"line":96,"column":2},"end":{"line":96,"column":null}},"type":"if","locations":[{"start":{"line":96,"column":2},"end":{"line":96,"column":null}},{"start":{},"end":{}}],"line":96},"1":{"loc":{"start":{"line":109,"column":18},"end":{"line":109,"column":34}},"type":"binary-expr","locations":[{"start":{"line":109,"column":18},"end":{"line":109,"column":32}},{"start":{"line":109,"column":32},"end":{"line":109,"column":34}}],"line":109},"2":{"loc":{"start":{"line":110,"column":4},"end":{"line":113,"column":null}},"type":"if","locations":[{"start":{"line":110,"column":4},"end":{"line":113,"column":null}},{"start":{},"end":{}}],"line":110},"3":{"loc":{"start":{"line":120,"column":15},"end":{"line":120,"column":null}},"type":"binary-expr","locations":[{"start":{"line":120,"column":15},"end":{"line":120,"column":29}},{"start":{"line":120,"column":29},"end":{"line":120,"column":null}}],"line":120},"4":{"loc":{"start":{"line":121,"column":17},"end":{"line":121,"column":null}},"type":"binary-expr","locations":[{"start":{"line":121,"column":17},"end":{"line":121,"column":33}},{"start":{"line":121,"column":33},"end":{"line":121,"column":null}}],"line":121},"5":{"loc":{"start":{"line":122,"column":14},"end":{"line":122,"column":null}},"type":"binary-expr","locations":[{"start":{"line":122,"column":14},"end":{"line":122,"column":27}},{"start":{"line":122,"column":27},"end":{"line":122,"column":null}}],"line":122},"6":{"loc":{"start":{"line":123,"column":16},"end":{"line":123,"column":null}},"type":"binary-expr","locations":[{"start":{"line":123,"column":16},"end":{"line":123,"column":33}},{"start":{"line":123,"column":33},"end":{"line":123,"column":null}}],"line":123},"7":{"loc":{"start":{"line":124,"column":18},"end":{"line":124,"column":null}},"type":"binary-expr","locations":[{"start":{"line":124,"column":18},"end":{"line":124,"column":37}},{"start":{"line":124,"column":37},"end":{"line":124,"column":null}}],"line":124},"8":{"loc":{"start":{"line":125,"column":16},"end":{"line":125,"column":null}},"type":"binary-expr","locations":[{"start":{"line":125,"column":16},"end":{"line":125,"column":33}},{"start":{"line":125,"column":33},"end":{"line":125,"column":null}}],"line":125},"9":{"loc":{"start":{"line":126,"column":15},"end":{"line":126,"column":null}},"type":"binary-expr","locations":[{"start":{"line":126,"column":15},"end":{"line":126,"column":31}},{"start":{"line":126,"column":31},"end":{"line":126,"column":null}}],"line":126},"10":{"loc":{"start":{"line":127,"column":15},"end":{"line":127,"column":null}},"type":"binary-expr","locations":[{"start":{"line":127,"column":15},"end":{"line":127,"column":31}},{"start":{"line":127,"column":31},"end":{"line":127,"column":null}}],"line":127},"11":{"loc":{"start":{"line":128,"column":16},"end":{"line":128,"column":null}},"type":"binary-expr","locations":[{"start":{"line":128,"column":16},"end":{"line":128,"column":33}},{"start":{"line":128,"column":33},"end":{"line":128,"column":null}}],"line":128},"12":{"loc":{"start":{"line":129,"column":18},"end":{"line":129,"column":null}},"type":"binary-expr","locations":[{"start":{"line":129,"column":18},"end":{"line":129,"column":37}},{"start":{"line":129,"column":37},"end":{"line":129,"column":null}}],"line":129},"13":{"loc":{"start":{"line":130,"column":14},"end":{"line":130,"column":null}},"type":"binary-expr","locations":[{"start":{"line":130,"column":14},"end":{"line":130,"column":29}},{"start":{"line":130,"column":29},"end":{"line":130,"column":null}}],"line":130},"14":{"loc":{"start":{"line":131,"column":16},"end":{"line":131,"column":null}},"type":"binary-expr","locations":[{"start":{"line":131,"column":16},"end":{"line":131,"column":33}},{"start":{"line":131,"column":33},"end":{"line":131,"column":null}}],"line":131},"15":{"loc":{"start":{"line":3,"column":4},"end":{"line":4,"column":17}},"type":"binary-expr","locations":[{"start":{"line":3,"column":4},"end":{"line":3,"column":12}},{"start":{"line":3,"column":4},"end":{"line":4,"column":17}}],"line":3},"16":{"loc":{"start":{"line":31,"column":36},"end":{"line":31,"column":null}},"type":"binary-expr","locations":[{"start":{"line":31,"column":36},"end":{"line":31,"column":47}},{"start":{"line":31,"column":47},"end":{"line":31,"column":null}}],"line":31},"17":{"loc":{"start":{"line":51,"column":18},"end":{"line":56,"column":null}},"type":"cond-expr","locations":[{"start":{"line":51,"column":23},"end":{"line":56,"column":null}}],"line":51}},"s":{"0":4,"1":4,"2":4,"3":4,"4":4,"5":9,"6":7,"7":2,"8":5,"9":4,"10":4,"11":4,"12":4,"13":4,"14":4,"15":4,"16":4,"17":4,"18":0,"19":0,"20":0,"21":4,"22":20,"23":20,"24":4,"25":0,"26":0,"27":4,"28":4,"29":0,"30":4,"31":0,"32":4,"33":4,"34":1,"35":1,"36":1,"37":1,"38":1,"39":1,"40":1,"41":1,"42":1,"43":1,"44":9,"45":54,"46":1,"47":15,"48":0,"49":0},"f":{"0":9,"1":5,"2":4,"3":20,"4":0,"5":0,"6":4,"7":54,"8":1,"9":15,"10":0,"11":0},"b":{"0":[7,2],"1":[4,0],"2":[0,4],"3":[20,0],"4":[20,0],"5":[20,0],"6":[20,0],"7":[20,0],"8":[20,0],"9":[20,0],"10":[20,0],"11":[20,0],"12":[20,0],"13":[20,20],"14":[20,0],"15":[9,4],"16":[0,0],"17":[15]},"meta":{"lastBranch":18,"lastFunction":12,"lastStatement":50,"seen":{"s:89:19:89:Infinity":0,"s:90:6:90:34":1,"s:92:6:92:26":2,"s:93:6:93:33":3,"s:95:6:98:Infinity":4,"f:95:22:95:37":0,"b:96:2:96:Infinity:undefined:undefined:undefined:undefined":0,"s:96:2:96:Infinity":5,"s:96:39:96:Infinity":6,"s:97:2:97:Infinity":7,"f:97:21:97:29":1,"s:97:38:97:79":8,"s:100:6:100:26":9,"s:102:18:139:Infinity":10,"f:102:18:102:30":2,"s:103:2:103:Infinity":11,"s:104:2:104:Infinity":12,"s:105:2:139:Infinity":13,"s:106:16:106:56":14,"s:107:4:107:Infinity":15,"s:109:18:109:34":16,"b:109:18:109:32:109:32:109:34":1,"b:110:4:113:Infinity:undefined:undefined:undefined:undefined":2,"s:110:4:113:Infinity":17,"s:111:6:111:Infinity":18,"s:112:6:112:Infinity":19,"s:113:6:113:Infinity":20,"s:116:4:133:Infinity":21,"f:116:24:116:29":3,"s:117:21:117:Infinity":22,"s:118:6:132:Infinity":23,"b:120:15:120:29:120:29:120:Infinity":3,"b:121:17:121:33:121:33:121:Infinity":4,"b:122:14:122:27:122:27:122:Infinity":5,"b:123:16:123:33:123:33:123:Infinity":6,"b:124:18:124:37:124:37:124:Infinity":7,"b:125:16:125:33:125:33:125:Infinity":8,"b:126:15:126:31:126:31:126:Infinity":9,"b:127:15:127:31:127:31:127:Infinity":10,"b:128:16:128:33:128:33:128:Infinity":11,"b:129:18:129:37:129:37:129:Infinity":12,"b:130:14:130:29:130:29:130:Infinity":13,"b:131:16:131:33:131:33:131:Infinity":14,"s:134:4:134:Infinity":24,"s:136:4:136:Infinity":25,"s:137:4:137:Infinity":26,"s:139:4:139:Infinity":27,"s:143:6:144:Infinity":28,"f:143:6:143:18":4,"s:144:2:144:Infinity":29,"s:147:6:148:Infinity":30,"f:147:6:147:18":5,"s:148:2:148:Infinity":31,"s:151:0:153:Infinity":32,"f:151:0:151:16":6,"s:152:2:152:Infinity":33,"s:2:7:2:29":34,"s:7:13:7:34":35,"s:18:13:18:30":36,"s:26:15:26:31":37,"s:33:17:33:34":38,"s:34:19:34:40":39,"s:35:21:35:37":40,"s:38:21:38:38":41,"s:42:19:42:32":42,"s:47:15:47:30":43,"s:2:2:56:Infinity":44,"b:3:4:3:12:3:4:4:17":15,"f:9:22:9:Infinity":7,"s:8:6:14:Infinity":45,"f:12:9:12:14":8,"s:12:16:12:Infinity":46,"f:21:25:21:Infinity":9,"s:20:8:56:Infinity":47,"f:24:11:24:16":10,"s:24:18:24:Infinity":48,"f:31:20:31:27":11,"s:31:27:31:Infinity":49,"b:31:36:31:47:31:47:31:Infinity":16,"b:51:23:56:Infinity":17}}}
,"C:\\Users\\MoonT\\ydjs\\frontend\\src\\views\\LoginView.vue": {"path":"C:\\Users\\MoonT\\ydjs\\frontend\\src\\views\\LoginView.vue","statementMap":{"0":{"start":{"line":47,"column":6},"end":{"line":47,"column":24}},"1":{"start":{"line":48,"column":6},"end":{"line":48,"column":24}},"2":{"start":{"line":49,"column":6},"end":{"line":49,"column":26}},"3":{"start":{"line":50,"column":6},"end":{"line":50,"column":26}},"4":{"start":{"line":52,"column":14},"end":{"line":63,"column":null}},"5":{"start":{"line":53,"column":2},"end":{"line":53,"column":null}},"6":{"start":{"line":54,"column":2},"end":{"line":63,"column":null}},"7":{"start":{"line":56,"column":4},"end":{"line":56,"column":null}},"8":{"start":{"line":57,"column":4},"end":{"line":57,"column":null}},"9":{"start":{"line":58,"column":4},"end":{"line":58,"column":null}},"10":{"start":{"line":60,"column":4},"end":{"line":60,"column":null}},"11":{"start":{"line":61,"column":4},"end":{"line":61,"column":null}},"12":{"start":{"line":63,"column":4},"end":{"line":63,"column":null}},"13":{"start":{"line":68,"column":6},"end":{"line":69,"column":null}},"14":{"start":{"line":69,"column":2},"end":{"line":69,"column":null}},"15":{"start":{"line":2,"column":7},"end":{"line":2,"column":30}},"16":{"start":{"line":15,"column":11},"end":{"line":15,"column":27}},"17":{"start":{"line":23,"column":11},"end":{"line":23,"column":27}},"18":{"start":{"line":2,"column":2},"end":{"line":38,"column":15}},"19":{"start":{"line":18,"column":19},"end":{"line":18,"column":null}},"20":{"start":{"line":26,"column":19},"end":{"line":26,"column":null}}},"fnMap":{"0":{"name":"(anonymous_0)","decl":{"start":{"line":52,"column":14},"end":{"line":52,"column":26}},"loc":{"start":{"line":52,"column":26},"end":{"line":63,"column":null}},"line":52},"1":{"name":"(anonymous_1)","decl":{"start":{"line":68,"column":6},"end":{"line":68,"column":21}},"loc":{"start":{"line":68,"column":21},"end":{"line":69,"column":null}},"line":68},"2":{"name":"(anonymous_2)","decl":{"start":{"line":18,"column":19},"end":{"line":18,"column":27}},"loc":{"start":{"line":18,"column":19},"end":{"line":18,"column":null}},"line":18},"3":{"name":"(anonymous_3)","decl":{"start":{"line":26,"column":19},"end":{"line":26,"column":27}},"loc":{"start":{"line":26,"column":19},"end":{"line":26,"column":null}},"line":26}},"branchMap":{"0":{"loc":{"start":{"line":9,"column":6},"end":{"line":12,"column":11}},"type":"binary-expr","locations":[{"start":{"line":9,"column":6},"end":{"line":9,"column":15}},{"start":{"line":9,"column":6},"end":{"line":12,"column":11}}],"line":9},"1":{"loc":{"start":{"line":22,"column":12},"end":{"line":16,"column":26}},"type":"binary-expr","locations":[{"start":{"line":22,"column":12},"end":{"line":22,"column":null}},{"start":{"line":22,"column":12},"end":{"line":16,"column":26}}],"line":22},"2":{"loc":{"start":{"line":18,"column":19},"end":{"line":18,"column":null}},"type":"binary-expr","locations":[{"start":{"line":18,"column":19},"end":{"line":18,"column":27}},{"start":{"line":18,"column":19},"end":{"line":18,"column":null}}],"line":18},"3":{"loc":{"start":{"line":31,"column":12},"end":{"line":24,"column":25}},"type":"binary-expr","locations":[{"start":{"line":31,"column":12},"end":{"line":31,"column":null}},{"start":{"line":31,"column":12},"end":{"line":24,"column":25}}],"line":31},"4":{"loc":{"start":{"line":26,"column":19},"end":{"line":26,"column":null}},"type":"binary-expr","locations":[{"start":{"line":26,"column":19},"end":{"line":26,"column":27}},{"start":{"line":26,"column":19},"end":{"line":26,"column":null}}],"line":26}},"s":{"0":5,"1":5,"2":5,"3":5,"4":5,"5":0,"6":0,"7":0,"8":0,"9":0,"10":0,"11":0,"12":0,"13":5,"14":0,"15":1,"16":1,"17":1,"18":10,"19":3,"20":2},"f":{"0":0,"1":0,"2":3,"3":2},"b":{"0":[10,5],"1":[10,5],"2":[10,5],"3":[10,5],"4":[10,5]},"meta":{"lastBranch":5,"lastFunction":4,"lastStatement":21,"seen":{"s:47:6:47:24":0,"s:48:6:48:24":1,"s:49:6:49:26":2,"s:50:6:50:26":3,"s:52:14:63:Infinity":4,"f:52:14:52:26":0,"s:53:2:53:Infinity":5,"s:54:2:63:Infinity":6,"s:56:4:56:Infinity":7,"s:57:4:57:Infinity":8,"s:58:4:58:Infinity":9,"s:60:4:60:Infinity":10,"s:61:4:61:Infinity":11,"s:63:4:63:Infinity":12,"s:68:6:69:Infinity":13,"f:68:6:68:21":1,"s:69:2:69:Infinity":14,"s:2:7:2:30":15,"s:15:11:15:27":16,"s:23:11:23:27":17,"s:2:2:38:15":18,"b:9:6:9:15:9:6:12:11":0,"b:22:12:22:Infinity:22:12:16:26":1,"b:18:19:18:27:18:19:18:Infinity":2,"f:18:19:18:27":2,"s:18:19:18:Infinity":19,"b:31:12:31:Infinity:31:12:24:25":3,"b:26:19:26:27:26:19:26:Infinity":4,"f:26:19:26:27":3,"s:26:19:26:Infinity":20}}}
,"C:\\Users\\MoonT\\ydjs\\frontend\\src\\views\\RegisterView.vue": {"path":"C:\\Users\\MoonT\\ydjs\\frontend\\src\\views\\RegisterView.vue","statementMap":{"0":{"start":{"line":66,"column":6},"end":{"line":71,"column":2}},"1":{"start":{"line":72,"column":6},"end":{"line":72,"column":26}},"2":{"start":{"line":73,"column":6},"end":{"line":73,"column":26}},"3":{"start":{"line":75,"column":17},"end":{"line":85,"column":null}},"4":{"start":{"line":76,"column":2},"end":{"line":76,"column":null}},"5":{"start":{"line":77,"column":2},"end":{"line":85,"column":null}},"6":{"start":{"line":78,"column":4},"end":{"line":78,"column":null}},"7":{"start":{"line":79,"column":4},"end":{"line":79,"column":null}},"8":{"start":{"line":80,"column":4},"end":{"line":80,"column":null}},"9":{"start":{"line":82,"column":4},"end":{"line":82,"column":null}},"10":{"start":{"line":83,"column":4},"end":{"line":83,"column":null}},"11":{"start":{"line":85,"column":4},"end":{"line":85,"column":null}},"12":{"start":{"line":2,"column":7},"end":{"line":2,"column":33}},"13":{"start":{"line":10,"column":11},"end":{"line":10,"column":27}},"14":{"start":{"line":18,"column":11},"end":{"line":18,"column":27}},"15":{"start":{"line":27,"column":11},"end":{"line":27,"column":27}},"16":{"start":{"line":34,"column":11},"end":{"line":34,"column":27}},"17":{"start":{"line":51,"column":11},"end":{"line":51,"column":29}},"18":{"start":{"line":2,"column":2},"end":{"line":55,"column":22}},"19":{"start":{"line":13,"column":19},"end":{"line":13,"column":null}},"20":{"start":{"line":21,"column":19},"end":{"line":21,"column":null}},"21":{"start":{"line":30,"column":19},"end":{"line":30,"column":null}},"22":{"start":{"line":37,"column":19},"end":{"line":37,"column":null}},"23":{"start":{"line":55,"column":8},"end":{"line":55,"column":22}}},"fnMap":{"0":{"name":"(anonymous_0)","decl":{"start":{"line":75,"column":17},"end":{"line":75,"column":29}},"loc":{"start":{"line":75,"column":29},"end":{"line":85,"column":null}},"line":75},"1":{"name":"(anonymous_1)","decl":{"start":{"line":13,"column":19},"end":{"line":13,"column":24}},"loc":{"start":{"line":13,"column":19},"end":{"line":13,"column":null}},"line":13},"2":{"name":"(anonymous_2)","decl":{"start":{"line":21,"column":19},"end":{"line":21,"column":24}},"loc":{"start":{"line":21,"column":19},"end":{"line":21,"column":null}},"line":21},"3":{"name":"(anonymous_3)","decl":{"start":{"line":30,"column":19},"end":{"line":30,"column":24}},"loc":{"start":{"line":30,"column":19},"end":{"line":30,"column":null}},"line":30},"4":{"name":"(anonymous_4)","decl":{"start":{"line":37,"column":19},"end":{"line":37,"column":24}},"loc":{"start":{"line":37,"column":19},"end":{"line":37,"column":null}},"line":37},"5":{"name":"(anonymous_5)","decl":{"start":{"line":55,"column":8},"end":{"line":55,"column":22}},"loc":{"start":{"line":55,"column":8},"end":{"line":55,"column":22}},"line":55}},"branchMap":{"0":{"loc":{"start":{"line":58,"column":8},"end":{"line":9,"column":11}},"type":"binary-expr","locations":[{"start":{"line":58,"column":8},"end":{"line":58,"column":null}},{"start":{"line":58,"column":8},"end":{"line":9,"column":11}}],"line":58},"1":{"loc":{"start":{"line":17,"column":12},"end":{"line":11,"column":26}},"type":"binary-expr","locations":[{"start":{"line":17,"column":12},"end":{"line":17,"column":null}},{"start":{"line":17,"column":12},"end":{"line":11,"column":26}}],"line":17},"2":{"loc":{"start":{"line":13,"column":19},"end":{"line":13,"column":null}},"type":"binary-expr","locations":[{"start":{"line":13,"column":19},"end":{"line":13,"column":24}},{"start":{"line":13,"column":19},"end":{"line":13,"column":null}}],"line":13},"3":{"loc":{"start":{"line":26,"column":12},"end":{"line":19,"column":25}},"type":"binary-expr","locations":[{"start":{"line":26,"column":12},"end":{"line":26,"column":null}},{"start":{"line":26,"column":12},"end":{"line":19,"column":25}}],"line":26},"4":{"loc":{"start":{"line":21,"column":19},"end":{"line":21,"column":null}},"type":"binary-expr","locations":[{"start":{"line":21,"column":19},"end":{"line":21,"column":24}},{"start":{"line":21,"column":19},"end":{"line":21,"column":null}}],"line":21},"5":{"loc":{"start":{"line":33,"column":12},"end":{"line":28,"column":25}},"type":"binary-expr","locations":[{"start":{"line":33,"column":12},"end":{"line":33,"column":null}},{"start":{"line":33,"column":12},"end":{"line":28,"column":25}}],"line":33},"6":{"loc":{"start":{"line":30,"column":19},"end":{"line":30,"column":null}},"type":"binary-expr","locations":[{"start":{"line":30,"column":19},"end":{"line":30,"column":24}},{"start":{"line":30,"column":19},"end":{"line":30,"column":null}}],"line":30},"7":{"loc":{"start":{"line":41,"column":12},"end":{"line":35,"column":25}},"type":"binary-expr","locations":[{"start":{"line":41,"column":12},"end":{"line":41,"column":null}},{"start":{"line":41,"column":12},"end":{"line":35,"column":25}}],"line":41},"8":{"loc":{"start":{"line":37,"column":19},"end":{"line":37,"column":null}},"type":"binary-expr","locations":[{"start":{"line":37,"column":19},"end":{"line":37,"column":24}},{"start":{"line":37,"column":19},"end":{"line":37,"column":null}}],"line":37},"9":{"loc":{"start":{"line":56,"column":12},"end":{"line":52,"column":26}},"type":"binary-expr","locations":[{"start":{"line":56,"column":12},"end":{"line":56,"column":null}},{"start":{"line":56,"column":12},"end":{"line":52,"column":26}}],"line":56},"10":{"loc":{"start":{"line":55,"column":8},"end":{"line":55,"column":22}},"type":"binary-expr","locations":[{"start":{"line":55,"column":8},"end":{"line":55,"column":22}},{"start":{"line":55,"column":8},"end":{"line":55,"column":22}}],"line":55}},"s":{"0":6,"1":6,"2":6,"3":6,"4":0,"5":0,"6":0,"7":0,"8":0,"9":0,"10":0,"11":0,"12":1,"13":1,"14":1,"15":1,"16":1,"17":1,"18":15,"19":4,"20":3,"21":2,"22":0,"23":6},"f":{"0":0,"1":4,"2":3,"3":2,"4":0,"5":6},"b":{"0":[15,6],"1":[15,6],"2":[15,6],"3":[15,6],"4":[15,6],"5":[15,6],"6":[15,6],"7":[15,6],"8":[15,6],"9":[15,6],"10":[6,6]},"meta":{"lastBranch":11,"lastFunction":6,"lastStatement":24,"seen":{"s:66:6:71:2":0,"s:72:6:72:26":1,"s:73:6:73:26":2,"s:75:17:85:Infinity":3,"f:75:17:75:29":0,"s:76:2:76:Infinity":4,"s:77:2:85:Infinity":5,"s:78:4:78:Infinity":6,"s:79:4:79:Infinity":7,"s:80:4:80:Infinity":8,"s:82:4:82:Infinity":9,"s:83:4:83:Infinity":10,"s:85:4:85:Infinity":11,"s:2:7:2:33":12,"s:10:11:10:27":13,"s:18:11:18:27":14,"s:27:11:27:27":15,"s:34:11:34:27":16,"s:51:11:51:29":17,"s:2:2:55:22":18,"b:58:8:58:Infinity:58:8:9:11":0,"b:17:12:17:Infinity:17:12:11:26":1,"b:13:19:13:24:13:19:13:Infinity":2,"f:13:19:13:24":1,"s:13:19:13:Infinity":19,"b:26:12:26:Infinity:26:12:19:25":3,"b:21:19:21:24:21:19:21:Infinity":4,"f:21:19:21:24":2,"s:21:19:21:Infinity":20,"b:33:12:33:Infinity:33:12:28:25":5,"b:30:19:30:24:30:19:30:Infinity":6,"f:30:19:30:24":3,"s:30:19:30:Infinity":21,"b:41:12:41:Infinity:41:12:35:25":7,"b:37:19:37:24:37:19:37:Infinity":8,"f:37:19:37:24":4,"s:37:19:37:Infinity":22,"b:56:12:56:Infinity:56:12:52:26":9,"f:55:8:55:22":5,"s:55:8:55:22":23,"b:55:8:55:22:55:8:55:22":10}}}
,"C:\\Users\\MoonT\\ydjs\\frontend\\src\\views\\TeamDetailView.vue": {"path":"C:\\Users\\MoonT\\ydjs\\frontend\\src\\views\\TeamDetailView.vue","statementMap":{"0":{"start":{"line":215,"column":6},"end":{"line":215,"column":24}},"1":{"start":{"line":216,"column":6},"end":{"line":216,"column":26}},"2":{"start":{"line":217,"column":15},"end":{"line":217,"column":38}},"3":{"start":{"line":219,"column":6},"end":{"line":227,"column":2}},"4":{"start":{"line":229,"column":6},"end":{"line":229,"column":37}},"5":{"start":{"line":230,"column":6},"end":{"line":230,"column":32}},"6":{"start":{"line":231,"column":6},"end":{"line":231,"column":35}},"7":{"start":{"line":234,"column":22},"end":{"line":234,"column":null}},"8":{"start":{"line":237,"column":6},"end":{"line":241,"column":2}},"9":{"start":{"line":244,"column":6},"end":{"line":246,"column":2}},"10":{"start":{"line":249,"column":6},"end":{"line":252,"column":null}},"11":{"start":{"line":250,"column":24},"end":{"line":250,"column":62}},"12":{"start":{"line":251,"column":2},"end":{"line":251,"column":null}},"13":{"start":{"line":254,"column":23},"end":{"line":269,"column":null}},"14":{"start":{"line":255,"column":2},"end":{"line":269,"column":null}},"15":{"start":{"line":256,"column":17},"end":{"line":256,"column":44}},"16":{"start":{"line":257,"column":4},"end":{"line":257,"column":null}},"17":{"start":{"line":259,"column":4},"end":{"line":259,"column":null}},"18":{"start":{"line":261,"column":4},"end":{"line":269,"column":null}},"19":{"start":{"line":273,"column":24},"end":{"line":293,"column":null}},"20":{"start":{"line":274,"column":2},"end":{"line":293,"column":null}},"21":{"start":{"line":275,"column":20},"end":{"line":275,"column":48}},"22":{"start":{"line":276,"column":4},"end":{"line":276,"column":null}},"23":{"start":{"line":278,"column":4},"end":{"line":278,"column":null}},"24":{"start":{"line":280,"column":4},"end":{"line":293,"column":null}},"25":{"start":{"line":297,"column":6},"end":{"line":298,"column":null}},"26":{"start":{"line":298,"column":2},"end":{"line":298,"column":null}},"27":{"start":{"line":301,"column":6},"end":{"line":305,"column":null}},"28":{"start":{"line":302,"column":2},"end":{"line":302,"column":null}},"29":{"start":{"line":303,"column":2},"end":{"line":303,"column":null}},"30":{"start":{"line":304,"column":2},"end":{"line":304,"column":null}},"31":{"start":{"line":305,"column":2},"end":{"line":305,"column":null}},"32":{"start":{"line":308,"column":6},"end":{"line":309,"column":null}},"33":{"start":{"line":309,"column":2},"end":{"line":309,"column":null}},"34":{"start":{"line":312,"column":19},"end":{"line":329,"column":null}},"35":{"start":{"line":313,"column":2},"end":{"line":315,"column":null}},"36":{"start":{"line":314,"column":4},"end":{"line":314,"column":null}},"37":{"start":{"line":315,"column":4},"end":{"line":315,"column":null}},"38":{"start":{"line":318,"column":2},"end":{"line":329,"column":null}},"39":{"start":{"line":319,"column":24},"end":{"line":323,"column":6}},"40":{"start":{"line":324,"column":4},"end":{"line":324,"column":null}},"41":{"start":{"line":325,"column":4},"end":{"line":325,"column":null}},"42":{"start":{"line":326,"column":4},"end":{"line":326,"column":null}},"43":{"start":{"line":328,"column":4},"end":{"line":328,"column":null}},"44":{"start":{"line":329,"column":4},"end":{"line":329,"column":null}},"45":{"start":{"line":333,"column":21},"end":{"line":344,"column":null}},"46":{"start":{"line":334,"column":2},"end":{"line":335,"column":null}},"47":{"start":{"line":335,"column":4},"end":{"line":335,"column":null}},"48":{"start":{"line":338,"column":2},"end":{"line":344,"column":null}},"49":{"start":{"line":339,"column":4},"end":{"line":339,"column":null}},"50":{"start":{"line":340,"column":4},"end":{"line":340,"column":null}},"51":{"start":{"line":341,"column":4},"end":{"line":341,"column":null}},"52":{"start":{"line":343,"column":4},"end":{"line":343,"column":null}},"53":{"start":{"line":344,"column":4},"end":{"line":344,"column":null}},"54":{"start":{"line":348,"column":6},"end":{"line":350,"column":null}},"55":{"start":{"line":349,"column":2},"end":{"line":349,"column":null}},"56":{"start":{"line":350,"column":2},"end":{"line":350,"column":null}},"57":{"start":{"line":353,"column":6},"end":{"line":354,"column":null}},"58":{"start":{"line":354,"column":2},"end":{"line":354,"column":null}},"59":{"start":{"line":357,"column":24},"end":{"line":373,"column":null}},"60":{"start":{"line":358,"column":2},"end":{"line":360,"column":null}},"61":{"start":{"line":359,"column":4},"end":{"line":359,"column":null}},"62":{"start":{"line":360,"column":4},"end":{"line":360,"column":null}},"63":{"start":{"line":363,"column":2},"end":{"line":373,"column":null}},"64":{"start":{"line":364,"column":4},"end":{"line":366,"column":null}},"65":{"start":{"line":367,"column":4},"end":{"line":367,"column":null}},"66":{"start":{"line":368,"column":4},"end":{"line":368,"column":null}},"67":{"start":{"line":370,"column":4},"end":{"line":370,"column":null}},"68":{"start":{"line":372,"column":4},"end":{"line":372,"column":null}},"69":{"start":{"line":373,"column":4},"end":{"line":373,"column":null}},"70":{"start":{"line":377,"column":27},"end":{"line":389,"column":null}},"71":{"start":{"line":378,"column":2},"end":{"line":379,"column":null}},"72":{"start":{"line":379,"column":4},"end":{"line":379,"column":null}},"73":{"start":{"line":382,"column":2},"end":{"line":389,"column":null}},"74":{"start":{"line":383,"column":4},"end":{"line":383,"column":null}},"75":{"start":{"line":384,"column":4},"end":{"line":384,"column":null}},"76":{"start":{"line":386,"column":4},"end":{"line":386,"column":null}},"77":{"start":{"line":388,"column":4},"end":{"line":388,"column":null}},"78":{"start":{"line":389,"column":4},"end":{"line":389,"column":null}},"79":{"start":{"line":393,"column":0},"end":{"line":395,"column":null}},"80":{"start":{"line":394,"column":2},"end":{"line":394,"column":null}},"81":{"start":{"line":2,"column":7},"end":{"line":2,"column":36}},"82":{"start":{"line":23,"column":13},"end":{"line":23,"column":30}},"83":{"start":{"line":24,"column":10},"end":{"line":24,"column":27}},"84":{"start":{"line":43,"column":9},"end":{"line":43,"column":29}},"85":{"start":{"line":46,"column":9},"end":{"line":46,"column":26}},"86":{"start":{"line":51,"column":13},"end":{"line":51,"column":33}},"87":{"start":{"line":80,"column":11},"end":{"line":80,"column":24}},"88":{"start":{"line":82,"column":13},"end":{"line":82,"column":30}},"89":{"start":{"line":90,"column":13},"end":{"line":90,"column":30}},"90":{"start":{"line":98,"column":13},"end":{"line":98,"column":30}},"91":{"start":{"line":100,"column":15},"end":{"line":100,"column":37}},"92":{"start":{"line":111,"column":20},"end":{"line":111,"column":41}},"93":{"start":{"line":136,"column":11},"end":{"line":136,"column":24}},"94":{"start":{"line":140,"column":13},"end":{"line":140,"column":30}},"95":{"start":{"line":142,"column":15},"end":{"line":142,"column":38}},"96":{"start":{"line":158,"column":13},"end":{"line":158,"column":33}},"97":{"start":{"line":171,"column":19},"end":{"line":171,"column":38}},"98":{"start":{"line":177,"column":21},"end":{"line":177,"column":43}},"99":{"start":{"line":178,"column":24},"end":{"line":178,"column":47}},"100":{"start":{"line":183,"column":24},"end":{"line":183,"column":42}},"101":{"start":{"line":2,"column":2},"end":{"line":203,"column":19}},"102":{"start":{"line":37,"column":12},"end":{"line":41,"column":25}},"103":{"start":{"line":85,"column":21},"end":{"line":85,"column":null}},"104":{"start":{"line":93,"column":21},"end":{"line":93,"column":null}},"105":{"start":{"line":101,"column":12},"end":{"line":111,"column":58}},"106":{"start":{"line":107,"column":25},"end":{"line":107,"column":null}},"107":{"start":{"line":144,"column":23},"end":{"line":144,"column":null}},"108":{"start":{"line":166,"column":12},"end":{"line":192,"column":23}},"109":{"start":{"line":189,"column":24},"end":{"line":189,"column":null}}},"fnMap":{"0":{"name":"(anonymous_0)","decl":{"start":{"line":249,"column":18},"end":{"line":249,"column":33}},"loc":{"start":{"line":249,"column":33},"end":{"line":252,"column":null}},"line":249},"1":{"name":"(anonymous_1)","decl":{"start":{"line":254,"column":23},"end":{"line":254,"column":35}},"loc":{"start":{"line":254,"column":35},"end":{"line":269,"column":null}},"line":254},"2":{"name":"(anonymous_2)","decl":{"start":{"line":273,"column":24},"end":{"line":273,"column":36}},"loc":{"start":{"line":273,"column":36},"end":{"line":293,"column":null}},"line":273},"3":{"name":"(anonymous_3)","decl":{"start":{"line":297,"column":6},"end":{"line":297,"column":21}},"loc":{"start":{"line":297,"column":21},"end":{"line":298,"column":null}},"line":297},"4":{"name":"(anonymous_4)","decl":{"start":{"line":301,"column":6},"end":{"line":301,"column":28}},"loc":{"start":{"line":301,"column":28},"end":{"line":305,"column":null}},"line":301},"5":{"name":"(anonymous_5)","decl":{"start":{"line":308,"column":6},"end":{"line":308,"column":29}},"loc":{"start":{"line":308,"column":29},"end":{"line":309,"column":null}},"line":308},"6":{"name":"(anonymous_6)","decl":{"start":{"line":312,"column":19},"end":{"line":312,"column":31}},"loc":{"start":{"line":312,"column":31},"end":{"line":329,"column":null}},"line":312},"7":{"name":"(anonymous_7)","decl":{"start":{"line":333,"column":21},"end":{"line":333,"column":33}},"loc":{"start":{"line":333,"column":33},"end":{"line":344,"column":null}},"line":333},"8":{"name":"(anonymous_8)","decl":{"start":{"line":348,"column":6},"end":{"line":348,"column":31}},"loc":{"start":{"line":348,"column":31},"end":{"line":350,"column":null}},"line":348},"9":{"name":"(anonymous_9)","decl":{"start":{"line":353,"column":6},"end":{"line":353,"column":32}},"loc":{"start":{"line":353,"column":32},"end":{"line":354,"column":null}},"line":353},"10":{"name":"(anonymous_10)","decl":{"start":{"line":357,"column":24},"end":{"line":357,"column":36}},"loc":{"start":{"line":357,"column":36},"end":{"line":373,"column":null}},"line":357},"11":{"name":"(anonymous_11)","decl":{"start":{"line":377,"column":27},"end":{"line":377,"column":34}},"loc":{"start":{"line":377,"column":53},"end":{"line":389,"column":null}},"line":377},"12":{"name":"(anonymous_12)","decl":{"start":{"line":393,"column":0},"end":{"line":393,"column":16}},"loc":{"start":{"line":393,"column":16},"end":{"line":395,"column":null}},"line":393},"13":{"name":"(anonymous_13)","decl":{"start":{"line":38,"column":38},"end":{"line":38,"column":null}},"loc":{"start":{"line":38,"column":28},"end":{"line":41,"column":25}},"line":38},"14":{"name":"(anonymous_14)","decl":{"start":{"line":85,"column":21},"end":{"line":85,"column":30}},"loc":{"start":{"line":85,"column":21},"end":{"line":85,"column":null}},"line":85},"15":{"name":"(anonymous_15)","decl":{"start":{"line":93,"column":21},"end":{"line":93,"column":30}},"loc":{"start":{"line":93,"column":21},"end":{"line":93,"column":null}},"line":93},"16":{"name":"(anonymous_16)","decl":{"start":{"line":102,"column":28},"end":{"line":102,"column":null}},"loc":{"start":{"line":102,"column":24},"end":{"line":111,"column":58}},"line":102},"17":{"name":"(anonymous_17)","decl":{"start":{"line":107,"column":25},"end":{"line":107,"column":34}},"loc":{"start":{"line":107,"column":25},"end":{"line":107,"column":null}},"line":107},"18":{"name":"(anonymous_18)","decl":{"start":{"line":144,"column":23},"end":{"line":144,"column":37}},"loc":{"start":{"line":144,"column":23},"end":{"line":144,"column":null}},"line":144},"19":{"name":"(anonymous_19)","decl":{"start":{"line":167,"column":31},"end":{"line":167,"column":null}},"loc":{"start":{"line":167,"column":27},"end":{"line":192,"column":23}},"line":167},"20":{"name":"(anonymous_20)","decl":{"start":{"line":189,"column":17},"end":{"line":189,"column":22}},"loc":{"start":{"line":189,"column":24},"end":{"line":189,"column":null}},"line":189}},"branchMap":{"0":{"loc":{"start":{"line":303,"column":25},"end":{"line":303,"column":null}},"type":"binary-expr","locations":[{"start":{"line":303,"column":25},"end":{"line":303,"column":51}},{"start":{"line":303,"column":51},"end":{"line":303,"column":null}}],"line":303},"1":{"loc":{"start":{"line":304,"column":18},"end":{"line":304,"column":39}},"type":"binary-expr","locations":[{"start":{"line":304,"column":18},"end":{"line":304,"column":37}},{"start":{"line":304,"column":37},"end":{"line":304,"column":39}}],"line":304},"2":{"loc":{"start":{"line":313,"column":2},"end":{"line":315,"column":null}},"type":"if","locations":[{"start":{"line":313,"column":2},"end":{"line":315,"column":null}},{"start":{},"end":{}}],"line":313},"3":{"loc":{"start":{"line":334,"column":2},"end":{"line":335,"column":null}},"type":"if","locations":[{"start":{"line":334,"column":2},"end":{"line":335,"column":null}},{"start":{},"end":{}}],"line":334},"4":{"loc":{"start":{"line":358,"column":2},"end":{"line":360,"column":null}},"type":"if","locations":[{"start":{"line":358,"column":2},"end":{"line":360,"column":null}},{"start":{},"end":{}}],"line":358},"5":{"loc":{"start":{"line":378,"column":2},"end":{"line":379,"column":null}},"type":"if","locations":[{"start":{"line":378,"column":2},"end":{"line":379,"column":null}},{"start":{},"end":{}}],"line":378},"6":{"loc":{"start":{"line":8,"column":8},"end":{"line":18,"column":10}},"type":"binary-expr","locations":[{"start":{"line":8,"column":8},"end":{"line":8,"column":null}},{"start":{"line":8,"column":8},"end":{"line":18,"column":10}}],"line":8},"7":{"loc":{"start":{"line":18,"column":6},"end":{"line":20,"column":11}},"type":"binary-expr","locations":[{"start":{"line":18,"column":6},"end":{"line":18,"column":10}},{"start":{"line":18,"column":6},"end":{"line":20,"column":11}}],"line":18},"8":{"loc":{"start":{"line":28,"column":14},"end":{"line":31,"column":null}},"type":"cond-expr","locations":[{"start":{"line":28,"column":19},"end":{"line":31,"column":null}},{"start":{"line":31,"column":27},"end":{"line":31,"column":null}}],"line":28},"9":{"loc":{"start":{"line":34,"column":14},"end":{"line":41,"column":25}},"type":"cond-expr","locations":[{"start":{"line":34,"column":43},"end":{"line":41,"column":25}}],"line":34},"10":{"loc":{"start":{"line":34,"column":14},"end":{"line":34,"column":null}},"type":"binary-expr","locations":[{"start":{"line":34,"column":14},"end":{"line":34,"column":27}},{"start":{"line":34,"column":27},"end":{"line":34,"column":null}}],"line":34},"11":{"loc":{"start":{"line":42,"column":10},"end":{"line":37,"column":null}},"type":"binary-expr","locations":[{"start":{"line":42,"column":10},"end":{"line":42,"column":null}},{"start":{"line":42,"column":10},"end":{"line":37,"column":null}}],"line":42},"12":{"loc":{"start":{"line":53,"column":14},"end":{"line":58,"column":15}},"type":"cond-expr","locations":[{"start":{"line":53,"column":14},"end":{"line":56,"column":null}},{"start":{"line":58,"column":6},"end":{"line":58,"column":15}}],"line":53},"13":{"loc":{"start":{"line":60,"column":14},"end":{"line":65,"column":15}},"type":"cond-expr","locations":[{"start":{"line":60,"column":14},"end":{"line":63,"column":null}},{"start":{"line":65,"column":6},"end":{"line":65,"column":15}}],"line":60},"14":{"loc":{"start":{"line":76,"column":12},"end":{"line":125,"column":19}},"type":"cond-expr","locations":[{"start":{"line":76,"column":12},"end":{"line":125,"column":19}}],"line":76},"15":{"loc":{"start":{"line":81,"column":8},"end":{"line":81,"column":21}},"type":"binary-expr","locations":[{"start":{"line":81,"column":8},"end":{"line":81,"column":12}},{"start":{"line":81,"column":8},"end":{"line":81,"column":21}}],"line":81},"16":{"loc":{"start":{"line":89,"column":14},"end":{"line":83,"column":29}},"type":"binary-expr","locations":[{"start":{"line":89,"column":14},"end":{"line":89,"column":null}},{"start":{"line":89,"column":14},"end":{"line":83,"column":29}}],"line":89},"17":{"loc":{"start":{"line":85,"column":21},"end":{"line":85,"column":null}},"type":"binary-expr","locations":[{"start":{"line":85,"column":21},"end":{"line":85,"column":30}},{"start":{"line":85,"column":21},"end":{"line":85,"column":null}}],"line":85},"18":{"loc":{"start":{"line":97,"column":14},"end":{"line":91,"column":29}},"type":"binary-expr","locations":[{"start":{"line":97,"column":14},"end":{"line":97,"column":null}},{"start":{"line":97,"column":14},"end":{"line":91,"column":29}}],"line":97},"19":{"loc":{"start":{"line":93,"column":21},"end":{"line":93,"column":null}},"type":"binary-expr","locations":[{"start":{"line":93,"column":21},"end":{"line":93,"column":30}},{"start":{"line":93,"column":21},"end":{"line":93,"column":null}}],"line":93},"20":{"loc":{"start":{"line":114,"column":14},"end":{"line":99,"column":29}},"type":"binary-expr","locations":[{"start":{"line":114,"column":14},"end":{"line":114,"column":null}},{"start":{"line":114,"column":14},"end":{"line":99,"column":29}}],"line":114},"21":{"loc":{"start":{"line":107,"column":25},"end":{"line":107,"column":null}},"type":"binary-expr","locations":[{"start":{"line":107,"column":25},"end":{"line":107,"column":34}},{"start":{"line":107,"column":25},"end":{"line":107,"column":null}}],"line":107},"22":{"loc":{"start":{"line":132,"column":12},"end":{"line":203,"column":19}},"type":"cond-expr","locations":[{"start":{"line":132,"column":12},"end":{"line":203,"column":19}}],"line":132},"23":{"loc":{"start":{"line":137,"column":8},"end":{"line":137,"column":21}},"type":"binary-expr","locations":[{"start":{"line":137,"column":8},"end":{"line":137,"column":12}},{"start":{"line":137,"column":8},"end":{"line":137,"column":21}}],"line":137},"24":{"loc":{"start":{"line":155,"column":14},"end":{"line":141,"column":37}},"type":"binary-expr","locations":[{"start":{"line":155,"column":14},"end":{"line":155,"column":null}},{"start":{"line":155,"column":14},"end":{"line":141,"column":37}}],"line":155},"25":{"loc":{"start":{"line":144,"column":23},"end":{"line":144,"column":null}},"type":"binary-expr","locations":[{"start":{"line":144,"column":23},"end":{"line":144,"column":37}},{"start":{"line":144,"column":23},"end":{"line":144,"column":null}}],"line":144},"26":{"loc":{"start":{"line":160,"column":18},"end":{"line":192,"column":23}},"type":"cond-expr","locations":[{"start":{"line":160,"column":36},"end":{"line":162,"column":null}},{"start":{"line":164,"column":10},"end":{"line":192,"column":23}}],"line":160},"27":{"loc":{"start":{"line":173,"column":24},"end":{"line":173,"column":null}},"type":"binary-expr","locations":[{"start":{"line":173,"column":24},"end":{"line":173,"column":37}},{"start":{"line":173,"column":37},"end":{"line":173,"column":null}}],"line":173},"28":{"loc":{"start":{"line":180,"column":26},"end":{"line":182,"column":47}},"type":"cond-expr","locations":[{"start":{"line":180,"column":33},"end":{"line":182,"column":47}},{"start":{"line":182,"column":37},"end":{"line":182,"column":47}}],"line":180},"29":{"loc":{"start":{"line":187,"column":22},"end":{"line":192,"column":23}},"type":"cond-expr","locations":[{"start":{"line":187,"column":22},"end":{"line":192,"column":23}},{"start":{"line":192,"column":14},"end":{"line":192,"column":23}}],"line":187}},"s":{"0":6,"1":6,"2":6,"3":6,"4":6,"5":6,"6":6,"7":6,"8":6,"9":6,"10":6,"11":12,"12":12,"13":6,"14":6,"15":6,"16":6,"17":0,"18":0,"19":6,"20":5,"21":5,"22":5,"23":0,"24":0,"25":6,"26":0,"27":6,"28":0,"29":0,"30":0,"31":0,"32":6,"33":0,"34":6,"35":0,"36":0,"37":0,"38":0,"39":0,"40":0,"41":0,"42":0,"43":0,"44":0,"45":6,"46":0,"47":0,"48":0,"49":0,"50":0,"51":0,"52":0,"53":0,"54":6,"55":4,"56":4,"57":6,"58":0,"59":6,"60":1,"61":0,"62":0,"63":1,"64":1,"65":1,"66":1,"67":1,"68":0,"69":0,"70":6,"71":0,"72":0,"73":0,"74":0,"75":0,"76":0,"77":0,"78":0,"79":6,"80":6,"81":1,"82":1,"83":1,"84":1,"85":1,"86":1,"87":1,"88":1,"89":1,"90":1,"91":1,"92":1,"93":1,"94":1,"95":1,"96":1,"97":1,"98":1,"99":1,"100":1,"101":19,"102":11,"103":0,"104":0,"105":0,"106":0,"107":2,"108":7,"109":0},"f":{"0":12,"1":6,"2":5,"3":0,"4":0,"5":0,"6":0,"7":0,"8":4,"9":0,"10":1,"11":0,"12":6,"13":11,"14":0,"15":0,"16":0,"17":0,"18":2,"19":7,"20":0},"b":{"0":[0,0],"1":[0,0],"2":[0,0],"3":[0,0],"4":[0,1],"5":[0,0],"6":[19,6],"7":[19,6],"8":[11,8],"9":[11],"10":[19,19],"11":[11,6],"12":[8,11],"13":[8,11],"14":[0],"15":[0,0],"16":[0,0],"17":[0,0],"18":[0,0],"19":[0,0],"20":[0,0],"21":[0,0],"22":[11],"23":[11,4],"24":[11,4],"25":[11,4],"26":[4,7],"27":[7,0],"28":[7,0],"29":[0,7]},"meta":{"lastBranch":0,"lastFunction":0,"lastStatement":0,"seen":{}}}
,"C:\\Users\\MoonT\\ydjs\\frontend\\src\\views\\TeamView.vue": {"path":"C:\\Users\\MoonT\\ydjs\\frontend\\src\\views\\TeamView.vue","statementMap":{"0":{"start":{"line":47,"column":6},"end":{"line":47,"column":99}},"1":{"start":{"line":48,"column":6},"end":{"line":48,"column":26}},"2":{"start":{"line":50,"column":18},"end":{"line":52,"column":null}},"3":{"start":{"line":51,"column":15},"end":{"line":51,"column":34}},"4":{"start":{"line":52,"column":2},"end":{"line":52,"column":null}},"5":{"start":{"line":55,"column":6},"end":{"line":56,"column":null}},"6":{"start":{"line":56,"column":2},"end":{"line":56,"column":null}},"7":{"start":{"line":59,"column":6},"end":{"line":59,"column":33}},"8":{"start":{"line":59,"column":22},"end":{"line":59,"column":33}},"9":{"start":{"line":61,"column":19},"end":{"line":65,"column":null}},"10":{"start":{"line":62,"column":19},"end":{"line":62,"column":42}},"11":{"start":{"line":63,"column":2},"end":{"line":65,"column":null}},"12":{"start":{"line":64,"column":4},"end":{"line":64,"column":null}},"13":{"start":{"line":65,"column":4},"end":{"line":65,"column":null}},"14":{"start":{"line":69,"column":6},"end":{"line":70,"column":null}},"15":{"start":{"line":70,"column":2},"end":{"line":70,"column":null}},"16":{"start":{"line":73,"column":0},"end":{"line":73,"column":null}},"17":{"start":{"line":2,"column":7},"end":{"line":2,"column":29}},"18":{"start":{"line":2,"column":2},"end":{"line":36,"column":69}},"19":{"start":{"line":29,"column":6},"end":{"line":36,"column":69}},"20":{"start":{"line":33,"column":16},"end":{"line":33,"column":null}}},"fnMap":{"0":{"name":"(anonymous_0)","decl":{"start":{"line":50,"column":18},"end":{"line":50,"column":30}},"loc":{"start":{"line":50,"column":30},"end":{"line":52,"column":null}},"line":50},"1":{"name":"(anonymous_1)","decl":{"start":{"line":55,"column":6},"end":{"line":55,"column":21}},"loc":{"start":{"line":55,"column":21},"end":{"line":56,"column":null}},"line":55},"2":{"name":"(anonymous_2)","decl":{"start":{"line":59,"column":6},"end":{"line":59,"column":22}},"loc":{"start":{"line":59,"column":22},"end":{"line":59,"column":33}},"line":59},"3":{"name":"(anonymous_3)","decl":{"start":{"line":61,"column":19},"end":{"line":61,"column":31}},"loc":{"start":{"line":61,"column":31},"end":{"line":65,"column":null}},"line":61},"4":{"name":"(anonymous_4)","decl":{"start":{"line":69,"column":6},"end":{"line":69,"column":20}},"loc":{"start":{"line":69,"column":39},"end":{"line":70,"column":null}},"line":69},"5":{"name":"(anonymous_5)","decl":{"start":{"line":30,"column":23},"end":{"line":30,"column":null}},"loc":{"start":{"line":30,"column":19},"end":{"line":36,"column":69}},"line":30},"6":{"name":"(anonymous_6)","decl":{"start":{"line":33,"column":9},"end":{"line":33,"column":14}},"loc":{"start":{"line":33,"column":16},"end":{"line":33,"column":null}},"line":33}},"branchMap":{"0":{"loc":{"start":{"line":63,"column":2},"end":{"line":65,"column":null}},"type":"if","locations":[{"start":{"line":63,"column":2},"end":{"line":65,"column":null}},{"start":{},"end":{}}],"line":63},"1":{"loc":{"start":{"line":9,"column":6},"end":{"line":12,"column":11}},"type":"binary-expr","locations":[{"start":{"line":9,"column":6},"end":{"line":9,"column":15}},{"start":{"line":9,"column":6},"end":{"line":12,"column":11}}],"line":9},"2":{"loc":{"start":{"line":23,"column":12},"end":{"line":36,"column":69}},"type":"cond-expr","locations":[{"start":{"line":23,"column":24},"end":{"line":25,"column":null}},{"start":{"line":27,"column":4},"end":{"line":36,"column":69}}],"line":23}},"s":{"0":5,"1":5,"2":5,"3":8,"4":8,"5":5,"6":0,"7":5,"8":0,"9":5,"10":3,"11":3,"12":3,"13":3,"14":5,"15":1,"16":5,"17":1,"18":10,"19":5,"20":1},"f":{"0":8,"1":0,"2":0,"3":3,"4":1,"5":5,"6":1},"b":{"0":[3,0],"1":[10,5],"2":[5,5]},"meta":{"lastBranch":0,"lastFunction":0,"lastStatement":0,"seen":{}}}
,"C:\\Users\\MoonT\\ydjs\\frontend\\src\\views\\UserDetailView.vue": {"path":"C:\\Users\\MoonT\\ydjs\\frontend\\src\\views\\UserDetailView.vue","statementMap":{"0":{"start":{"line":79,"column":6},"end":{"line":79,"column":24}},"1":{"start":{"line":80,"column":6},"end":{"line":80,"column":26}},"2":{"start":{"line":81,"column":15},"end":{"line":81,"column":38}},"3":{"start":{"line":83,"column":6},"end":{"line":91,"column":2}},"4":{"start":{"line":93,"column":6},"end":{"line":93,"column":33}},"5":{"start":{"line":95,"column":21},"end":{"line":109,"column":null}},"6":{"start":{"line":96,"column":2},"end":{"line":109,"column":null}},"7":{"start":{"line":99,"column":4},"end":{"line":107,"column":null}},"8":{"start":{"line":109,"column":4},"end":{"line":109,"column":null}},"9":{"start":{"line":113,"column":22},"end":{"line":142,"column":null}},"10":{"start":{"line":114,"column":2},"end":{"line":142,"column":null}},"11":{"start":{"line":117,"column":4},"end":{"line":139,"column":null}},"12":{"start":{"line":118,"column":6},"end":{"line":139,"column":null}},"13":{"start":{"line":142,"column":4},"end":{"line":142,"column":null}},"14":{"start":{"line":146,"column":6},"end":{"line":147,"column":null}},"15":{"start":{"line":147,"column":2},"end":{"line":147,"column":null}},"16":{"start":{"line":150,"column":0},"end":{"line":153,"column":null}},"17":{"start":{"line":151,"column":2},"end":{"line":151,"column":null}},"18":{"start":{"line":152,"column":2},"end":{"line":152,"column":null}},"19":{"start":{"line":2,"column":7},"end":{"line":2,"column":36}},"20":{"start":{"line":23,"column":13},"end":{"line":23,"column":30}},"21":{"start":{"line":24,"column":11},"end":{"line":24,"column":35}},"22":{"start":{"line":31,"column":11},"end":{"line":31,"column":28}},"23":{"start":{"line":32,"column":12},"end":{"line":32,"column":28}},"24":{"start":{"line":35,"column":11},"end":{"line":35,"column":22}},"25":{"start":{"line":38,"column":11},"end":{"line":38,"column":27}},"26":{"start":{"line":50,"column":13},"end":{"line":50,"column":31}},"27":{"start":{"line":66,"column":16},"end":{"line":66,"column":33}},"28":{"start":{"line":2,"column":2},"end":{"line":66,"column":56}},"29":{"start":{"line":59,"column":8},"end":{"line":66,"column":56}}},"fnMap":{"0":{"name":"(anonymous_0)","decl":{"start":{"line":95,"column":21},"end":{"line":95,"column":33}},"loc":{"start":{"line":95,"column":33},"end":{"line":109,"column":null}},"line":95},"1":{"name":"(anonymous_1)","decl":{"start":{"line":113,"column":22},"end":{"line":113,"column":34}},"loc":{"start":{"line":113,"column":34},"end":{"line":142,"column":null}},"line":113},"2":{"name":"(anonymous_2)","decl":{"start":{"line":146,"column":6},"end":{"line":146,"column":21}},"loc":{"start":{"line":146,"column":21},"end":{"line":147,"column":null}},"line":146},"3":{"name":"(anonymous_3)","decl":{"start":{"line":150,"column":0},"end":{"line":150,"column":16}},"loc":{"start":{"line":150,"column":16},"end":{"line":153,"column":null}},"line":150},"4":{"name":"(anonymous_4)","decl":{"start":{"line":60,"column":25},"end":{"line":60,"column":null}},"loc":{"start":{"line":60,"column":21},"end":{"line":66,"column":56}},"line":60}},"branchMap":{"0":{"loc":{"start":{"line":117,"column":4},"end":{"line":139,"column":null}},"type":"if","locations":[{"start":{"line":117,"column":4},"end":{"line":139,"column":null}},{"start":{},"end":{}}],"line":117},"1":{"loc":{"start":{"line":8,"column":8},"end":{"line":18,"column":10}},"type":"binary-expr","locations":[{"start":{"line":8,"column":8},"end":{"line":8,"column":null}},{"start":{"line":8,"column":8},"end":{"line":18,"column":10}}],"line":8},"2":{"loc":{"start":{"line":18,"column":6},"end":{"line":20,"column":11}},"type":"binary-expr","locations":[{"start":{"line":18,"column":6},"end":{"line":18,"column":10}},{"start":{"line":18,"column":6},"end":{"line":20,"column":11}}],"line":18},"3":{"loc":{"start":{"line":26,"column":16},"end":{"line":26,"column":null}},"type":"binary-expr","locations":[{"start":{"line":26,"column":16},"end":{"line":26,"column":27}},{"start":{"line":26,"column":27},"end":{"line":26,"column":null}}],"line":26},"4":{"loc":{"start":{"line":33,"column":13},"end":{"line":33,"column":43}},"type":"binary-expr","locations":[{"start":{"line":33,"column":13},"end":{"line":33,"column":30}},{"start":{"line":33,"column":30},"end":{"line":33,"column":43}}],"line":33},"5":{"loc":{"start":{"line":42,"column":16},"end":{"line":45,"column":null}},"type":"cond-expr","locations":[{"start":{"line":42,"column":21},"end":{"line":45,"column":null}},{"start":{"line":45,"column":27},"end":{"line":45,"column":null}}],"line":42},"6":{"loc":{"start":{"line":69,"column":14},"end":{"line":51,"column":20}},"type":"binary-expr","locations":[{"start":{"line":69,"column":14},"end":{"line":69,"column":null}},{"start":{"line":69,"column":14},"end":{"line":51,"column":20}}],"line":69},"7":{"loc":{"start":{"line":53,"column":14},"end":{"line":66,"column":56}},"type":"cond-expr","locations":[{"start":{"line":53,"column":26},"end":{"line":55,"column":null}},{"start":{"line":57,"column":6},"end":{"line":66,"column":56}}],"line":53}},"s":{"0":4,"1":4,"2":4,"3":4,"4":4,"5":4,"6":4,"7":4,"8":0,"9":4,"10":4,"11":4,"12":0,"13":0,"14":4,"15":0,"16":4,"17":4,"18":4,"19":1,"20":1,"21":1,"22":1,"23":1,"24":1,"25":1,"26":1,"27":1,"28":8,"29":0},"f":{"0":4,"1":4,"2":0,"3":4,"4":0},"b":{"0":[0,4],"1":[8,4],"2":[8,4],"3":[8,4],"4":[8,4],"5":[4,4],"6":[8,4],"7":[8,0]},"meta":{"lastBranch":0,"lastFunction":0,"lastStatement":0,"seen":{}}}
}
